hr->dimension: 363
hr->size: 6054
>>> applicationer
>>> searcher 
<<< searcher 0.00464452s
>>> transer 
fud: 1
fud slice size: 6054
sized entropy label : 2653.77
sized conditional entropy: 1970.02
sized entropy decrease: 683.758
entropy variable: <scan,17>
<<< transer 0.000181701s
>>> slicer 
slice size: 1230
slice variable: <<<1,1>,s>,2>
<<< slicer 0.000104323s
>>> searcher 
<<< searcher 0.00330756s
>>> transer 
fud: 2
fud slice size: 1230
sized entropy label : 906.167
sized conditional entropy: 806.715
sized entropy decrease: 99.4519
entropy variable: <scan,73>
fud slice cardinality: 8
<<< transer 0.000246758s
>>> slicer 
slice size: 591
slice variable: <<<1,2>,s>,2>
<<< slicer 0.000105863s
>>> searcher 
<<< searcher 0.00223699s
>>> transer 
fud: 3
fud slice size: 591
sized entropy label : 406.09
sized conditional entropy: 359.274
sized entropy decrease: 46.8165
entropy variable: <scan,352>
fud slice cardinality: 8
<<< transer 0.000219041s
>>> slicer 
slice size: 1172
slice variable: <<<1,1>,s>,8>
<<< slicer 0.000100474s
>>> searcher 
<<< searcher 0.00242139s
>>> transer 
fud: 4
fud slice size: 1172
sized entropy label : 303.62
sized conditional entropy: 215.194
sized entropy decrease: 88.4267
entropy variable: <scan,332>
fud slice cardinality: 8
<<< transer 0.000227125s
>>> slicer 
slice size: 1185
slice variable: <<<1,1>,s>,3>
<<< slicer 0.000101244s
>>> searcher 
<<< searcher 0.00296995s
>>> transer 
fud: 5
fud slice size: 1185
sized entropy label : 278.685
sized conditional entropy: 215.662
sized entropy decrease: 63.0234
entropy variable: <scan,299>
fud slice cardinality: 8
<<< transer 0.00022905s
>>> slicer 
slice size: 321
slice variable: <<<1,3>,s>,2>
<<< slicer 0.000105863s
>>> searcher 
<<< searcher 0.0021319s
>>> transer 
fud: 6
fud slice size: 321
sized entropy label : 206.927
sized conditional entropy: 180.876
sized entropy decrease: 26.0505
entropy variable: <scan,148>
fud slice cardinality: 8
<<< transer 0.000220196s
>>> slicer 
slice size: 588
slice variable: <<<1,1>,s>,5>
<<< slicer 9.7394e-05s
>>> searcher 
<<< searcher 0.00215923s
>>> transer 
fud: 7
fud slice size: 588
sized entropy label : 144.986
sized conditional entropy: 90.2593
sized entropy decrease: 54.7266
entropy variable: <scan,328>
fud slice cardinality: 8
<<< transer 0.000216347s
>>> slicer 
slice size: 210
slice variable: <<<1,2>,s>,1>
<<< slicer 7.9301e-05s
>>> searcher 
<<< searcher 0.00182008s
>>> transer 
fud: 8
fud slice size: 210
sized entropy label : 141.711
sized conditional entropy: 114.74
sized entropy decrease: 26.9709
entropy variable: <scan,355>
fud slice cardinality: 8
<<< transer 0.000245988s
>>> slicer 
slice size: 853
slice variable: <<<1,1>,s>,4>
<<< slicer 9.7779e-05s
>>> searcher 
<<< searcher 0.0021242s
>>> transer 
fud: 9
fud slice size: 853
sized entropy label : 134.612
sized conditional entropy: 88.8598
sized entropy decrease: 45.7521
entropy variable: <scan,68>
fud slice cardinality: 8
<<< transer 0.000224046s
>>> slicer 
slice size: 227
slice variable: <<<1,2>,s>,3>
<<< slicer 9.9704e-05s
>>> searcher 
<<< searcher 0.00164608s
>>> transer 
fud: 10
fud slice size: 227
sized entropy label : 116.42
sized conditional entropy: 72.0375
sized entropy decrease: 44.382
entropy variable: <scan,315>
fud slice cardinality: 8
<<< transer 0.000219427s
>>> slicer 
slice size: 538
slice variable: <<<1,1>,s>,6>
<<< slicer 9.7394e-05s
>>> searcher 
<<< searcher 0.00194635s
>>> transer 
fud: 11
fud slice size: 538
sized entropy label : 102.102
sized conditional entropy: 69.637
sized entropy decrease: 32.4648
entropy variable: <scan,108>
fud slice cardinality: 8
<<< transer 0.000219426s
>>> slicer 
slice size: 133
slice variable: <<<1,3>,s>,3>
<<< slicer 0.000104324s
>>> searcher 
<<< searcher 0.00159758s
>>> transer 
fud: 12
fud slice size: 133
sized entropy label : 87.17
sized conditional entropy: 67.4821
sized entropy decrease: 19.6879
entropy variable: <scan,151>
fud slice cardinality: 8
<<< transer 0.000429613s
>>> slicer 
slice size: 439
slice variable: <<<1,1>,s>,7>
<<< slicer 0.000118182s
>>> searcher 
<<< searcher 0.00173963s
>>> transer 
fud: 13
fud slice size: 439
sized entropy label : 75.7484
sized conditional entropy: 42.7422
sized entropy decrease: 33.0061
entropy variable: <scan,333>
fud slice cardinality: 8
<<< transer 0.000235979s
>>> slicer 
slice size: 404
slice variable: <<<1,4>,s>,8>
<<< slicer 9.7394e-05s
>>> searcher 
<<< searcher 0.00175464s
>>> transer 
fud: 14
fud slice size: 404
sized entropy label : 71.3778
sized conditional entropy: 45.6114
sized entropy decrease: 25.7664
entropy variable: <scan,33>
fud slice cardinality: 8
<<< transer 0.000164762s
>>> slicer 
slice size: 82
slice variable: <<<1,2>,s>,4>
<<< slicer 7.4297e-05s
>>> searcher 
<<< searcher 0.00144013s
>>> transer 
fud: 15
fud slice size: 82
sized entropy label : 69.7247
sized conditional entropy: 37.8522
sized entropy decrease: 31.8724
entropy variable: <scan,46>
fud slice cardinality: 8
<<< transer 0.0002252s
>>> slicer 
slice size: 638
slice variable: <<<1,5>,s>,8>
<<< slicer 9.47e-05s
>>> searcher 
<<< searcher 0.00197137s
>>> transer 
fud: 16
fud slice size: 638
sized entropy label : 68.81
sized conditional entropy: 47.6608
sized entropy decrease: 21.1491
entropy variable: <scan,3>
fud slice cardinality: 8
<<< transer 0.000169767s
>>> slicer 
slice size: 90
slice variable: <<<1,4>,s>,2>
<<< slicer 7.8532e-05s
>>> searcher 
<<< searcher 0.00139432s
>>> transer 
fud: 17
fud slice size: 90
sized entropy label : 57.4095
sized conditional entropy: 34.1476
sized entropy decrease: 23.2619
entropy variable: <scan,190>
fud slice cardinality: 8
<<< transer 0.000218656s
>>> slicer 
slice size: 117
slice variable: <<<1,5>,s>,2>
<<< slicer 0.000104709s
>>> searcher 
<<< searcher 0.00148247s
>>> transer 
fud: 18
fud slice size: 117
sized entropy label : 56.1061
sized conditional entropy: 29.2399
sized entropy decrease: 26.8662
entropy variable: <scan,145>
fud slice cardinality: 8
<<< transer 0.000227511s
>>> slicer 
slice size: 85
slice variable: <<<1,6>,s>,2>
<<< slicer 0.000103938s
>>> searcher 
<<< searcher 0.00144359s
>>> transer 
fud: 19
fud slice size: 85
sized entropy label : 54.3513
sized conditional entropy: 38.7272
sized entropy decrease: 15.6241
entropy variable: <scan,305>
fud slice cardinality: 8
<<< transer 0.000170152s
>>> slicer 
slice size: 69
slice variable: <<<1,6>,s>,8>
<<< slicer 7.3142e-05s
>>> searcher 
<<< searcher 0.00135967s
>>> transer 
fud: 20
fud slice size: 69
sized entropy label : 45.1301
sized conditional entropy: 29.405
sized entropy decrease: 15.7251
entropy variable: <scan,303>
fud slice cardinality: 8
<<< transer 0.000329139s
>>> slicer 
slice size: 127
slice variable: <<<1,5>,s>,5>
<<< slicer 8.854e-05s
>>> searcher 
<<< searcher 0.0021319s
>>> transer 
fud: 21
fud slice size: 127
sized entropy label : 39.7869
sized conditional entropy: 22.3593
sized entropy decrease: 17.4276
entropy variable: <scan,348>
fud slice cardinality: 8
<<< transer 0.000164377s
>>> slicer 
slice size: 69
slice variable: <<<1,6>,s>,4>
<<< slicer 7.4682e-05s
>>> searcher 
<<< searcher 0.00147324s
>>> transer 
fud: 22
fud slice size: 69
sized entropy label : 35.1876
sized conditional entropy: 21.8968
sized entropy decrease: 13.2907
entropy variable: <scan,184>
fud slice cardinality: 8
<<< transer 0.00023059s
>>> slicer 
slice size: 55
slice variable: <<<1,6>,s>,3>
<<< slicer 0.000100474s
>>> searcher 
<<< searcher 0.00143551s
>>> transer 
fud: 23
fud slice size: 55
sized entropy label : 32.6014
sized conditional entropy: 20.8606
sized entropy decrease: 11.7408
entropy variable: <scan,305>
fud slice cardinality: 8
<<< transer 0.00027332s
>>> slicer 
slice size: 153
slice variable: <<<1,4>,s>,3>
<<< slicer 9.47e-05s
>>> searcher 
<<< searcher 0.00144552s
>>> transer 
fud: 24
fud slice size: 153
sized entropy label : 31.5323
sized conditional entropy: 13.4039
sized entropy decrease: 18.1284
entropy variable: <scan,43>
fud slice cardinality: 8
<<< transer 0.000195558s
>>> slicer 
slice size: 58
slice variable: <<<1,17>,s>,8>
<<< slicer 7.3142e-05s
>>> searcher 
<<< searcher 0.00131771s
>>> transer 
fud: 25
fud slice size: 58
sized entropy label : 31.2572
sized conditional entropy: 15.5248
sized entropy decrease: 15.7324
entropy variable: <scan,9>
fud slice cardinality: 8
<<< transer 0.00022905s
>>> slicer 
slice size: 55
slice variable: <<<1,2>,s>,8>
<<< slicer 8.777e-05s
>>> searcher 
<<< searcher 0.00143281s
>>> transer 
fud: 26
fud slice size: 55
sized entropy label : 31.0238
sized conditional entropy: 14.1217
sized entropy decrease: 16.9021
entropy variable: <scan,108>
fud slice cardinality: 8
<<< transer 0.000180931s
>>> slicer 
slice size: 48
slice variable: <<<1,3>,s>,8>
<<< slicer 7.6222e-05s
>>> searcher 
<<< searcher 0.00137892s
>>> transer 
fud: 27
fud slice size: 48
sized entropy label : 30.4486
sized conditional entropy: 15.8911
sized entropy decrease: 14.5574
entropy variable: <scan,358>
fud slice cardinality: 8
<<< transer 0.000246758s
>>> slicer 
slice size: 41
slice variable: <<<1,10>,s>,2>
<<< slicer 0.000101629s
>>> searcher 
<<< searcher 0.00140856s
>>> transer 
fud: 28
fud slice size: 41
sized entropy label : 28.1836
sized conditional entropy: 10.7154
sized entropy decrease: 17.4682
entropy variable: <scan,58>
fud slice cardinality: 8
<<< transer 0.000234824s
>>> slicer 
slice size: 236
slice variable: <<<1,7>,s>,8>
<<< slicer 0.000105479s
>>> searcher 
<<< searcher 0.00169035s
>>> transer 
fud: 29
fud slice size: 236
sized entropy label : 27.9314
sized conditional entropy: 8.77338
sized entropy decrease: 19.1581
entropy variable: <scan,36>
fud slice cardinality: 8
<<< transer 0.000166687s
>>> slicer 
slice size: 43
slice variable: <<<1,10>,s>,3>
<<< slicer 8.7e-05s
>>> searcher 
<<< searcher 0.00138431s
>>> transer 
fud: 30
fud slice size: 43
sized entropy label : 27.6818
sized conditional entropy: 17.3
sized entropy decrease: 10.3818
entropy variable: <scan,328>
fud slice cardinality: 8
<<< transer 0.000233284s
>>> slicer 
slice size: 115
slice variable: <<<1,5>,s>,4>
<<< slicer 0.000104709s
>>> searcher 
<<< searcher 0.00151789s
>>> transer 
fud: 31
fud slice size: 115
sized entropy label : 26.4491
sized conditional entropy: 12.8594
sized entropy decrease: 13.5897
entropy variable: <scan,232>
fud slice cardinality: 8
<<< transer 0.000179005s
>>> slicer 
slice size: 41
slice variable: <<<1,8>,s>,2>
<<< slicer 7.8916e-05s
>>> searcher 
<<< searcher 0.00130809s
>>> transer 
fud: 32
fud slice size: 41
sized entropy label : 25.3587
sized conditional entropy: 11.6387
sized entropy decrease: 13.7201
entropy variable: <scan,171>
fud slice cardinality: 8
<<< transer 0.00023213s
>>> slicer 
slice size: 49
slice variable: <<<1,1>,s>,1>
<<< slicer 9.7779e-05s
>>> searcher 
<<< searcher 0.00138084s
>>> transer 
fud: 33
fud slice size: 49
sized entropy label : 24.0952
sized conditional entropy: 0
sized entropy decrease: 24.0952
entropy variable: <scan,32>
fud slice cardinality: 8
<<< transer 0.000226356s
>>> slicer 
slice size: 294
slice variable: <<<1,11>,s>,2>
<<< slicer 9.9319e-05s
>>> searcher 
<<< searcher 0.00153714s
>>> transer 
fud: 34
fud slice size: 294
sized entropy label : 23.5962
sized conditional entropy: 8.00637
sized entropy decrease: 15.5899
entropy variable: <scan,1>
fud slice cardinality: 8
<<< transer 0.000162452s
>>> slicer 
slice size: 46
slice variable: <<<1,18>,s>,4>
<<< slicer 7.6607e-05s
>>> searcher 
<<< searcher 0.00131232s
>>> transer 
fud: 35
fud slice size: 46
sized entropy label : 23.0174
sized conditional entropy: 8.76951
sized entropy decrease: 14.2479
entropy variable: <scan,360>
fud slice cardinality: 8
<<< transer 0.000242139s
>>> slicer 
slice size: 36
slice variable: <<<1,8>,s>,4>
<<< slicer 8.9695e-05s
>>> searcher 
<<< searcher 0.00137161s
>>> transer 
fud: 36
fud slice size: 36
sized entropy label : 22.7122
sized conditional entropy: 13.1789
sized entropy decrease: 9.53333
entropy variable: <scan,284>
fud slice cardinality: 8
<<< transer 0.000180545s
>>> slicer 
slice size: 48
slice variable: <<<1,3>,s>,4>
<<< slicer 7.7376e-05s
>>> searcher 
<<< searcher 0.0013512s
>>> transer 
fud: 37
fud slice size: 48
sized entropy label : 22.6013
sized conditional entropy: 12.1242
sized entropy decrease: 10.4771
entropy variable: <scan,279>
fud slice cardinality: 8
<<< transer 0.000342998s
>>> slicer 
slice size: 37
slice variable: <<<1,7>,s>,5>
<<< slicer 9.9705e-05s
>>> searcher 
<<< searcher 0.00138084s
>>> transer 
fud: 38
fud slice size: 37
sized entropy label : 22.2226
sized conditional entropy: 6.22258
sized entropy decrease: 16
entropy variable: <scan,257>
fud slice cardinality: 8
<<< transer 0.000227125s
>>> slicer 
slice size: 34
slice variable: <<<1,12>,s>,3>
<<< slicer 9.3545e-05s
>>> searcher 
<<< searcher 0.00148363s
>>> transer 
fud: 39
fud slice size: 34
sized entropy label : 21.3417
sized conditional entropy: 10.1811
sized entropy decrease: 11.1606
entropy variable: <scan,336>
fud slice cardinality: 8
<<< transer 0.00022289s
>>> slicer 
slice size: 56
slice variable: <<<1,16>,s>,5>
<<< slicer 9.932e-05s
>>> searcher 
<<< searcher 0.00140394s
>>> transer 
fud: 40
fud slice size: 56
sized entropy label : 21.0743
sized conditional entropy: 10.1844
sized entropy decrease: 10.8898
entropy variable: <scan,95>
fud slice cardinality: 8
<<< transer 0.000224431s
>>> slicer 
slice size: 35
slice variable: <<<1,15>,s>,3>
<<< slicer 9.316e-05s
>>> searcher 
<<< searcher 0.00141395s
>>> transer 
fud: 41
fud slice size: 35
sized entropy label : 19.0282
sized conditional entropy: 5.59842
sized entropy decrease: 13.4297
entropy variable: <scan,188>
fud slice cardinality: 8
<<< transer 0.000168997s
>>> slicer 
slice size: 35
slice variable: <<<1,12>,s>,8>
<<< slicer 7.5837e-05s
>>> searcher 
<<< searcher 0.00136006s
>>> transer 
fud: 42
fud slice size: 35
sized entropy label : 19.0282
sized conditional entropy: 8.83054
sized entropy decrease: 10.1976
entropy variable: <scan,188>
fud slice cardinality: 8
<<< transer 0.000215961s
>>> slicer 
slice size: 30
slice variable: <<<1,23>,s>,8>
<<< slicer 9.855e-05s
>>> searcher 
<<< searcher 0.0013666s
>>> transer 
fud: 43
fud slice size: 30
sized entropy label : 17.816
sized conditional entropy: 9.8061
sized entropy decrease: 8.00995
entropy variable: <scan,323>
fud slice cardinality: 8
<<< transer 0.000164377s
>>> slicer 
slice size: 33
slice variable: <<<1,8>,s>,5>
<<< slicer 7.4682e-05s
>>> searcher 
<<< searcher 0.00135236s
>>> transer 
fud: 44
fud slice size: 33
sized entropy label : 17.4679
sized conditional entropy: 8.66129
sized entropy decrease: 8.80662
entropy variable: <scan,167>
fud slice cardinality: 8
<<< transer 0.00018016s
>>> slicer 
slice size: 81
slice variable: <<<1,4>,s>,6>
<<< slicer 9.316e-05s
>>> searcher 
<<< searcher 0.00137738s
>>> transer 
fud: 45
fud slice size: 81
sized entropy label : 17.0589
sized conditional entropy: 4.43082
sized entropy decrease: 12.6281
entropy variable: <scan,30>
fud slice cardinality: 8
<<< transer 0.000225971s
>>> slicer 
slice size: 22
slice variable: <<<1,2>,s>,6>
<<< slicer 0.000106633s
>>> searcher 
<<< searcher 0.001387s
>>> transer 
fud: 46
fud slice size: 22
sized entropy label : 16.7007
sized conditional entropy: 2.89037
sized entropy decrease: 13.8103
entropy variable: <scan,224>
fud slice cardinality: 8
<<< transer 0.000224045s
>>> slicer 
slice size: 145
slice variable: <<<1,4>,s>,5>
<<< slicer 0.000100089s
>>> searcher 
<<< searcher 0.00148671s
>>> transer 
fud: 47
fud slice size: 145
sized entropy label : 16.6872
sized conditional entropy: 2.99573
sized entropy decrease: 13.6914
entropy variable: <scan,36>
fud slice cardinality: 8
<<< transer 0.00022366s
>>> slicer 
slice size: 30
slice variable: <<<1,8>,s>,3>
<<< slicer 8.2766e-05s
>>> searcher 
<<< searcher 0.00139085s
>>> transer 
fud: 48
fud slice size: 30
sized entropy label : 16.4763
sized conditional entropy: 7.49554
sized entropy decrease: 8.98073
entropy variable: <scan,300>
fud slice cardinality: 8
<<< transer 0.000164377s
>>> slicer 
slice size: 28
slice variable: <<<1,12>,s>,2>
<<< slicer 7.5452e-05s
>>> searcher 
<<< searcher 0.00133427s
>>> transer 
fud: 49
fud slice size: 28
sized entropy label : 16.3899
sized conditional entropy: 7.32119
sized entropy decrease: 9.0687
entropy variable: <scan,278>
fud slice cardinality: 8
<<< transer 0.000214037s
>>> slicer 
slice size: 94
slice variable: <<<1,9>,s>,5>
<<< slicer 9.547e-05s
>>> searcher 
<<< searcher 0.00151019s
>>> transer 
fud: 50
fud slice size: 94
sized entropy label : 16.3168
sized conditional entropy: 4.27667
sized entropy decrease: 12.0401
entropy variable: <scan,212>
fud slice cardinality: 8
<<< transer 0.000216346s
>>> slicer 
slice size: 29
slice variable: <<<1,8>,s>,8>
<<< slicer 0.000105479s
>>> searcher 
<<< searcher 0.00136198s
>>> transer 
fud: 51
fud slice size: 29
sized entropy label : 16.1196
sized conditional entropy: 8.84362
sized entropy decrease: 7.27598
entropy variable: <scan,142>
fud slice cardinality: 8
<<< transer 0.000218272s
>>> slicer 
slice size: 368
slice variable: <<<1,9>,s>,2>
<<< slicer 0.000104323s
>>> searcher 
<<< searcher 0.00166186s
>>> transer 
fud: 52
fud slice size: 368
sized entropy label : 15.9243
sized conditional entropy: 5.34711
sized entropy decrease: 10.5772
entropy variable: <scan,182>
fud slice cardinality: 8
<<< transer 0.000222891s
>>> slicer 
slice size: 30
slice variable: <<<1,2>,s>,5>
<<< slicer 0.000106633s
>>> searcher 
<<< searcher 0.00140895s
>>> transer 
fud: 53
fud slice size: 30
sized entropy label : 15.5825
sized conditional entropy: 5.49306
sized entropy decrease: 10.0894
entropy variable: <scan,175>
fud slice cardinality: 8
<<< transer 0.000164762s
>>> slicer 
slice size: 101
slice variable: <<<1,16>,s>,8>
<<< slicer 7.8146e-05s
>>> searcher 
<<< searcher 0.0014255s
>>> transer 
fud: 54
fud slice size: 101
sized entropy label : 15.2223
sized conditional entropy: 4.18965
sized entropy decrease: 11.0327
entropy variable: <scan,117>
fud slice cardinality: 8
<<< transer 0.000160527s
>>> slicer 
slice size: 260
slice variable: <<<1,13>,s>,8>
<<< slicer 7.4297e-05s
>>> searcher 
<<< searcher 0.00197099s
>>> transer 
fud: 55
fud slice size: 260
sized entropy label : 14.8787
sized conditional entropy: 3.13549
sized entropy decrease: 11.7432
entropy variable: <scan,30>
fud slice cardinality: 8
<<< transer 0.000216732s
>>> slicer 
slice size: 208
slice variable: <<<1,4>,s>,4>
<<< slicer 7.7762e-05s
>>> searcher 
<<< searcher 0.00153521s
>>> transer 
fud: 56
fud slice size: 208
sized entropy label : 14.2064
sized conditional entropy: 2.30259
sized entropy decrease: 11.9038
entropy variable: <scan,292>
fud slice cardinality: 8
<<< transer 0.000216347s
>>> slicer 
slice size: 34
slice variable: <<<1,7>,s>,2>
<<< slicer 0.000101629s
>>> searcher 
<<< searcher 0.00135467s
>>> transer 
fud: 57
fud slice size: 34
sized entropy label : 14.1457
sized conditional entropy: 1.79176
sized entropy decrease: 12.354
entropy variable: <scan,351>
fud slice cardinality: 8
<<< transer 0.000251763s
>>> slicer 
slice size: 139
slice variable: <<<1,14>,s>,8>
<<< slicer 9.8934e-05s
>>> searcher 
<<< searcher 0.00146669s
>>> transer 
fud: 58
fud slice size: 139
sized entropy label : 14.0886
sized conditional entropy: 0
sized entropy decrease: 14.0886
entropy variable: <scan,352>
fud slice cardinality: 8
<<< transer 0.00023213s
>>> slicer 
slice size: 121
slice variable: <<<1,9>,s>,4>
<<< slicer 0.000104708s
>>> searcher 
<<< searcher 0.00150788s
>>> transer 
fud: 59
fud slice size: 121
sized entropy label : 13.6693
sized conditional entropy: 2.30259
sized entropy decrease: 11.3667
entropy variable: <scan,305>
fud slice cardinality: 8
<<< transer 0.000177851s
>>> slicer 
slice size: 22
slice variable: <<<1,19>,s>,3>
<<< slicer 7.5837e-05s
>>> searcher 
<<< searcher 0.0012746s
>>> transer 
fud: 60
fud slice size: 22
sized entropy label : 12.6754
sized conditional entropy: 5.29832
sized entropy decrease: 7.37704
entropy variable: <scan,292>
fud slice cardinality: 8
<<< transer 0.000224046s
>>> slicer 
slice size: 26
slice variable: <<<1,19>,s>,8>
<<< slicer 0.000102399s
>>> searcher 
<<< searcher 0.00134427s
>>> transer 
fud: 61
fud slice size: 26
sized entropy label : 12.3468
sized conditional entropy: 6.7334
sized entropy decrease: 5.61343
entropy variable: <scan,262>
fud slice cardinality: 8
<<< transer 0.000165917s
>>> slicer 
slice size: 21
slice variable: <<<1,14>,s>,2>
<<< slicer 8.1996e-05s
>>> searcher 
<<< searcher 0.0012923s
>>> transer 
fud: 62
fud slice size: 21
sized entropy label : 12.2234
sized conditional entropy: 4.09434
sized entropy decrease: 8.12903
entropy variable: <scan,232>
fud slice cardinality: 8
<<< transer 0.00022982s
>>> slicer 
slice size: 43
slice variable: <<<1,11>,s>,1>
<<< slicer 0.000109713s
>>> searcher 
<<< searcher 0.00139162s
>>> transer 
fud: 63
fud slice size: 43
sized entropy label : 11.7233
sized conditional entropy: 5.19296
sized entropy decrease: 6.53031
entropy variable: <scan,32>
fud slice cardinality: 8
<<< transer 0.000175541s
>>> slicer 
slice size: 19
slice variable: <<<1,11>,s>,4>
<<< slicer 7.6606e-05s
>>> searcher 
<<< searcher 0.00136545s
>>> transer 
fud: 64
fud slice size: 19
sized entropy label : 11.6638
sized conditional entropy: 0
sized entropy decrease: 11.6638
entropy variable: <scan,328>
fud slice cardinality: 8
<<< transer 0.000168612s
>>> slicer 
slice size: 21
slice variable: <<<1,21>,s>,8>
<<< slicer 8.8925e-05s
>>> searcher 
<<< searcher 0.0013258s
>>> transer 
fud: 65
fud slice size: 21
sized entropy label : 11.6638
sized conditional entropy: 5.52943
sized entropy decrease: 6.13433
entropy variable: <scan,6>
fud slice cardinality: 8
<<< transer 0.000220196s
>>> slicer 
slice size: 19
slice variable: <<<1,9>,s>,1>
<<< slicer 0.000107018s
>>> searcher 
<<< searcher 0.0013693s
>>> transer 
fud: 66
fud slice size: 19
sized entropy label : 11.4336
sized conditional entropy: 2.77259
sized entropy decrease: 8.66106
entropy variable: <scan,167>
fud slice cardinality: 8
<<< transer 0.000165917s
>>> slicer 
slice size: 20
slice variable: <<<1,8>,s>,6>
<<< slicer 8.1226e-05s
>>> searcher 
<<< searcher 0.00130501s
>>> transer 
fud: 67
fud slice size: 20
sized entropy label : 11.2583
sized conditional entropy: 5.85793
sized entropy decrease: 5.40036
entropy variable: <scan,216>
fud slice cardinality: 8
<<< transer 0.000229435s
>>> slicer 
slice size: 19
slice variable: <<<1,36>,s>,5>
<<< slicer 0.000108173s
>>> searcher 
<<< searcher 0.00135043s
>>> transer 
fud: 68
fud slice size: 19
sized entropy label : 11.233
sized conditional entropy: 5.37528
sized entropy decrease: 5.8577
entropy variable: <scan,212>
fud slice cardinality: 8
<<< transer 0.000331448s
>>> slicer 
slice size: 22
slice variable: <<<1,19>,s>,4>
<<< slicer 8.2766e-05s
>>> searcher 
<<< searcher 0.00134158s
>>> transer 
fud: 69
fud slice size: 22
sized entropy label : 11.2201
sized conditional entropy: 2.99573
sized entropy decrease: 8.22434
entropy variable: <scan,181>
fud slice cardinality: 8
<<< transer 0.000173232s
>>> slicer 
slice size: 24
slice variable: <<<1,22>,s>,8>
<<< slicer 7.5452e-05s
>>> searcher 
<<< searcher 0.00136699s
>>> transer 
fud: 70
fud slice size: 24
sized entropy label : 10.6574
sized conditional entropy: 3.29584
sized entropy decrease: 7.36152
entropy variable: <scan,237>
fud slice cardinality: 8
<<< transer 0.000219427s
>>> slicer 
slice size: 61
slice variable: <<<1,5>,s>,6>
<<< slicer 8.1996e-05s
>>> searcher 
<<< searcher 0.00142627s
>>> transer 
fud: 71
fud slice size: 61
sized entropy label : 10.491
sized conditional entropy: 3.04452
sized entropy decrease: 7.44647
entropy variable: <scan,252>
fud slice cardinality: 8
<<< transer 0.000182085s
>>> slicer 
slice size: 23
slice variable: <<<1,30>,s>,2>
<<< slicer 8.2766e-05s
>>> searcher 
<<< searcher 0.00132002s
>>> transer 
fud: 72
fud slice size: 23
sized entropy label : 10.4237
sized conditional entropy: 2.48491
sized entropy decrease: 7.93883
entropy variable: <scan,235>
fud slice cardinality: 8
<<< transer 0.000332219s
>>> slicer 
slice size: 17
slice variable: <<<1,5>,s>,1>
<<< slicer 0.000110868s
>>> searcher 
<<< searcher 0.00127306s
>>> transer 
fud: 73
fud slice size: 17
sized entropy label : 9.8755
sized conditional entropy: 2.70805
sized entropy decrease: 7.16745
entropy variable: <scan,213>
fud slice cardinality: 8
<<< transer 0.000226356s
>>> slicer 
slice size: 47
slice variable: <<<1,10>,s>,4>
<<< slicer 9.1235e-05s
>>> searcher 
<<< searcher 0.00137507s
>>> transer 
fud: 74
fud slice size: 47
sized entropy label : 9.69369
sized conditional entropy: 2.48491
sized entropy decrease: 7.20879
entropy variable: <scan,243>
fud slice cardinality: 8
<<< transer 0.000161683s
>>> slicer 
slice size: 47
slice variable: <<<1,7>,s>,4>
<<< slicer 7.6222e-05s
>>> searcher 
<<< searcher 0.00136737s
>>> transer 
fud: 75
fud slice size: 47
sized entropy label : 9.69369
sized conditional entropy: -1.42109e-14
sized entropy decrease: 9.69369
entropy variable: <scan,255>
fud slice cardinality: 8
<<< transer 0.000225201s
>>> slicer 
slice size: 32
slice variable: <<<1,13>,s>,7>
<<< slicer 0.000102399s
>>> searcher 
<<< searcher 0.00135582s
>>> transer 
fud: 76
fud slice size: 32
sized entropy label : 9.60777
sized conditional entropy: 0.693147
sized entropy decrease: 8.91463
entropy variable: <scan,32>
fud slice cardinality: 8
<<< transer 0.000171307s
>>> slicer 
slice size: 31
slice variable: <<<1,9>,s>,6>
<<< slicer 8.2381e-05s
>>> searcher 
<<< searcher 0.00130347s
>>> transer 
fud: 77
fud slice size: 31
sized entropy label : 9.50933
sized conditional entropy: 1.79176
sized entropy decrease: 7.71757
entropy variable: <scan,117>
fud slice cardinality: 8
<<< transer 0.000219811s
>>> slicer 
slice size: 13
slice variable: <<<1,2>,s>,7>
<<< slicer 0.000109713s
>>> searcher 
<<< searcher 0.00132272s
>>> transer 
fud: 78
fud slice size: 13
sized entropy label : 9.46265
sized conditional entropy: -1.77636e-15
sized entropy decrease: 9.46265
entropy variable: <scan,320>
fud slice cardinality: 8
<<< transer 0.000228666s
>>> slicer 
slice size: 134
slice variable: <<<1,9>,s>,3>
<<< slicer 0.000104323s
>>> searcher 
<<< searcher 0.00145784s
>>> transer 
fud: 79
fud slice size: 134
sized entropy label : 9.09504
sized conditional entropy: 1.60944
sized entropy decrease: 7.4856
entropy variable: <scan,272>
fud slice cardinality: 8
<<< transer 0.000161683s
>>> slicer 
slice size: 23
slice variable: <<<1,27>,s>,8>
<<< slicer 8.1611e-05s
>>> searcher 
<<< searcher 0.00133465s
>>> transer 
fud: 80
fud slice size: 23
sized entropy label : 9.08874
sized conditional entropy: -7.10543e-15
sized entropy decrease: 9.08874
entropy variable: <scan,156>
fud slice cardinality: 8
<<< transer 0.000222121s
>>> slicer 
slice size: 38
slice variable: <<<1,9>,s>,8>
<<< slicer 0.000107018s
>>> searcher 
<<< searcher 0.00134466s
>>> transer 
fud: 81
fud slice size: 38
sized entropy label : 9.04026
sized conditional entropy: -7.10543e-15
sized entropy decrease: 9.04026
entropy variable: <scan,32>
fud slice cardinality: 8
<<< transer 0.000178236s
>>> slicer 
slice size: 15
slice variable: <<<1,28>,s>,2>
<<< slicer 8.2766e-05s
>>> searcher 
<<< searcher 0.00130616s
>>> transer 
fud: 82
fud slice size: 15
sized entropy label : 8.76951
sized conditional entropy: 2.30259
sized entropy decrease: 6.46692
entropy variable: <scan,214>
fud slice cardinality: 8
<<< transer 0.00022751s
>>> slicer 
slice size: 15
slice variable: <<<1,6>,s>,5>
<<< slicer 0.000124342s
>>> searcher 
<<< searcher 0.00134966s
>>> transer 
fud: 83
fud slice size: 15
sized entropy label : 8.76951
sized conditional entropy: 1.79176
sized entropy decrease: 6.97775
entropy variable: <scan,296>
fud slice cardinality: 8
<<< transer 0.00023136s
>>> slicer 
slice size: 13
slice variable: <<<1,35>,s>,2>
<<< slicer 0.000113947s
>>> searcher 
<<< searcher 0.00127999s
>>> transer 
fud: 84
fud slice size: 13
sized entropy label : 8.76951
sized conditional entropy: 2.07944
sized entropy decrease: 6.69007
entropy variable: <scan,39>
fud slice cardinality: 8
<<< transer 0.000160528s
>>> slicer 
slice size: 23
slice variable: <<<1,13>,s>,6>
<<< slicer 7.6606e-05s
>>> searcher 
<<< searcher 0.00127421s
>>> transer 
fud: 85
fud slice size: 23
sized entropy label : 8.57791
sized conditional entropy: 0
sized entropy decrease: 8.57791
entropy variable: <scan,28>
fud slice cardinality: 8
<<< transer 0.000220966s
>>> slicer 
slice size: 20
slice variable: <<<1,11>,s>,8>
<<< slicer 0.000105478s
>>> searcher 
<<< searcher 0.00130385s
>>> transer 
fud: 86
fud slice size: 20
sized entropy label : 8.4857
sized conditional entropy: 1.79176
sized entropy decrease: 6.69394
entropy variable: <scan,160>
fud slice cardinality: 8
<<< transer 0.000166302s
>>> slicer 
slice size: 65
slice variable: <<<1,11>,s>,3>
<<< slicer 8.2381e-05s
>>> searcher 
<<< searcher 0.00133696s
>>> transer 
fud: 87
fud slice size: 65
sized entropy label : 8.33327
sized conditional entropy: 1.38629
sized entropy decrease: 6.94698
entropy variable: <scan,7>
fud slice cardinality: 8
<<< transer 0.000219426s
>>> slicer 
slice size: 29
slice variable: <<<1,25>,s>,8>
<<< slicer 0.000105864s
>>> searcher 
<<< searcher 0.00142281s
>>> transer 
fud: 88
fud slice size: 29
sized entropy label : 8.20358
sized conditional entropy: 0
sized entropy decrease: 8.20358
entropy variable: <scan,220>
fud slice cardinality: 8
<<< transer 0.000232515s
>>> slicer 
slice size: 71
slice variable: <<<1,14>,s>,3>
<<< slicer 9.8165e-05s
>>> searcher 
<<< searcher 0.00142704s
>>> transer 
fud: 89
fud slice size: 71
sized entropy label : 7.81803
sized conditional entropy: 0
sized entropy decrease: 7.81803
entropy variable: <scan,88>
fud slice cardinality: 8
<<< transer 0.000162838s
>>> slicer 
slice size: 14
slice variable: <<<1,22>,s>,7>
<<< slicer 7.6222e-05s
>>> searcher 
<<< searcher 0.00126805s
>>> transer 
fud: 90
fud slice size: 14
sized entropy label : 7.6019
sized conditional entropy: 1.09861
sized entropy decrease: 6.50329
entropy variable: <scan,315>
fud slice cardinality: 8
<<< transer 0.00022982s
>>> slicer 
slice size: 63
slice variable: <<<1,7>,s>,6>
<<< slicer 0.000105863s
>>> searcher 
<<< searcher 0.00162221s
>>> transer 
fud: 91
fud slice size: 63
sized entropy label : 7.57712
sized conditional entropy: 0.693147
sized entropy decrease: 6.88397
entropy variable: <scan,266>
fud slice cardinality: 8
<<< transer 0.000169766s
>>> slicer 
slice size: 57
slice variable: <<<1,16>,s>,6>
<<< slicer 8.392e-05s
>>> searcher 
<<< searcher 0.00135043s
>>> transer 
fud: 92
fud slice size: 57
sized entropy label : 7.37526
sized conditional entropy: 1.94591
sized entropy decrease: 5.42935
entropy variable: <scan,217>
fud slice cardinality: 8
<<< transer 0.000230205s
>>> slicer 
slice size: 57
slice variable: <<<1,13>,s>,5>
<<< slicer 0.000106249s
>>> searcher 
<<< searcher 0.00141819s
>>> transer 
fud: 93
fud slice size: 57
sized entropy label : 7.37526
sized conditional entropy: 0
sized entropy decrease: 7.37526
entropy variable: <scan,346>
fud slice cardinality: 8
<<< transer 0.000218271s
>>> slicer 
slice size: 10
slice variable: <<<1,15>,s>,4>
<<< slicer 0.000109328s
>>> searcher 
<<< searcher 0.0013104s
>>> transer 
fud: 94
fud slice size: 10
sized entropy label : 7.13887
sized conditional entropy: 0
sized entropy decrease: 7.13887
entropy variable: <scan,238>
fud slice cardinality: 8
<<< transer 0.00027871s
>>> slicer 
slice size: 20
slice variable: <<<1,42>,s>,8>
<<< slicer 7.5837e-05s
>>> searcher 
<<< searcher 0.00129192s
>>> transer 
fud: 95
fud slice size: 20
sized entropy label : 7.03878
sized conditional entropy: 1.09861
sized entropy decrease: 5.94017
entropy variable: <scan,140>
fud slice cardinality: 8
<<< transer 0.000224046s
>>> slicer 
slice size: 19
slice variable: <<<1,30>,s>,3>
<<< slicer 9.5854e-05s
>>> searcher 
<<< searcher 0.00130655s
>>> transer 
fud: 96
fud slice size: 19
sized entropy label : 6.87626
sized conditional entropy: 0
sized entropy decrease: 6.87626
entropy variable: <scan,218>
fud slice cardinality: 8
<<< transer 0.000168227s
>>> slicer 
slice size: 44
slice variable: <<<1,40>,s>,1>
<<< slicer 8.1996e-05s
>>> searcher 
<<< searcher 0.00132503s
>>> transer 
fud: 97
fud slice size: 44
sized entropy label : 6.85224
sized conditional entropy: 1.09861
sized entropy decrease: 5.75363
entropy variable: <scan,4>
fud slice cardinality: 8
<<< transer 0.000223275s
>>> slicer 
slice size: 18
slice variable: <<<1,24>,s>,2>
<<< slicer 0.000108944s
>>> searcher 
<<< searcher 0.00130347s
>>> transer 
fud: 98
fud slice size: 18
sized entropy label : 6.70441
sized conditional entropy: 1.09861
sized entropy decrease: 5.6058
entropy variable: <scan,305>
fud slice cardinality: 8
<<< transer 0.000219426s
>>> slicer 
slice size: 18
slice variable: <<<1,20>,s>,8>
<<< slicer 0.000115103s
>>> searcher 
<<< searcher 0.00133157s
>>> transer 
fud: 99
fud slice size: 18
sized entropy label : 6.70441
sized conditional entropy: 2.19722
sized entropy decrease: 4.50719
entropy variable: <scan,260>
fud slice cardinality: 8
<<< transer 0.000220196s
>>> slicer 
slice size: 29
slice variable: <<<1,24>,s>,8>
<<< slicer 0.000109713s
>>> searcher 
<<< searcher 0.00155869s
>>> transer 
fud: 100
fud slice size: 29
sized entropy label : 6.6995
sized conditional entropy: 0
sized entropy decrease: 6.6995
entropy variable: <scan,96>
fud slice cardinality: 8
<<< transer 0.0002329s
>>> slicer 
slice size: 16
slice variable: <<<1,3>,s>,5>
<<< slicer 9.0465e-05s
>>> searcher 
<<< searcher 0.00135159s
>>> transer 
fud: 101
fud slice size: 16
sized entropy label : 6.32794
sized conditional entropy: 0
sized entropy decrease: 6.32794
entropy variable: <scan,224>
fud slice cardinality: 8
<<< transer 0.00018401s
>>> slicer 
slice size: 12
slice variable: <<<1,15>,s>,2>
<<< slicer 8.2766e-05s
>>> searcher 
<<< searcher 0.00131232s
>>> transer 
fud: 102
fud slice size: 12
sized entropy label : 6.20456
sized conditional entropy: 0
sized entropy decrease: 6.20456
entropy variable: <scan,116>
fud slice cardinality: 8
<<< transer 0.000231745s
>>> slicer 
slice size: 11
slice variable: <<<1,26>,s>,3>
<<< slicer 0.000112023s
>>> searcher 
<<< searcher 0.00132964s
>>> transer 
fud: 103
fud slice size: 11
sized entropy label : 6.13556
sized conditional entropy: 0.693147
sized entropy decrease: 5.44242
entropy variable: <scan,273>
fud slice cardinality: 8
<<< transer 0.000227125s
>>> slicer 
slice size: 15
slice variable: <<<1,37>,s>,8>
<<< slicer 0.000113948s
>>> searcher 
<<< searcher 0.00131579s
>>> transer 
fud: 104
fud slice size: 15
sized entropy label : 6.1203
sized conditional entropy: 1.77636e-15
sized entropy decrease: 6.1203
entropy variable: <scan,160>
fud slice cardinality: 8
<<< transer 0.00018786s
>>> slicer 
slice size: 14
slice variable: <<<1,31>,s>,5>
<<< slicer 7.6607e-05s
>>> searcher 
<<< searcher 0.00129115s
>>> transer 
fud: 105
fud slice size: 14
sized entropy label : 5.89715
sized conditional entropy: 0
sized entropy decrease: 5.89715
entropy variable: <scan,68>
fud slice cardinality: 8
<<< transer 0.000241368s
>>> slicer 
slice size: 14
slice variable: <<<1,20>,s>,6>
<<< slicer 0.000113563s
>>> searcher 
<<< searcher 0.00131925s
>>> transer 
fud: 106
fud slice size: 14
sized entropy label : 5.89715
sized conditional entropy: 1.09861
sized entropy decrease: 4.79854
entropy variable: <scan,128>
fud slice cardinality: 8
<<< transer 0.00018478s
>>> slicer 
slice size: 19
slice variable: <<<1,11>,s>,5>
<<< slicer 8.2766e-05s
>>> searcher 
<<< searcher 0.00127152s
>>> transer 
fud: 107
fud slice size: 19
sized entropy label : 5.83481
sized conditional entropy: 0
sized entropy decrease: 5.83481
entropy variable: <scan,332>
fud slice cardinality: 8
<<< transer 0.000224431s
>>> slicer 
slice size: 11
slice variable: <<<1,51>,s>,2>
<<< slicer 0.000107788s
>>> searcher 
<<< searcher 0.00136352s
>>> transer 
fud: 108
fud slice size: 11
sized entropy label : 5.79909
sized conditional entropy: 1.09861
sized entropy decrease: 4.70048
entropy variable: <scan,223>
fud slice cardinality: 8
<<< transer 0.0002764s
>>> slicer 
slice size: 11
slice variable: <<<1,3>,s>,6>
<<< slicer 0.000110483s
>>> searcher 
<<< searcher 0.0013897s
>>> transer 
fud: 109
fud slice size: 11
sized entropy label : 5.79909
sized conditional entropy: 0.693147
sized entropy decrease: 5.10595
entropy variable: <scan,168>
fud slice cardinality: 8
<<< transer 0.000162068s
>>> slicer 
slice size: 9
slice variable: <<<1,25>,s>,5>
<<< slicer 7.7762e-05s
>>> searcher 
<<< searcher 0.00124611s
>>> transer 
fud: 110
fud slice size: 9
sized entropy label : 5.52943
sized conditional entropy: 0
sized entropy decrease: 5.52943
entropy variable: <scan,4>
fud slice cardinality: 8
<<< transer 0.00023521s
>>> slicer 
slice size: 21
slice variable: <<<1,8>,s>,7>
<<< slicer 0.000103168s
>>> searcher 
<<< searcher 0.00135005s
>>> transer 
fud: 111
fud slice size: 21
sized entropy label : 5.34711
sized conditional entropy: 0.693147
sized entropy decrease: 4.65396
entropy variable: <scan,220>
fud slice cardinality: 8
<<< transer 0.000171691s
>>> slicer 
slice size: 11
slice variable: <<<1,44>,s>,3>
<<< slicer 8.3151e-05s
>>> searcher 
<<< searcher 0.00125881s
>>> transer 
fud: 112
fud slice size: 11
sized entropy label : 5.10595
sized conditional entropy: 0
sized entropy decrease: 5.10595
entropy variable: <scan,106>
fud slice cardinality: 8
<<< transer 0.000223276s
>>> slicer 
slice size: 11
slice variable: <<<1,39>,s>,3>
<<< slicer 0.000112793s
>>> searcher 
<<< searcher 0.0013385s
>>> transer 
fud: 113
fud slice size: 11
sized entropy label : 5.10595
sized conditional entropy: 0.693147
sized entropy decrease: 4.4128
entropy variable: <scan,265>
fud slice cardinality: 8
<<< transer 0.000236364s
>>> slicer 
slice size: 9
slice variable: <<<1,6>,s>,7>
<<< slicer 0.000105479s
>>> searcher 
<<< searcher 0.00127806s
>>> transer 
fud: 114
fud slice size: 9
sized entropy label : 4.83628
sized conditional entropy: 1.09861
sized entropy decrease: 3.73767
entropy variable: <scan,208>
fud slice cardinality: 8
<<< transer 0.000167072s
>>> slicer 
slice size: 10
slice variable: <<<1,20>,s>,7>
<<< slicer 7.7377e-05s
>>> searcher 
<<< searcher 0.00125342s
>>> transer 
fud: 115
fud slice size: 10
sized entropy label : 4.78749
sized conditional entropy: 0
sized entropy decrease: 4.78749
entropy variable: <scan,93>
fud slice cardinality: 8
<<< transer 0.000243678s
>>> slicer 
slice size: 10
slice variable: <<<1,15>,s>,8>
<<< slicer 0.000102784s
>>> searcher 
<<< searcher 0.00129384s
>>> transer 
fud: 116
fud slice size: 10
sized entropy label : 4.78749
sized conditional entropy: 0
sized entropy decrease: 4.78749
entropy variable: <scan,84>
fud slice cardinality: 8
<<< transer 0.000169381s
>>> slicer 
slice size: 16
slice variable: <<<1,21>,s>,7>
<<< slicer 8.2381e-05s
>>> searcher 
<<< searcher 0.00128807s
>>> transer 
fud: 117
fud slice size: 16
sized entropy label : 4.78749
sized conditional entropy: 0
sized entropy decrease: 4.78749
entropy variable: <scan,3>
fud slice cardinality: 8
<<< transer 0.00022674s
>>> slicer 
slice size: 112
slice variable: <<<1,7>,s>,7>
<<< slicer 0.000106249s
>>> searcher 
<<< searcher 0.00182393s
>>> transer 
fud: 118
fud slice size: 112
sized entropy label : 4.7185
sized conditional entropy: 0
sized entropy decrease: 4.7185
entropy variable: <scan,52>
fud slice cardinality: 8
<<< transer 0.000233669s
>>> slicer 
slice size: 9
slice variable: <<<1,65>,s>,3>
<<< slicer 9.624e-05s
>>> searcher 
<<< searcher 0.00173231s
>>> transer 
fud: 119
fud slice size: 9
sized entropy label : 4.43082
sized conditional entropy: 1.09861
sized entropy decrease: 3.3322
entropy variable: <scan,217>
fud slice cardinality: 8
<<< transer 0.000219041s
>>> slicer 
slice size: 78
slice variable: <<<1,4>,s>,7>
<<< slicer 8.3536e-05s
>>> searcher 
<<< searcher 0.00174771s
>>> transer 
fud: 120
fud slice size: 78
sized entropy label : 4.35671
sized conditional entropy: 0
sized entropy decrease: 4.35671
entropy variable: <scan,144>
fud slice cardinality: 8
<<< transer 0.000170536s
>>> slicer 
slice size: 8
slice variable: <<<1,67>,s>,8>
<<< slicer 7.8916e-05s
>>> searcher 
<<< searcher 0.00164647s
>>> transer 
fud: 121
fud slice size: 8
sized entropy label : 4.2485
sized conditional entropy: -8.88178e-16
sized entropy decrease: 4.2485
entropy variable: <scan,328>
fud slice cardinality: 8
<<< transer 0.000189014s
>>> slicer 
slice size: 12
slice variable: <<<1,54>,s>,1>
<<< slicer 8.3536e-05s
>>> searcher 
<<< searcher 0.00165686s
>>> transer 
fud: 122
fud slice size: 12
sized entropy label : 4.18965
sized conditional entropy: 0
sized entropy decrease: 4.18965
entropy variable: <scan,8>
fud slice cardinality: 8
<<< transer 0.00018478s
>>> slicer 
slice size: 63
slice variable: <<<1,5>,s>,7>
<<< slicer 7.7761e-05s
>>> searcher 
<<< searcher 0.00176619s
>>> transer 
fud: 123
fud slice size: 63
sized entropy label : 4.14313
sized conditional entropy: 0
sized entropy decrease: 4.14313
entropy variable: <scan,88>
fud slice cardinality: 8
<<< transer 0.000188245s
>>> slicer 
slice size: 57
slice variable: <<<1,14>,s>,7>
<<< slicer 8.3921e-05s
>>> searcher 
<<< searcher 0.00165455s
>>> transer 
fud: 124
fud slice size: 57
sized entropy label : 4.04305
sized conditional entropy: 0
sized entropy decrease: 4.04305
entropy variable: <scan,104>
fud slice cardinality: 8
<<< transer 0.000208647s
>>> slicer 
slice size: 54
slice variable: <<<1,16>,s>,7>
<<< slicer 8.3921e-05s
>>> searcher 
<<< searcher 0.00184356s
>>> transer 
fud: 125
fud slice size: 54
sized entropy label : 3.98898
sized conditional entropy: 0
sized entropy decrease: 3.98898
entropy variable: <scan,8>
fud slice cardinality: 8
<<< transer 0.000202873s
>>> slicer 
slice size: 53
slice variable: <<<1,7>,s>,3>
<<< slicer 8.5845e-05s
>>> searcher 
<<< searcher 0.00187783s
>>> transer 
fud: 126
fud slice size: 53
sized entropy label : 3.97029
sized conditional entropy: 1.38629
sized entropy decrease: 2.584
entropy variable: <scan,57>
fud slice cardinality: 8
<<< transer 0.000182855s
>>> slicer 
slice size: 50
slice variable: <<<1,34>,s>,8>
<<< slicer 7.9687e-05s
>>> searcher 
<<< searcher 0.00163723s
>>> transer 
fud: 127
fud slice size: 50
sized entropy label : 3.91202
sized conditional entropy: 0
sized entropy decrease: 3.91202
entropy variable: <scan,24>
fud slice cardinality: 8
<<< transer 0.000219041s
<<< applicationer 0.244362s


