hr->dimension: 361
hr->size: 6054
>>> applicationer
>>> searcher 
<<< searcher 0.054814s
>>> transer 
fud: 1
fud slice size: 6054
sized entropy label : 2653.77
sized conditional entropy: 2203.21
sized entropy decrease: 450.564
entropy variable: <<<<f,1>,1>,s>,5>
<<< transer 4.7478e-05s
>>> slicer 
slice size: 5162
slice variable: <<<1,1>,s>,1>
<<< slicer 2.9598e-05s
>>> searcher 
<<< searcher 0.0618375s
>>> transer 
fud: 2
fud slice size: 5162
sized entropy label : 1498.66
sized conditional entropy: 1323.96
sized entropy decrease: 174.705
entropy variable: <<<<f,1>,2>,s>,1>
fud slice cardinality: 2
<<< transer 5.0533e-05s
>>> slicer 
slice size: 4457
slice variable: <<<1,2>,s>,1>
<<< slicer 2.843e-05s
>>> searcher 
<<< searcher 0.0589518s
>>> transer 
fud: 3
fud slice size: 4457
sized entropy label : 919.38
sized conditional entropy: 846.645
sized entropy decrease: 72.7345
entropy variable: <<<<f,2>,1>,s>,5>
fud slice cardinality: 2
<<< transer 5.2336e-05s
>>> slicer 
slice size: 892
slice variable: <<<1,1>,s>,2>
<<< slicer 2.7981e-05s
>>> searcher 
<<< searcher 0.0333252s
>>> transer 
fud: 4
fud slice size: 892
sized entropy label : 704.55
sized conditional entropy: 662.162
sized entropy decrease: 42.3872
entropy variable: <<<<f,3>,1>,s>,5>
fud slice cardinality: 2
<<< transer 5.2324e-05s
>>> slicer 
slice size: 3949
slice variable: <<<1,3>,s>,1>
<<< slicer 2.3714e-05s
>>> searcher 
<<< searcher 0.0565568s
>>> transer 
fud: 5
fud slice size: 3949
sized entropy label : 659.147
sized conditional entropy: 605.256
sized entropy decrease: 53.891
entropy variable: <<<<f,11>,2>,s>,1>
fud slice cardinality: 2
<<< transer 5.2433e-05s
>>> slicer 
slice size: 3885
slice variable: <<<1,5>,s>,1>
<<< slicer 2.5798e-05s
>>> searcher 
<<< searcher 0.0560639s
>>> transer 
fud: 6
fud slice size: 3885
sized entropy label : 566.331
sized conditional entropy: 544.276
sized entropy decrease: 22.0552
entropy variable: <<<<f,5>,1>,s>,5>
fud slice cardinality: 2
<<< transer 4.967e-05s
>>> slicer 
slice size: 705
slice variable: <<<1,2>,s>,2>
<<< slicer 2.9014e-05s
>>> searcher 
<<< searcher 0.0333556s
>>> transer 
fud: 7
fud slice size: 705
sized entropy label : 404.575
sized conditional entropy: 356.164
sized entropy decrease: 48.4116
entropy variable: <<<<f,1>,13>,s>,7>
fud slice cardinality: 2
<<< transer 4.8484e-05s
>>> slicer 
slice size: 1989
slice variable: <<<1,6>,s>,1>
<<< slicer 2.2996e-05s
>>> searcher 
<<< searcher 0.046198s
>>> transer 
fud: 8
fud slice size: 1989
sized entropy label : 400.668
sized conditional entropy: 381.095
sized entropy decrease: 19.5724
entropy variable: <<<<f,12>,15>,s>,1>
fud slice cardinality: 2
<<< transer 5.2133e-05s
>>> slicer 
slice size: 1947
slice variable: <<<1,8>,s>,1>
<<< slicer 2.4487e-05s
>>> searcher 
<<< searcher 0.0453424s
>>> transer 
fud: 9
fud slice size: 1947
sized entropy label : 359.986
sized conditional entropy: 342.533
sized entropy decrease: 17.4522
entropy variable: <<<<f,6>,2>,s>,7>
fud slice cardinality: 2
<<< transer 5.2804e-05s
>>> slicer 
slice size: 501
slice variable: <<<1,4>,s>,2>
<<< slicer 2.6854e-05s
>>> searcher 
<<< searcher 0.0296717s
>>> transer 
fud: 10
fud slice size: 501
sized entropy label : 340.217
sized conditional entropy: 322.246
sized entropy decrease: 17.9713
entropy variable: <<<<f,12>,4>,s>,5>
fud slice cardinality: 2
<<< transer 7.7498e-05s
>>> slicer 
slice size: 391
slice variable: <<<1,4>,s>,1>
<<< slicer 2.2682e-05s
>>> searcher 
<<< searcher 0.02942s
>>> transer 
fud: 11
fud slice size: 391
sized entropy label : 321.946
sized conditional entropy: 294.586
sized entropy decrease: 27.3595
entropy variable: <<<<f,4>,2>,s>,4>
fud slice cardinality: 2
<<< transer 5.0814e-05s
>>> slicer 
slice size: 1047
slice variable: <<<1,9>,s>,1>
<<< slicer 2.1368e-05s
>>> searcher 
<<< searcher 0.0368699s
>>> transer 
fud: 12
fud slice size: 1047
sized entropy label : 256.994
sized conditional entropy: 238.472
sized entropy decrease: 18.522
entropy variable: <<<<f,7>,3>,s>,7>
fud slice cardinality: 2
<<< transer 5.3115e-05s
>>> slicer 
slice size: 703
slice variable: <<<1,12>,s>,1>
<<< slicer 3.4542e-05s
>>> searcher 
<<< searcher 0.0340596s
>>> transer 
fud: 13
fud slice size: 703
sized entropy label : 226.794
sized conditional entropy: 212.446
sized entropy decrease: 14.348
entropy variable: <<<<f,2>,24>,s>,1>
fud slice cardinality: 2
<<< transer 5.2003e-05s
>>> slicer 
slice size: 318
slice variable: <<<1,10>,s>,1>
<<< slicer 2.2098e-05s
>>> searcher 
<<< searcher 0.0289874s
>>> transer 
fud: 14
fud slice size: 318
sized entropy label : 216.686
sized conditional entropy: 199.456
sized entropy decrease: 17.2302
entropy variable: <<<<f,4>,1>,s>,5>
fud slice cardinality: 2
<<< transer 5.1332e-05s
>>> slicer 
slice size: 306
slice variable: <<<1,7>,s>,1>
<<< slicer 5.0902e-05s
>>> searcher 
<<< searcher 0.0310799s
>>> transer 
fud: 15
fud slice size: 306
sized entropy label : 213.577
sized conditional entropy: 184.397
sized entropy decrease: 29.18
entropy variable: <<<<f,1>,13>,s>,1>
fud slice cardinality: 2
<<< transer 5.1204e-05s
>>> slicer 
slice size: 692
slice variable: <<<1,13>,s>,1>
<<< slicer 2.1071e-05s
>>> searcher 
<<< searcher 0.0332358s
>>> transer 
fud: 16
fud slice size: 692
sized entropy label : 204.701
sized conditional entropy: 191.858
sized entropy decrease: 12.8427
entropy variable: <<<<f,8>,16>,s>,1>
fud slice cardinality: 2
<<< transer 5.4805e-05s
>>> slicer 
slice size: 508
slice variable: <<<1,3>,s>,2>
<<< slicer 2.3105e-05s
>>> searcher 
<<< searcher 0.0306964s
>>> transer 
fud: 17
fud slice size: 508
sized entropy label : 187.498
sized conditional entropy: 169.383
sized entropy decrease: 18.1156
entropy variable: <<<<f,1>,63>,s>,5>
fud slice cardinality: 2
<<< transer 5.3875e-05s
>>> slicer 
slice size: 269
slice variable: <<<1,11>,s>,1>
<<< slicer 2.1008e-05s
>>> searcher 
<<< searcher 0.0273449s
>>> transer 
fud: 18
fud slice size: 269
sized entropy label : 185.539
sized conditional entropy: 171.631
sized entropy decrease: 13.9086
entropy variable: <<<<f,6>,7>,s>,8>
fud slice cardinality: 2
<<< transer 5.0395e-05s
>>> slicer 
slice size: 276
slice variable: <<<1,15>,s>,1>
<<< slicer 2.1092e-05s
>>> searcher 
<<< searcher 0.0291889s
>>> transer 
fud: 19
fud slice size: 276
sized entropy label : 184.397
sized conditional entropy: 168.842
sized entropy decrease: 15.5548
entropy variable: <<<<f,4>,2>,s>,4>
fud slice cardinality: 2
<<< transer 5.0439e-05s
>>> slicer 
slice size: 671
slice variable: <<<1,16>,s>,1>
<<< slicer 2.1824e-05s
>>> searcher 
<<< searcher 0.033049s
>>> transer 
fud: 20
fud slice size: 671
sized entropy label : 178.249
sized conditional entropy: 166.799
sized entropy decrease: 11.4495
entropy variable: <<<<f,3>,42>,s>,1>
fud slice cardinality: 2
<<< transer 5.129e-05s
>>> slicer 
slice size: 389
slice variable: <<<1,17>,s>,1>
<<< slicer 2.2636e-05s
>>> searcher 
<<< searcher 0.0292981s
>>> transer 
fud: 21
fud slice size: 389
sized entropy label : 169.383
sized conditional entropy: 160.659
sized entropy decrease: 8.72368
entropy variable: <<<<f,3>,12>,s>,4>
fud slice cardinality: 2
<<< transer 5.2216e-05s
>>> slicer 
slice size: 250
slice variable: <<<1,19>,s>,1>
<<< slicer 2.1453e-05s
>>> searcher 
<<< searcher 0.0280029s
>>> transer 
fud: 22
fud slice size: 250
sized entropy label : 163.058
sized conditional entropy: 153.11
sized entropy decrease: 9.94761
entropy variable: <<<<f,1>,54>,s>,1>
fud slice cardinality: 2
<<< transer 5.0509e-05s
>>> slicer 
slice size: 662
slice variable: <<<1,20>,s>,1>
<<< slicer 2.1045e-05s
>>> searcher 
<<< searcher 0.0330216s
>>> transer 
fud: 23
fud slice size: 662
sized entropy label : 161.963
sized conditional entropy: 151.841
sized entropy decrease: 10.1221
entropy variable: <<<<f,6>,36>,s>,7>
fud slice cardinality: 2
<<< transer 5.2033e-05s
>>> slicer 
slice size: 220
slice variable: <<<1,18>,s>,1>
<<< slicer 2.3248e-05s
>>> searcher 
<<< searcher 0.0276975s
>>> transer 
fud: 24
fud slice size: 220
sized entropy label : 157.17
sized conditional entropy: 142.917
sized entropy decrease: 14.2522
entropy variable: <<<<f,2>,1>,s>,1>
fud slice cardinality: 2
<<< transer 5.0071e-05s
>>> slicer 
slice size: 379
slice variable: <<<1,21>,s>,1>
<<< slicer 2.9786e-05s
>>> searcher 
<<< searcher 0.0279896s
>>> transer 
fud: 25
fud slice size: 379
sized entropy label : 155.872
sized conditional entropy: 148.129
sized entropy decrease: 7.7423
entropy variable: <<<<f,9>,33>,s>,1>
fud slice cardinality: 2
<<< transer 5.2172e-05s
>>> slicer 
slice size: 655
slice variable: <<<1,23>,s>,1>
<<< slicer 2.0871e-05s
>>> searcher 
<<< searcher 0.0327473s
>>> transer 
fud: 26
fud slice size: 655
sized entropy label : 148.285
sized conditional entropy: 138.226
sized entropy decrease: 10.0595
entropy variable: <<<<f,11>,7>,s>,8>
fud slice cardinality: 2
<<< transer 5.1496e-05s
>>> slicer 
slice size: 375
slice variable: <<<1,25>,s>,1>
<<< slicer 2.302e-05s
>>> searcher 
<<< searcher 0.0291037s
>>> transer 
fud: 27
fud slice size: 375
sized entropy label : 148.129
sized conditional entropy: 142.152
sized entropy decrease: 5.97767
entropy variable: <<<<f,8>,32>,s>,3>
fud slice cardinality: 2
<<< transer 5.1134e-05s
>>> slicer 
slice size: 1896
slice variable: <<<1,6>,s>,2>
<<< slicer 2.1861e-05s
>>> searcher 
<<< searcher 0.0418319s
>>> transer 
fud: 28
fud slice size: 1896
sized entropy label : 143.608
sized conditional entropy: 129.463
sized entropy decrease: 14.1447
entropy variable: <<<<f,2>,13>,s>,1>
fud slice cardinality: 2
<<< transer 5.0434e-05s
>>> slicer 
slice size: 399
slice variable: <<<1,7>,s>,2>
<<< slicer 2.4076e-05s
>>> searcher 
<<< searcher 0.0319696s
>>> transer 
fud: 29
fud slice size: 399
sized entropy label : 142.587
sized conditional entropy: 133.207
sized entropy decrease: 9.37972
entropy variable: <<<<f,7>,3>,s>,7>
fud slice cardinality: 2
<<< transer 5.1511e-05s
>>> slicer 
slice size: 372
slice variable: <<<1,27>,s>,1>
<<< slicer 4.4251e-05s
>>> searcher 
<<< searcher 0.0307794s
>>> transer 
fud: 30
fud slice size: 372
sized entropy label : 142.152
sized conditional entropy: 136.544
sized entropy decrease: 5.60811
entropy variable: <<<<f,10>,26>,s>,4>
fud slice cardinality: 2
<<< transer 4.8308e-05s
>>> slicer 
slice size: 1893
slice variable: <<<1,28>,s>,1>
<<< slicer 2.2227e-05s
>>> searcher 
<<< searcher 0.0416962s
>>> transer 
fud: 31
fud slice size: 1893
sized entropy label : 129.463
sized conditional entropy: 117.071
sized entropy decrease: 12.3922
entropy variable: <<<<f,2>,98>,s>,1>
fud slice cardinality: 2
<<< transer 4.8841e-05s
>>> slicer 
slice size: 596
slice variable: <<<1,26>,s>,1>
<<< slicer 2.418e-05s
>>> searcher 
<<< searcher 0.033204s
>>> transer 
fud: 32
fud slice size: 596
sized entropy label : 116.706
sized conditional entropy: 106.568
sized entropy decrease: 10.1382
entropy variable: <<<<f,4>,2>,s>,7>
fud slice cardinality: 2
<<< transer 5.1349e-05s
>>> slicer 
slice size: 164
slice variable: <<<1,24>,s>,1>
<<< slicer 2.344e-05s
>>> searcher 
<<< searcher 0.0267848s
>>> transer 
fud: 33
fud slice size: 164
sized entropy label : 114.793
sized conditional entropy: 107.859
sized entropy decrease: 6.93348
entropy variable: <<<<f,6>,10>,s>,8>
fud slice cardinality: 2
<<< transer 5.1839e-05s
>>> slicer 
slice size: 323
slice variable: <<<1,30>,s>,1>
<<< slicer 2.0191e-05s
>>> searcher 
<<< searcher 0.0285838s
>>> transer 
fud: 34
fud slice size: 323
sized entropy label : 110.25
sized conditional entropy: 104.62
sized entropy decrease: 5.62934
entropy variable: <<<<f,5>,2>,s>,7>
fud slice cardinality: 2
<<< transer 5.1389e-05s
>>> slicer 
slice size: 1877
slice variable: <<<1,31>,s>,1>
<<< slicer 2.1861e-05s
>>> searcher 
<<< searcher 0.0421664s
>>> transer 
fud: 35
fud slice size: 1877
sized entropy label : 109.565
sized conditional entropy: 100.281
sized entropy decrease: 9.2838
entropy variable: <<<<f,11>,58>,s>,7>
fud slice cardinality: 2
<<< transer 5.0239e-05s
>>> slicer 
slice size: 122
slice variable: <<<1,11>,s>,2>
<<< slicer 2.3549e-05s
>>> searcher 
<<< searcher 0.0259968s
>>> transer 
fud: 36
fud slice size: 122
sized entropy label : 109.047
sized conditional entropy: 90.1001
sized entropy decrease: 18.9469
entropy variable: <<<<f,2>,12>,s>,7>
fud slice cardinality: 2
<<< transer 5.2563e-05s
>>> slicer 
slice size: 157
slice variable: <<<1,33>,s>,1>
<<< slicer 2.0433e-05s
>>> searcher 
<<< searcher 0.0260862s
>>> transer 
fud: 37
fud slice size: 157
sized entropy label : 105.913
sized conditional entropy: 99.1347
sized entropy decrease: 6.77876
entropy variable: <<<<f,6>,6>,s>,3>
fud slice cardinality: 2
<<< transer 4.9096e-05s
>>> slicer 
slice size: 183
slice variable: <<<1,10>,s>,2>
<<< slicer 2.0523e-05s
>>> searcher 
<<< searcher 0.0280094s
>>> transer 
fud: 38
fud slice size: 183
sized entropy label : 105.56
sized conditional entropy: 96.6106
sized entropy decrease: 8.94912
entropy variable: <<<<f,7>,6>,s>,3>
fud slice cardinality: 2
<<< transer 5.2141e-05s
>>> slicer 
slice size: 162
slice variable: <<<1,14>,s>,2>
<<< slicer 2.0994e-05s
>>> searcher 
<<< searcher 0.0273883s
>>> transer 
fud: 39
fud slice size: 162
sized entropy label : 105.048
sized conditional entropy: 93.4213
sized entropy decrease: 11.627
entropy variable: <<<<f,11>,1>,s>,1>
fud slice cardinality: 2
<<< transer 5.1489e-05s
>>> slicer 
slice size: 1874
slice variable: <<<1,35>,s>,1>
<<< slicer 2.1188e-05s
>>> searcher 
<<< searcher 0.0409992s
>>> transer 
fud: 40
fud slice size: 1874
sized entropy label : 99.1821
sized conditional entropy: 90.3215
sized entropy decrease: 8.86056
entropy variable: <<<<f,8>,66>,s>,7>
fud slice cardinality: 2
<<< transer 5.2507e-05s
>>> slicer 
slice size: 156
slice variable: <<<1,14>,s>,1>
<<< slicer 2.5195e-05s
>>> searcher 
<<< searcher 0.0273165s
>>> transer 
fud: 41
fud slice size: 156
sized entropy label : 94.4074
sized conditional entropy: 80.6213
sized entropy decrease: 13.7861
entropy variable: <<<<f,12>,13>,s>,7>
fud slice cardinality: 2
<<< transer 5.0646e-05s
>>> slicer 
slice size: 302
slice variable: <<<1,34>,s>,1>
<<< slicer 2.1247e-05s
>>> searcher 
<<< searcher 0.0271397s
>>> transer 
fud: 42
fud slice size: 302
sized entropy label : 92.9566
sized conditional entropy: 87.1259
sized entropy decrease: 5.83066
entropy variable: <<<<f,9>,16>,s>,1>
fud slice cardinality: 2
<<< transer 5.0309e-05s
>>> slicer 
slice size: 137
slice variable: <<<1,37>,s>,1>
<<< slicer 2.1963e-05s
>>> searcher 
<<< searcher 0.02619s
>>> transer 
fud: 43
fud slice size: 137
sized entropy label : 92.0959
sized conditional entropy: 81.6738
sized entropy decrease: 10.4222
entropy variable: <<<<f,2>,6>,s>,3>
fud slice cardinality: 2
<<< transer 4.9233e-05s
>>> slicer 
slice size: 157
slice variable: <<<1,22>,s>,1>
<<< slicer 2.1442e-05s
>>> searcher 
<<< searcher 0.0275354s
>>> transer 
fud: 44
fud slice size: 157
sized entropy label : 91.4034
sized conditional entropy: 79.6174
sized entropy decrease: 11.786
entropy variable: <<<<f,6>,1>,s>,9>
fud slice cardinality: 2
<<< transer 5.1176e-05s
>>> slicer 
slice size: 199
slice variable: <<<1,29>,s>,1>
<<< slicer 2.0764e-05s
>>> searcher 
<<< searcher 0.0275026s
>>> transer 
fud: 45
fud slice size: 199
sized entropy label : 90.3103
sized conditional entropy: 79.1096
sized entropy decrease: 11.2007
entropy variable: <<<<f,4>,1>,s>,5>
fud slice cardinality: 2
<<< transer 5.2148e-05s
>>> slicer 
slice size: 166
slice variable: <<<1,38>,s>,1>
<<< slicer 2.1247e-05s
>>> searcher 
<<< searcher 0.0274513s
>>> transer 
fud: 46
fud slice size: 166
sized entropy label : 87.8802
sized conditional entropy: 79.301
sized entropy decrease: 8.57916
entropy variable: <<<<f,10>,44>,s>,8>
fud slice cardinality: 2
<<< transer 5.0146e-05s
>>> slicer 
slice size: 86
slice variable: <<<1,36>,s>,1>
<<< slicer 2.1534e-05s
>>> searcher 
<<< searcher 0.0256016s
>>> transer 
fud: 47
fud slice size: 86
sized entropy label : 86.5166
sized conditional entropy: 75.212
sized entropy decrease: 11.3046
entropy variable: <<<<f,2>,59>,s>,1>
fud slice cardinality: 2
<<< transer 5.499e-05s
>>> slicer 
slice size: 298
slice variable: <<<1,42>,s>,1>
<<< slicer 2.088e-05s
>>> searcher 
<<< searcher 0.0272246s
>>> transer 
fud: 48
fud slice size: 298
sized entropy label : 85.7396
sized conditional entropy: 79.7765
sized entropy decrease: 5.9631
entropy variable: <<<<f,1>,40>,s>,6>
fud slice cardinality: 2
<<< transer 5.0051e-05s
>>> slicer 
slice size: 900
slice variable: <<<1,9>,s>,2>
<<< slicer 2.2388e-05s
>>> searcher 
<<< searcher 0.0330641s
>>> transer 
fud: 49
fud slice size: 900
sized entropy label : 85.5389
sized conditional entropy: 76.4996
sized entropy decrease: 9.03933
entropy variable: <<<<f,3>,75>,s>,1>
fud slice cardinality: 2
<<< transer 5.0298e-05s
>>> slicer 
slice size: 140
slice variable: <<<1,39>,s>,1>
<<< slicer 2.2781e-05s
>>> searcher 
<<< searcher 0.0268558s
>>> transer 
fud: 50
fud slice size: 140
sized entropy label : 84.5236
sized conditional entropy: 77.0762
sized entropy decrease: 7.44739
entropy variable: <<<<f,10>,1>,s>,1>
fud slice cardinality: 2
<<< transer 5.1135e-05s
>>> slicer 
slice size: 1857
slice variable: <<<1,40>,s>,1>
<<< slicer 2.1231e-05s
>>> searcher 
<<< searcher 0.0420879s
>>> transer 
fud: 51
fud slice size: 1857
sized entropy label : 82.7008
sized conditional entropy: 73.5397
sized entropy decrease: 9.16112
entropy variable: <<<<f,5>,32>,s>,3>
fud slice cardinality: 2
<<< transer 5.1743e-05s
>>> slicer 
slice size: 122
slice variable: <<<1,43>,s>,1>
<<< slicer 2.5529e-05s
>>> searcher 
<<< searcher 0.0258177s
>>> transer 
fud: 52
fud slice size: 122
sized entropy label : 81.6738
sized conditional entropy: 75.7205
sized entropy decrease: 5.95329
entropy variable: <<<<f,7>,2>,s>,4>
fud slice cardinality: 2
<<< transer 5.1289e-05s
>>> slicer 
slice size: 898
slice variable: <<<1,49>,s>,1>
<<< slicer 2.122e-05s
>>> searcher 
<<< searcher 0.0324586s
>>> transer 
fud: 53
fud slice size: 898
sized entropy label : 75.8065
sized conditional entropy: 66.9077
sized entropy decrease: 8.89875
entropy variable: <<<<f,8>,113>,s>,3>
fud slice cardinality: 2
<<< transer 4.7794e-05s
>>> slicer 
slice size: 220
slice variable: <<<1,48>,s>,1>
<<< slicer 2.2499e-05s
>>> searcher 
<<< searcher 0.026843s
>>> transer 
fud: 54
fud slice size: 220
sized entropy label : 75.4198
sized conditional entropy: 70.0644
sized entropy decrease: 5.35537
entropy variable: <<<<f,5>,54>,s>,2>
fud slice cardinality: 2
<<< transer 5.0022e-05s
>>> slicer 
slice size: 111
slice variable: <<<1,50>,s>,1>
<<< slicer 2.3295e-05s
>>> searcher 
<<< searcher 0.0270664s
>>> transer 
fud: 55
fud slice size: 111
sized entropy label : 71.0699
sized conditional entropy: 65.8434
sized entropy decrease: 5.22648
entropy variable: <<<<f,5>,30>,s>,1>
fud slice cardinality: 2
<<< transer 5.0015e-05s
>>> slicer 
slice size: 514
slice variable: <<<1,32>,s>,1>
<<< slicer 2.1583e-05s
>>> searcher 
<<< searcher 0.0310366s
>>> transer 
fud: 56
fud slice size: 514
sized entropy label : 70.1622
sized conditional entropy: 61.7681
sized entropy decrease: 8.39407
entropy variable: <<<<f,12>,16>,s>,1>
fud slice cardinality: 2
<<< transer 7.1954e-05s
>>> slicer 
slice size: 106
slice variable: <<<1,52>,s>,1>
<<< slicer 2.4074e-05s
>>> searcher 
<<< searcher 0.0279174s
>>> transer 
fud: 57
fud slice size: 106
sized entropy label : 69.3925
sized conditional entropy: 63.6533
sized entropy decrease: 5.73928
entropy variable: <<<<f,7>,1>,s>,9>
fud slice cardinality: 2
<<< transer 5.4819e-05s
>>> slicer 
slice size: 216
slice variable: <<<1,54>,s>,1>
<<< slicer 2.1128e-05s
>>> searcher 
<<< searcher 0.0279057s
>>> transer 
fud: 58
fud slice size: 216
sized entropy label : 68.6781
sized conditional entropy: 64.0678
sized entropy decrease: 4.61035
entropy variable: <<<<f,8>,2>,s>,1>
fud slice cardinality: 2
<<< transer 4.9302e-05s
>>> slicer 
slice size: 103
slice variable: <<<1,41>,s>,1>
<<< slicer 2.1413e-05s
>>> searcher 
<<< searcher 0.0262298s
>>> transer 
fud: 59
fud slice size: 103
sized entropy label : 68.034
sized conditional entropy: 59.5592
sized entropy decrease: 8.47476
entropy variable: <<<<f,7>,10>,s>,8>
fud slice cardinality: 2
<<< transer 5.1147e-05s
>>> slicer 
slice size: 72
slice variable: <<<1,47>,s>,1>
<<< slicer 2.0827e-05s
>>> searcher 
<<< searcher 0.0262998s
>>> transer 
fud: 60
fud slice size: 72
sized entropy label : 67.0711
sized conditional entropy: 59.7883
sized entropy decrease: 7.2828
entropy variable: <<<<f,2>,1>,s>,1>
fud slice cardinality: 2
<<< transer 5.9154e-05s
>>> slicer 
slice size: 896
slice variable: <<<1,53>,s>,1>
<<< slicer 2.0894e-05s
>>> searcher 
<<< searcher 0.0331288s
>>> transer 
fud: 61
fud slice size: 896
sized entropy label : 66.9077
sized conditional entropy: 59.8584
sized entropy decrease: 7.0493
entropy variable: <<<<f,2>,85>,s>,8>
fud slice cardinality: 2
<<< transer 5.2415e-05s
>>> slicer 
slice size: 1838
slice variable: <<<1,51>,s>,1>
<<< slicer 2.4267e-05s
>>> searcher 
<<< searcher 0.041797s
>>> transer 
fud: 62
fud slice size: 1838
sized entropy label : 65.5648
sized conditional entropy: 56.1669
sized entropy decrease: 9.39788
entropy variable: <<<<f,9>,108>,s>,6>
fud slice cardinality: 2
<<< transer 7.8831e-05s
>>> slicer 
slice size: 143
slice variable: <<<1,46>,s>,1>
<<< slicer 2.5197e-05s
>>> searcher 
<<< searcher 0.0265235s
>>> transer 
fud: 63
fud slice size: 143
sized entropy label : 65.3509
sized conditional entropy: 59.7695
sized entropy decrease: 5.58142
entropy variable: <<<<f,6>,10>,s>,8>
fud slice cardinality: 2
<<< transer 5.0009e-05s
>>> slicer 
slice size: 99
slice variable: <<<1,44>,s>,1>
<<< slicer 2.2977e-05s
>>> searcher 
<<< searcher 0.0261252s
>>> transer 
fud: 64
fud slice size: 99
sized entropy label : 64.2797
sized conditional entropy: 58.0747
sized entropy decrease: 6.20503
entropy variable: <<<<f,10>,7>,s>,8>
fud slice cardinality: 2
<<< transer 5.2311e-05s
>>> slicer 
slice size: 214
slice variable: <<<1,58>,s>,1>
<<< slicer 2.1757e-05s
>>> searcher 
<<< searcher 0.0267975s
>>> transer 
fud: 65
fud slice size: 214
sized entropy label : 64.0678
sized conditional entropy: 59.2807
sized entropy decrease: 4.7871
entropy variable: <<<<f,9>,21>,s>,1>
fud slice cardinality: 2
<<< transer 5.2175e-05s
>>> slicer 
slice size: 101
slice variable: <<<1,55>,s>,1>
<<< slicer 2.1468e-05s
>>> searcher 
<<< searcher 0.026126s
>>> transer 
fud: 66
fud slice size: 101
sized entropy label : 62.0367
sized conditional entropy: 57.0958
sized entropy decrease: 4.94097
entropy variable: <<<<f,10>,26>,s>,4>
fud slice cardinality: 2
<<< transer 5.3125e-05s
>>> slicer 
slice size: 93
slice variable: <<<1,22>,s>,2>
<<< slicer 2.2238e-05s
>>> searcher 
<<< searcher 0.0255676s
>>> transer 
fud: 67
fud slice size: 93
sized entropy label : 61.707
sized conditional entropy: 56.0534
sized entropy decrease: 5.65363
entropy variable: <<<<f,8>,1>,s>,9>
fud slice cardinality: 2
<<< transer 5.1948e-05s
>>> slicer 
slice size: 110
slice variable: <<<1,45>,s>,1>
<<< slicer 2.1476e-05s
>>> searcher 
<<< searcher 0.0262429s
>>> transer 
fud: 68
fud slice size: 110
sized entropy label : 59.9587
sized conditional entropy: 53.4864
sized entropy decrease: 6.47236
entropy variable: <<<<f,9>,11>,s>,8>
fud slice cardinality: 2
<<< transer 5.1166e-05s
>>> slicer 
slice size: 212
slice variable: <<<1,65>,s>,1>
<<< slicer 2.1347e-05s
>>> searcher 
<<< searcher 0.0267254s
>>> transer 
fud: 69
fud slice size: 212
sized entropy label : 59.2807
sized conditional entropy: 54.2958
sized entropy decrease: 4.98486
entropy variable: <<<<f,10>,72>,s>,1>
fud slice cardinality: 2
<<< transer 4.9581e-05s
>>> slicer 
slice size: 138
slice variable: <<<1,63>,s>,1>
<<< slicer 2.1253e-05s
>>> searcher 
<<< searcher 0.0271577s
>>> transer 
fud: 70
fud slice size: 138
sized entropy label : 58.1601
sized conditional entropy: 52.989
sized entropy decrease: 5.17104
entropy variable: <<<<f,8>,44>,s>,5>
fud slice cardinality: 2
<<< transer 5.013e-05s
>>> slicer 
slice size: 891
slice variable: <<<1,61>,s>,1>
<<< slicer 2.2639e-05s
>>> searcher 
<<< searcher 0.0320603s
>>> transer 
fud: 71
fud slice size: 891
sized entropy label : 57.5558
sized conditional entropy: 51.0237
sized entropy decrease: 6.53215
entropy variable: <<<<f,1>,33>,s>,1>
fud slice cardinality: 2
<<< transer 4.9763e-05s
>>> slicer 
slice size: 210
slice variable: <<<1,69>,s>,1>
<<< slicer 2.5133e-05s
>>> searcher 
<<< searcher 0.0263013s
>>> transer 
fud: 72
fud slice size: 210
sized entropy label : 54.2958
sized conditional entropy: 49.087
sized entropy decrease: 5.2088
entropy variable: <<<<f,12>,105>,s>,1>
fud slice cardinality: 2
<<< transer 6.1201e-05s
>>> slicer 
slice size: 80
slice variable: <<<1,64>,s>,1>
<<< slicer 2.16e-05s
>>> searcher 
<<< searcher 0.0261528s
>>> transer 
fud: 73
fud slice size: 80
sized entropy label : 52.933
sized conditional entropy: 47.0198
sized entropy decrease: 5.91323
entropy variable: <<<<f,12>,2>,s>,4>
fud slice cardinality: 2
<<< transer 4.9862e-05s
>>> slicer 
slice size: 132
slice variable: <<<1,70>,s>,1>
<<< slicer 2.2506e-05s
>>> searcher 
<<< searcher 0.0270623s
>>> transer 
fud: 74
fud slice size: 132
sized entropy label : 50.281
sized conditional entropy: 46.2466
sized entropy decrease: 4.03441
entropy variable: <<<<f,8>,120>,s>,3>
fud slice cardinality: 2
<<< transer 4.9943e-05s
>>> slicer 
slice size: 208
slice variable: <<<1,72>,s>,1>
<<< slicer 2.0423e-05s
>>> searcher 
<<< searcher 0.0263336s
>>> transer 
fud: 75
fud slice size: 208
sized entropy label : 49.087
sized conditional entropy: 44.1109
sized entropy decrease: 4.97616
entropy variable: <<<<f,5>,108>,s>,1>
fud slice cardinality: 2
<<< transer 4.9591e-05s
>>> slicer 
slice size: 484
slice variable: <<<1,56>,s>,1>
<<< slicer 2.4608e-05s
>>> searcher 
<<< searcher 0.0309227s
>>> transer 
fud: 76
fud slice size: 484
sized entropy label : 47.5984
sized conditional entropy: 39.8061
sized entropy decrease: 7.79232
entropy variable: <<<<f,6>,1>,s>,1>
fud slice cardinality: 2
<<< transer 4.7397e-05s
>>> slicer 
slice size: 98
slice variable: <<<1,68>,s>,1>
<<< slicer 2.3682e-05s
>>> searcher 
<<< searcher 0.0271011s
>>> transer 
fud: 77
fud slice size: 98
sized entropy label : 47.2818
sized conditional entropy: 41.7472
sized entropy decrease: 5.53465
entropy variable: <<<<f,6>,1>,s>,9>
fud slice cardinality: 2
<<< transer 4.9699e-05s
>>> slicer 
slice size: 1798
slice variable: <<<1,62>,s>,1>
<<< slicer 2.1518e-05s
>>> searcher 
<<< searcher 0.0422017s
>>> transer 
fud: 78
fud slice size: 1798
sized entropy label : 46.9687
sized conditional entropy: 38.2916
sized entropy decrease: 8.67712
entropy variable: <<<<f,10>,66>,s>,7>
fud slice cardinality: 2
<<< transer 5.2095e-05s
>>> slicer 
slice size: 130
slice variable: <<<1,74>,s>,1>
<<< slicer 2.7818e-05s
>>> searcher 
<<< searcher 0.0263842s
>>> transer 
fud: 79
fud slice size: 130
sized entropy label : 46.2466
sized conditional entropy: 41.9999
sized entropy decrease: 4.24671
entropy variable: <<<<f,8>,14>,s>,1>
fud slice cardinality: 2
<<< transer 5.0808e-05s
>>> slicer 
slice size: 869
slice variable: <<<1,71>,s>,1>
<<< slicer 2.1405e-05s
>>> searcher 
<<< searcher 0.0323502s
>>> transer 
fud: 80
fud slice size: 869
sized entropy label : 45.5813
sized conditional entropy: 38.8066
sized entropy decrease: 6.77463
entropy variable: <<<<f,5>,34>,s>,7>
fud slice cardinality: 2
<<< transer 5.0262e-05s
>>> slicer 
slice size: 78
slice variable: <<<1,66>,s>,1>
<<< slicer 2.4532e-05s
>>> searcher 
<<< searcher 0.0262352s
>>> transer 
fud: 81
fud slice size: 78
sized entropy label : 43.1457
sized conditional entropy: 38.402
sized entropy decrease: 4.74368
entropy variable: <<<<f,10>,33>,s>,4>
fud slice cardinality: 2
<<< transer 5.107e-05s
>>> slicer 
slice size: 200
slice variable: <<<1,29>,s>,2>
<<< slicer 2.3144e-05s
>>> searcher 
<<< searcher 0.0271376s
>>> transer 
fud: 82
fud slice size: 200
sized entropy label : 42.8971
sized conditional entropy: 33.5965
sized entropy decrease: 9.30064
entropy variable: <<<<f,5>,121>,s>,3>
fud slice cardinality: 2
<<< transer 5.0368e-05s
>>> slicer 
slice size: 65
slice variable: <<<1,73>,s>,1>
<<< slicer 2.1093e-05s
>>> searcher 
<<< searcher 0.0257006s
>>> transer 
fud: 83
fud slice size: 65
sized entropy label : 42.3659
sized conditional entropy: 36.3723
sized entropy decrease: 5.99352
entropy variable: <<<<f,12>,21>,s>,7>
fud slice cardinality: 2
<<< transer 5.0077e-05s
>>> slicer 
slice size: 128
slice variable: <<<1,79>,s>,1>
<<< slicer 2.1576e-05s
>>> searcher 
<<< searcher 0.0263157s
>>> transer 
fud: 84
fud slice size: 128
sized entropy label : 41.9999
sized conditional entropy: 37.5077
sized entropy decrease: 4.49221
entropy variable: <<<<f,6>,18>,s>,9>
fud slice cardinality: 2
<<< transer 6.307e-05s
>>> slicer 
slice size: 201
slice variable: <<<1,75>,s>,1>
<<< slicer 2.1736e-05s
>>> searcher 
<<< searcher 0.0263028s
>>> transer 
fud: 85
fud slice size: 201
sized entropy label : 40.5555
sized conditional entropy: 36.3533
sized entropy decrease: 4.20218
entropy variable: <<<<f,3>,37>,s>,7>
fud slice cardinality: 2
<<< transer 5.1339e-05s
>>> slicer 
slice size: 62
slice variable: <<<1,67>,s>,1>
<<< slicer 2.3898e-05s
>>> searcher 
<<< searcher 0.0255909s
>>> transer 
fud: 86
fud slice size: 62
sized entropy label : 40.1725
sized conditional entropy: 35.1587
sized entropy decrease: 5.01376
entropy variable: <<<<f,4>,13>,s>,1>
fud slice cardinality: 2
<<< transer 5.2816e-05s
>>> slicer 
slice size: 62
slice variable: <<<1,59>,s>,1>
<<< slicer 2.1489e-05s
>>> searcher 
<<< searcher 0.0258265s
>>> transer 
fud: 87
fud slice size: 62
sized entropy label : 39.8848
sized conditional entropy: 33.8374
sized entropy decrease: 6.04735
entropy variable: <<<<f,3>,12>,s>,1>
fud slice cardinality: 2
<<< transer 5.1578e-05s
>>> slicer 
slice size: 64
slice variable: <<<1,5>,s>,2>
<<< slicer 2.1111e-05s
>>> searcher 
<<< searcher 0.0267163s
>>> transer 
fud: 88
fud slice size: 64
sized entropy label : 38.9251
sized conditional entropy: 31.2992
sized entropy decrease: 7.6259
entropy variable: <<<<f,7>,6>,s>,3>
fud slice cardinality: 2
<<< transer 4.9524e-05s
>>> slicer 
slice size: 126
slice variable: <<<1,84>,s>,1>
<<< slicer 2.3002e-05s
>>> searcher 
<<< searcher 0.0262407s
>>> transer 
fud: 89
fud slice size: 126
sized entropy label : 37.5077
sized conditional entropy: 32.8308
sized entropy decrease: 4.67681
entropy variable: <<<<f,5>,8>,s>,8>
fud slice cardinality: 2
<<< transer 5.3332e-05s
>>> slicer 
slice size: 82
slice variable: <<<1,32>,s>,2>
<<< slicer 2.2533e-05s
>>> searcher 
<<< searcher 0.0256308s
>>> transer 
fud: 90
fud slice size: 82
sized entropy label : 36.4058
sized conditional entropy: 27.258
sized entropy decrease: 9.14783
entropy variable: <<<<f,10>,42>,s>,6>
fud slice cardinality: 2
<<< transer 5.1094e-05s
>>> slicer 
slice size: 88
slice variable: <<<1,77>,s>,1>
<<< slicer 2.4201e-05s
>>> searcher 
<<< searcher 0.0262143s
>>> transer 
fud: 91
fud slice size: 88
sized entropy label : 36.4001
sized conditional entropy: 31.4434
sized entropy decrease: 4.95662
entropy variable: <<<<f,7>,4>,s>,1>
fud slice cardinality: 2
<<< transer 5.0625e-05s
>>> slicer 
slice size: 1790
slice variable: <<<1,78>,s>,1>
<<< slicer 2.1978e-05s
>>> searcher 
<<< searcher 0.042379s
>>> transer 
fud: 92
fud slice size: 1790
sized entropy label : 34.9594
sized conditional entropy: 26.7661
sized entropy decrease: 8.19328
entropy variable: <<<<f,5>,18>,s>,1>
fud slice cardinality: 2
<<< transer 5.2731e-05s
>>> slicer 
slice size: 197
slice variable: <<<1,85>,s>,1>
<<< slicer 2.5835e-05s
>>> searcher 
<<< searcher 0.0267623s
>>> transer 
fud: 93
fud slice size: 197
sized entropy label : 34.5616
sized conditional entropy: 28.9079
sized entropy decrease: 5.65367
entropy variable: <<<<f,9>,9>,s>,4>
fud slice cardinality: 2
<<< transer 5.1493e-05s
>>> slicer 
slice size: 69
slice variable: <<<1,81>,s>,1>
<<< slicer 2.2461e-05s
>>> searcher 
<<< searcher 0.0268465s
>>> transer 
fud: 94
fud slice size: 69
sized entropy label : 33.9712
sized conditional entropy: 30.6342
sized entropy decrease: 3.33695
entropy variable: <<<<f,12>,13>,s>,4>
fud slice cardinality: 2
<<< transer 4.8899e-05s
>>> slicer 
slice size: 857
slice variable: <<<1,80>,s>,1>
<<< slicer 2.3026e-05s
>>> searcher 
<<< searcher 0.0323617s
>>> transer 
fud: 95
fud slice size: 857
sized entropy label : 33.9238
sized conditional entropy: 27.9618
sized entropy decrease: 5.962
entropy variable: <<<<f,5>,83>,s>,6>
fud slice cardinality: 2
<<< transer 4.8692e-05s
>>> slicer 
slice size: 52
slice variable: <<<1,87>,s>,1>
<<< slicer 2.588e-05s
>>> searcher 
<<< searcher 0.0258234s
>>> transer 
fud: 96
fud slice size: 52
sized entropy label : 33.8374
sized conditional entropy: 29.2224
sized entropy decrease: 4.61504
entropy variable: <<<<f,6>,1>,s>,1>
fud slice cardinality: 2
<<< transer 5.8123e-05s
>>> slicer 
slice size: 197
slice variable: <<<1,82>,s>,1>
<<< slicer 2.1414e-05s
>>> searcher 
<<< searcher 0.0258909s
>>> transer 
fud: 97
fud slice size: 197
sized entropy label : 33.5965
sized conditional entropy: 26.7728
sized entropy decrease: 6.82365
entropy variable: <<<<f,11>,3>,s>,7>
fud slice cardinality: 2
<<< transer 4.8809e-05s
>>> slicer 
slice size: 58
slice variable: <<<1,57>,s>,1>
<<< slicer 2.163e-05s
>>> searcher 
<<< searcher 0.0258172s
>>> transer 
fud: 98
fud slice size: 58
sized entropy label : 32.917
sized conditional entropy: 22.8747
sized entropy decrease: 10.0423
entropy variable: <<<<f,4>,1>,s>,1>
fud slice cardinality: 2
<<< transer 4.9003e-05s
>>> slicer 
slice size: 40
slice variable: <<<1,60>,s>,1>
<<< slicer 2.1126e-05s
>>> searcher 
<<< searcher 0.0259712s
>>> transer 
fud: 99
fud slice size: 40
sized entropy label : 31.192
sized conditional entropy: 24.2168
sized entropy decrease: 6.97521
entropy variable: <<<<f,9>,4>,s>,1>
fud slice cardinality: 2
<<< transer 5.241e-05s
>>> slicer 
slice size: 48
slice variable: <<<1,57>,s>,2>
<<< slicer 2.3394e-05s
>>> searcher 
<<< searcher 0.0257225s
>>> transer 
fud: 100
fud slice size: 48
sized entropy label : 30.7362
sized conditional entropy: 26.2992
sized entropy decrease: 4.43702
entropy variable: <<<<f,4>,2>,s>,7>
fud slice cardinality: 2
<<< transer 5.0605e-05s
>>> slicer 
slice size: 49
slice variable: <<<1,86>,s>,1>
<<< slicer 2.1272e-05s
>>> searcher 
<<< searcher 0.025722s
>>> transer 
fud: 101
fud slice size: 49
sized entropy label : 29.5027
sized conditional entropy: 26.171
sized entropy decrease: 3.33176
entropy variable: <<<<f,9>,115>,s>,8>
fud slice cardinality: 2
<<< transer 4.8532e-05s
>>> slicer 
slice size: 55
slice variable: <<<1,88>,s>,1>
<<< slicer 2.3999e-05s
>>> searcher 
<<< searcher 0.0253282s
>>> transer 
fud: 102
fud slice size: 55
sized entropy label : 29.102
sized conditional entropy: 23.8106
sized entropy decrease: 5.29142
entropy variable: <<<<f,2>,2>,s>,4>
fud slice cardinality: 2
<<< transer 5.2169e-05s
>>> slicer 
slice size: 107
slice variable: <<<1,93>,s>,2>
<<< slicer 2.3022e-05s
>>> searcher 
<<< searcher 0.0255833s
>>> transer 
fud: 103
fud slice size: 107
sized entropy label : 28.9079
sized conditional entropy: 23.9559
sized entropy decrease: 4.95199
entropy variable: <<<<f,12>,37>,s>,7>
fud slice cardinality: 2
<<< transer 5.1381e-05s
>>> slicer 
slice size: 137
slice variable: <<<1,76>,s>,2>
<<< slicer 2.4732e-05s
>>> searcher 
<<< searcher 0.0258222s
>>> transer 
fud: 104
fud slice size: 137
sized entropy label : 28.8035
sized conditional entropy: 23.0274
sized entropy decrease: 5.77603
entropy variable: <<<<f,12>,4>,s>,1>
fud slice cardinality: 2
<<< transer 4.7863e-05s
>>> slicer 
slice size: 32
slice variable: <<<1,60>,s>,2>
<<< slicer 2.5534e-05s
>>> searcher 
<<< searcher 0.0260743s
>>> transer 
fud: 105
fud slice size: 32
sized entropy label : 28.5963
sized conditional entropy: 21.9737
sized entropy decrease: 6.62259
entropy variable: <<<<f,10>,1>,s>,5>
fud slice cardinality: 2
<<< transer 4.9462e-05s
>>> slicer 
slice size: 56
slice variable: <<<1,24>,s>,2>
<<< slicer 2.1877e-05s
>>> searcher 
<<< searcher 0.0258386s
>>> transer 
fud: 106
fud slice size: 56
sized entropy label : 28.1245
sized conditional entropy: 21.7012
sized entropy decrease: 6.42325
entropy variable: <<<<f,3>,6>,s>,3>
fud slice cardinality: 2
<<< transer 5.1678e-05s
>>> slicer 
slice size: 195
slice variable: <<<1,97>,s>,1>
<<< slicer 2.4892e-05s
>>> searcher 
<<< searcher 0.0265346s
>>> transer 
fud: 107
fud slice size: 195
sized entropy label : 26.7728
sized conditional entropy: 19.0094
sized entropy decrease: 7.76343
entropy variable: <<<<f,11>,39>,s>,1>
fud slice cardinality: 2
<<< transer 4.9032e-05s
>>> slicer 
slice size: 49
slice variable: <<<1,30>,s>,2>
<<< slicer 2.4195e-05s
>>> searcher 
<<< searcher 0.0261407s
>>> transer 
fud: 108
fud slice size: 49
sized entropy label : 26.2939
sized conditional entropy: 21.631
sized entropy decrease: 4.66291
entropy variable: <<<<f,1>,21>,s>,1>
fud slice cardinality: 2
<<< transer 6.0725e-05s
>>> slicer 
slice size: 45
slice variable: <<<1,94>,s>,1>
<<< slicer 2.1917e-05s
>>> searcher 
<<< searcher 0.0269421s
>>> transer 
fud: 109
fud slice size: 45
sized entropy label : 25.0138
sized conditional entropy: 21.5609
sized entropy decrease: 3.45296
entropy variable: <<<<f,7>,5>,s>,8>
fud slice cardinality: 2
<<< transer 5.1743e-05s
>>> slicer 
slice size: 76
slice variable: <<<1,90>,s>,1>
<<< slicer 2.1749e-05s
>>> searcher 
<<< searcher 0.025698s
>>> transer 
fud: 110
fud slice size: 76
sized entropy label : 24.5499
sized conditional entropy: 18.2007
sized entropy decrease: 6.34926
entropy variable: <<<<f,8>,1>,s>,1>
fud slice cardinality: 2
<<< transer 5.3122e-05s
>>> slicer 
slice size: 42
slice variable: <<<1,83>,s>,1>
<<< slicer 2.3183e-05s
>>> searcher 
<<< searcher 0.0264614s
>>> transer 
fud: 111
fud slice size: 42
sized entropy label : 23.9627
sized conditional entropy: 18.0717
sized entropy decrease: 5.89098
entropy variable: <<<<f,10>,2>,s>,7>
fud slice cardinality: 2
<<< transer 5.1272e-05s
>>> slicer 
slice size: 845
slice variable: <<<1,95>,s>,1>
<<< slicer 2.2637e-05s
>>> searcher 
<<< searcher 0.0330802s
>>> transer 
fud: 112
fud slice size: 845
sized entropy label : 23.7722
sized conditional entropy: 18.4191
sized entropy decrease: 5.35304
entropy variable: <<<<f,1>,43>,s>,8>
fud slice cardinality: 2
<<< transer 5.2542e-05s
>>> slicer 
slice size: 74
slice variable: <<<1,91>,s>,1>
<<< slicer 2.5024e-05s
>>> searcher 
<<< searcher 0.0267395s
>>> transer 
fud: 113
fud slice size: 74
sized entropy label : 23.4361
sized conditional entropy: 18.8669
sized entropy decrease: 4.56917
entropy variable: <<<<f,7>,72>,s>,1>
fud slice cardinality: 2
<<< transer 5.3682e-05s
>>> slicer 
slice size: 42
slice variable: <<<1,101>,s>,1>
<<< slicer 2.2305e-05s
>>> searcher 
<<< searcher 0.0267266s
>>> transer 
fud: 114
fud slice size: 42
sized entropy label : 23.1264
sized conditional entropy: 19.371
sized entropy decrease: 3.75541
entropy variable: <<<<f,8>,2>,s>,4>
fud slice cardinality: 2
<<< transer 5.0341e-05s
>>> slicer 
slice size: 36
slice variable: <<<1,98>,s>,1>
<<< slicer 2.2357e-05s
>>> searcher 
<<< searcher 0.0258276s
>>> transer 
fud: 115
fud slice size: 36
sized entropy label : 22.8747
sized conditional entropy: 17.816
sized entropy decrease: 5.05869
entropy variable: <<<<f,8>,15>,s>,4>
fud slice cardinality: 2
<<< transer 5.4176e-05s
>>> slicer 
slice size: 134
slice variable: <<<1,104>,s>,1>
<<< slicer 2.1833e-05s
>>> searcher 
<<< searcher 0.0258931s
>>> transer 
fud: 116
fud slice size: 134
sized entropy label : 21.9288
sized conditional entropy: 16.5474
sized entropy decrease: 5.38141
entropy variable: <<<<f,1>,21>,s>,7>
fud slice cardinality: 2
<<< transer 5.2017e-05s
>>> slicer 
slice size: 36
slice variable: <<<1,109>,s>,1>
<<< slicer 2.4986e-05s
>>> searcher 
<<< searcher 0.0284349s
>>> transer 
fud: 117
fud slice size: 36
sized entropy label : 21.5609
sized conditional entropy: 18.3168
sized entropy decrease: 3.24404
entropy variable: <<<<f,10>,17>,s>,5>
fud slice cardinality: 2
<<< transer 5.1092e-05s
>>> slicer 
slice size: 59
slice variable: <<<1,26>,s>,2>
<<< slicer 2.3967e-05s
>>> searcher 
<<< searcher 0.0256755s
>>> transer 
fud: 118
fud slice size: 59
sized entropy label : 21.5196
sized conditional entropy: 14.2737
sized entropy decrease: 7.2459
entropy variable: <<<<f,2>,2>,s>,7>
fud slice cardinality: 2
<<< transer 5.1982e-05s
>>> slicer 
slice size: 42
slice variable: <<<1,8>,s>,2>
<<< slicer 2.6418e-05s
>>> searcher 
<<< searcher 0.0261467s
>>> transer 
fud: 119
fud slice size: 42
sized entropy label : 21.1095
sized conditional entropy: 12.9852
sized entropy decrease: 8.12435
entropy variable: <<<<f,6>,3>,s>,7>
fud slice cardinality: 2
<<< transer 5.0259e-05s
>>> slicer 
slice size: 102
slice variable: <<<1,89>,s>,1>
<<< slicer 2.22e-05s
>>> searcher 
<<< searcher 0.0269523s
>>> transer 
fud: 120
fud slice size: 102
sized entropy label : 21.0208
sized conditional entropy: 16.6113
sized entropy decrease: 4.40947
entropy variable: <<<<f,10>,6>,s>,1>
fud slice cardinality: 2
<<< transer 9.5492e-05s
>>> slicer 
slice size: 101
slice variable: <<<1,103>,s>,1>
<<< slicer 2.2877e-05s
>>> searcher 
<<< searcher 0.0268191s
>>> transer 
fud: 121
fud slice size: 101
sized entropy label : 20.9602
sized conditional entropy: 17.4005
sized entropy decrease: 3.5597
entropy variable: <<<<f,12>,17>,s>,7>
fud slice cardinality: 2
<<< transer 5.0551e-05s
>>> slicer 
slice size: 1759
slice variable: <<<1,92>,s>,1>
<<< slicer 2.2964e-05s
>>> searcher 
<<< searcher 0.0410835s
>>> transer 
fud: 122
fud slice size: 1759
sized entropy label : 20.624
sized conditional entropy: 14.2501
sized entropy decrease: 6.37389
entropy variable: <<<<f,1>,7>,s>,5>
fud slice cardinality: 2
<<< transer 5.1618e-05s
>>> slicer 
slice size: 53
slice variable: <<<1,106>,s>,1>
<<< slicer 2.6973e-05s
>>> searcher 
<<< searcher 0.0255851s
>>> transer 
fud: 123
fud slice size: 53
sized entropy label : 20.6026
sized conditional entropy: 14.5663
sized entropy decrease: 6.03625
entropy variable: <<<<f,8>,19>,s>,8>
fud slice cardinality: 2
<<< transer 5.332e-05s
>>> slicer 
slice size: 34
slice variable: <<<1,99>,s>,1>
<<< slicer 2.195e-05s
>>> searcher 
<<< searcher 0.0254384s
>>> transer 
fud: 124
fud slice size: 34
sized entropy label : 20.1224
sized conditional entropy: 15.4642
sized entropy decrease: 4.6582
entropy variable: <<<<f,12>,4>,s>,5>
fud slice cardinality: 2
<<< transer 5.2103e-05s
>>> slicer 
slice size: 32
slice variable: <<<1,100>,s>,1>
<<< slicer 2.1452e-05s
>>> searcher 
<<< searcher 0.0255932s
>>> transer 
fud: 125
fud slice size: 32
sized entropy label : 19.9713
sized conditional entropy: 15.0267
sized entropy decrease: 4.94456
entropy variable: <<<<f,6>,102>,s>,3>
fud slice cardinality: 2
<<< transer 5.2511e-05s
>>> slicer 
slice size: 41
slice variable: <<<1,59>,s>,2>
<<< slicer 2.4222e-05s
>>> searcher 
<<< searcher 0.0254557s
>>> transer 
fud: 126
fud slice size: 41
sized entropy label : 19.6744
sized conditional entropy: 14.5299
sized entropy decrease: 5.14451
entropy variable: <<<<f,2>,12>,s>,4>
fud slice cardinality: 2
<<< transer 5.3089e-05s
>>> slicer 
slice size: 46
slice variable: <<<1,102>,s>,1>
<<< slicer 2.1972e-05s
>>> searcher 
<<< searcher 0.0253144s
>>> transer 
fud: 127
fud slice size: 46
sized entropy label : 19.3798
sized conditional entropy: 13.8939
sized entropy decrease: 5.48584
entropy variable: <<<<f,2>,1>,s>,1>
fud slice cardinality: 2
<<< transer 5.1024e-05s
<<< applicationer 3.89717s


