hr->dimension: 361
hr->size: 6054
>>> applicationer
>>> searcher 
<<< searcher 0.00536934s
>>> transer 
fud: 1
fud slice size: 6054
sized entropy label : 11703.2
sized conditional entropy: 771.389
sized entropy decrease: 10931.8
entropy variable: <scan,359>
<<< transer 0.000333755s
>>> slicer 
slice size: 1410
slice variable: <<<1,1>,s>,8>
<<< slicer 0.000189782s
>>> searcher 
<<< searcher 0.00280054s
>>> transer 
fud: 2
fud slice size: 1410
sized entropy label : 139.341
sized conditional entropy: 61.8473
sized entropy decrease: 77.4937
entropy variable: <scan,1>
fud slice cardinality: 8
<<< transer 0.000359932s
>>> slicer 
slice size: 698
slice variable: <<<1,1>,s>,5>
<<< slicer 0.000146283s
>>> searcher 
<<< searcher 0.00232666s
>>> transer 
fud: 3
fud slice size: 698
sized entropy label : 129.487
sized conditional entropy: 73.7819
sized entropy decrease: 55.7048
entropy variable: <scan,1>
fud slice cardinality: 8
<<< transer 0.000232127s
>>> slicer 
slice size: 695
slice variable: <<<1,1>,s>,6>
<<< slicer 9.6623e-05s
>>> searcher 
<<< searcher 0.00217499s
>>> transer 
fud: 4
fud slice size: 695
sized entropy label : 128
sized conditional entropy: 76.1006
sized entropy decrease: 51.8993
entropy variable: <scan,1>
fud slice cardinality: 8
<<< transer 0.000225968s
>>> slicer 
slice size: 826
slice variable: <<<1,1>,s>,4>
<<< slicer 9.7008e-05s
>>> searcher 
<<< searcher 0.00246948s
>>> transer 
fud: 5
fud slice size: 826
sized entropy label : 127.927
sized conditional entropy: 73.2645
sized entropy decrease: 54.6625
entropy variable: <scan,1>
fud slice cardinality: 8
<<< transer 0.000240596s
>>> slicer 
slice size: 874
slice variable: <<<1,1>,s>,3>
<<< slicer 0.000117796s
>>> searcher 
<<< searcher 0.00241944s
>>> transer 
fud: 6
fud slice size: 874
sized entropy label : 112.945
sized conditional entropy: 63.1422
sized entropy decrease: 49.8032
entropy variable: <scan,1>
fud slice cardinality: 8
<<< transer 0.000224813s
>>> slicer 
slice size: 623
slice variable: <<<1,1>,s>,7>
<<< slicer 7.4681e-05s
>>> searcher 
<<< searcher 0.00168186s
>>> transer 
fud: 7
fud slice size: 623
sized entropy label : 72.8862
sized conditional entropy: 38.4709
sized entropy decrease: 34.4153
entropy variable: <scan,1>
fud slice cardinality: 8
<<< transer 0.000220193s
>>> slicer 
slice size: 888
slice variable: <<<1,1>,s>,2>
<<< slicer 9.6624e-05s
>>> searcher 
<<< searcher 0.00188396s
>>> transer 
fud: 8
fud slice size: 888
sized entropy label : 57.1142
sized conditional entropy: 40.2114
sized entropy decrease: 16.9028
entropy variable: <scan,2>
fud slice cardinality: 8
<<< transer 0.000175924s
>>> slicer 
slice size: 626
slice variable: <<<1,3>,s>,5>
<<< slicer 7.4296e-05s
>>> searcher 
<<< searcher 0.00182391s
>>> transer 
fud: 9
fud slice size: 626
sized entropy label : 39.5612
sized conditional entropy: 25.7282
sized entropy decrease: 13.8329
entropy variable: <scan,103>
fud slice cardinality: 8
<<< transer 0.000166685s
>>> slicer 
slice size: 620
slice variable: <<<1,4>,s>,6>
<<< slicer 7.3526e-05s
>>> searcher 
<<< searcher 0.00183354s
>>> transer 
fud: 10
fud slice size: 620
sized entropy label : 39.4934
sized conditional entropy: 27.8925
sized entropy decrease: 11.6009
entropy variable: <scan,46>
fud slice cardinality: 8
<<< transer 0.000169765s
>>> slicer 
slice size: 822
slice variable: <<<1,6>,s>,3>
<<< slicer 8.3535e-05s
>>> searcher 
<<< searcher 0.00199483s
>>> transer 
fud: 11
fud slice size: 822
sized entropy label : 36.381
sized conditional entropy: 24.5115
sized entropy decrease: 11.8694
entropy variable: <scan,174>
fud slice cardinality: 8
<<< transer 0.000167455s
>>> slicer 
slice size: 752
slice variable: <<<1,5>,s>,4>
<<< slicer 7.6605e-05s
>>> searcher 
<<< searcher 0.0021773s
>>> transer 
fud: 12
fud slice size: 752
sized entropy label : 36.1329
sized conditional entropy: 25.3451
sized entropy decrease: 10.7878
entropy variable: <scan,180>
fud slice cardinality: 8
<<< transer 0.000253684s
>>> slicer 
slice size: 861
slice variable: <<<1,8>,s>,2>
<<< slicer 7.93e-05s
>>> searcher 
<<< searcher 0.00311582s
>>> transer 
fud: 13
fud slice size: 861
sized entropy label : 28.9913
sized conditional entropy: 12.3772
sized entropy decrease: 16.6141
entropy variable: <scan,357>
fud slice cardinality: 8
<<< transer 0.000179004s
>>> slicer 
slice size: 1325
slice variable: <<<1,2>,s>,8>
<<< slicer 7.6991e-05s
>>> searcher 
<<< searcher 0.00286868s
>>> transer 
fud: 14
fud slice size: 1325
sized entropy label : 26.9604
sized conditional entropy: 18.2064
sized entropy decrease: 8.75398
entropy variable: <scan,234>
fud slice cardinality: 8
<<< transer 0.000221734s
>>> slicer 
slice size: 43
slice variable: <<<1,5>,s>,3>
<<< slicer 8.007e-05s
>>> searcher 
<<< searcher 0.00170958s
>>> transer 
fud: 15
fud slice size: 43
sized entropy label : 25.0848
sized conditional entropy: 12.4776
sized entropy decrease: 12.6072
entropy variable: <scan,46>
fud slice cardinality: 8
<<< transer 0.000221734s
>>> slicer 
slice size: 43
slice variable: <<<1,4>,s>,5>
<<< slicer 7.0447e-05s
>>> searcher 
<<< searcher 0.00143511s
>>> transer 
fud: 16
fud slice size: 43
sized entropy label : 25.0848
sized conditional entropy: 15.9535
sized entropy decrease: 9.13133
entropy variable: <scan,157>
fud slice cardinality: 8
<<< transer 0.000182083s
>>> slicer 
slice size: 39
slice variable: <<<1,3>,s>,4>
<<< slicer 7.2756e-05s
>>> searcher 
<<< searcher 0.00144165s
>>> transer 
fud: 17
fud slice size: 39
sized entropy label : 22.087
sized conditional entropy: 9.92388
sized entropy decrease: 12.1631
entropy variable: <scan,210>
fud slice cardinality: 8
<<< transer 0.000172074s
>>> slicer 
slice size: 43
slice variable: <<<1,2>,s>,7>
<<< slicer 7.0832e-05s
>>> searcher 
<<< searcher 0.00141394s
>>> transer 
fud: 18
fud slice size: 43
sized entropy label : 18.7923
sized conditional entropy: 7.5807
sized entropy decrease: 11.2116
entropy variable: <scan,247>
fud slice cardinality: 8
<<< transer 0.00016784s
>>> slicer 
slice size: 30
slice variable: <<<1,6>,s>,2>
<<< slicer 7.0832e-05s
>>> searcher 
<<< searcher 0.00174038s
>>> transer 
fud: 19
fud slice size: 30
sized entropy label : 18.2756
sized conditional entropy: 8.64294
sized entropy decrease: 9.63263
entropy variable: <scan,168>
fud slice cardinality: 8
<<< transer 0.000228662s
>>> slicer 
slice size: 28
slice variable: <<<1,7>,s>,8>
<<< slicer 7.3142e-05s
>>> searcher 
<<< searcher 0.00135812s
>>> transer 
fud: 20
fud slice size: 28
sized entropy label : 13.9844
sized conditional entropy: 6.7334
sized entropy decrease: 7.25104
entropy variable: <scan,172>
fud slice cardinality: 8
<<< transer 0.000170919s
>>> slicer 
slice size: 34
slice variable: <<<1,7>,s>,6>
<<< slicer 8.6229e-05s
>>> searcher 
<<< searcher 0.00138429s
>>> transer 
fud: 21
fud slice size: 34
sized entropy label : 12.5363
sized conditional entropy: 4.94164
sized entropy decrease: 7.59465
entropy variable: <scan,173>
fud slice cardinality: 8
<<< transer 0.000165146s
>>> slicer 
slice size: 33
slice variable: <<<1,13>,s>,3>
<<< slicer 7.1216e-05s
>>> searcher 
<<< searcher 0.0013585s
>>> transer 
fud: 22
fud slice size: 33
sized entropy label : 12.3772
sized conditional entropy: 3.3322
sized entropy decrease: 9.04503
entropy variable: <scan,157>
fud slice cardinality: 8
<<< transer 0.00016091s
>>> slicer 
slice size: 557
slice variable: <<<1,7>,s>,7>
<<< slicer 7.0446e-05s
>>> searcher 
<<< searcher 0.00170804s
>>> transer 
fud: 23
fud slice size: 557
sized entropy label : 11.9502
sized conditional entropy: 5.6204
sized entropy decrease: 6.32979
entropy variable: <scan,313>
fud slice cardinality: 8
<<< transer 0.000180928s
>>> slicer 
slice size: 23
slice variable: <<<1,4>,s>,7>
<<< slicer 7.5066e-05s
>>> searcher 
<<< searcher 0.00130076s
>>> transer 
fud: 24
fud slice size: 23
sized entropy label : 11.5224
sized conditional entropy: 1.60944
sized entropy decrease: 9.91291
entropy variable: <scan,205>
fud slice cardinality: 8
<<< transer 0.000267158s
>>> slicer 
slice size: 22
slice variable: <<<1,8>,s>,3>
<<< slicer 7.0447e-05s
>>> searcher 
<<< searcher 0.00130345s
>>> transer 
fud: 25
fud slice size: 22
sized entropy label : 11.2201
sized conditional entropy: 0
sized entropy decrease: 11.2201
entropy variable: <scan,170>
fud slice cardinality: 8
<<< transer 0.000159756s
>>> slicer 
slice size: 241
slice variable: <<<1,9>,s>,2>
<<< slicer 6.9677e-05s
>>> searcher 
<<< searcher 0.00154674s
>>> transer 
fud: 26
fud slice size: 241
sized entropy label : 10.2723
sized conditional entropy: 3.80666
sized entropy decrease: 6.46563
entropy variable: <scan,358>
fud slice cardinality: 8
<<< transer 0.000168609s
>>> slicer 
slice size: 20
slice variable: <<<1,5>,s>,5>
<<< slicer 8.161e-05s
>>> searcher 
<<< searcher 0.00132732s
>>> transer 
fud: 27
fud slice size: 20
sized entropy label : 9.64885
sized conditional entropy: 2.89037
sized entropy decrease: 6.75848
entropy variable: <scan,303>
fud slice cardinality: 8
<<< transer 0.000187473s
>>> slicer 
slice size: 20
slice variable: <<<1,3>,s>,6>
<<< slicer 7.1601e-05s
>>> searcher 
<<< searcher 0.00177464s
>>> transer 
fud: 28
fud slice size: 20
sized entropy label : 9.64885
sized conditional entropy: 1.79176
sized entropy decrease: 7.85709
entropy variable: <scan,316>
fud slice cardinality: 8
<<< transer 0.00016861s
>>> slicer 
slice size: 119
slice variable: <<<1,10>,s>,3>
<<< slicer 7.1216e-05s
>>> searcher 
<<< searcher 0.00147899s
>>> transer 
fud: 29
fud slice size: 119
sized entropy label : 9.54981
sized conditional entropy: 2.48491
sized entropy decrease: 7.0649
entropy variable: <scan,352>
fud slice cardinality: 8
<<< transer 0.000162066s
>>> slicer 
slice size: 19
slice variable: <<<1,2>,s>,3>
<<< slicer 7.1217e-05s
>>> searcher 
<<< searcher 0.00128959s
>>> transer 
fud: 30
fud slice size: 19
sized entropy label : 9.36117
sized conditional entropy: 2.70805
sized entropy decrease: 6.65312
entropy variable: <scan,114>
fud slice cardinality: 8
<<< transer 0.000159756s
>>> slicer 
slice size: 18
slice variable: <<<1,16>,s>,3>
<<< slicer 7.0062e-05s
>>> searcher 
<<< searcher 0.00136043s
>>> transer 
fud: 31
fud slice size: 18
sized entropy label : 9.05579
sized conditional entropy: 2.30259
sized entropy decrease: 6.7532
entropy variable: <scan,42>
fud slice cardinality: 8
<<< transer 0.000165916s
>>> slicer 
slice size: 112
slice variable: <<<1,12>,s>,6>
<<< slicer 7.0831e-05s
>>> searcher 
<<< searcher 0.00143549s
>>> transer 
fud: 32
fud slice size: 112
sized entropy label : 8.73488
sized conditional entropy: 2.07944
sized entropy decrease: 6.65544
entropy variable: <scan,307>
fud slice cardinality: 8
<<< transer 0.000162835s
>>> slicer 
slice size: 20
slice variable: <<<1,6>,s>,4>
<<< slicer 7.2756e-05s
>>> searcher 
<<< searcher 0.00130576s
>>> transer 
fud: 33
fud slice size: 20
sized entropy label : 8.4857
sized conditional entropy: 1.79176
sized entropy decrease: 6.69394
entropy variable: <scan,196>
fud slice cardinality: 8
<<< transer 0.00016245s
>>> slicer 
slice size: 56
slice variable: <<<1,11>,s>,2>
<<< slicer 7.0447e-05s
>>> searcher 
<<< searcher 0.00135003s
>>> transer 
fud: 34
fud slice size: 56
sized entropy label : 8.03268
sized conditional entropy: 2.07944
sized entropy decrease: 5.95324
entropy variable: <scan,284>
fud slice cardinality: 8
<<< transer 0.000159756s
>>> slicer 
slice size: 76
slice variable: <<<1,14>,s>,7>
<<< slicer 7.1601e-05s
>>> searcher 
<<< searcher 0.00136197s
>>> transer 
fud: 35
fud slice size: 76
sized entropy label : 7.95507
sized conditional entropy: 2.56495
sized entropy decrease: 5.39012
entropy variable: <scan,226>
fud slice cardinality: 8
<<< transer 0.000158986s
>>> slicer 
slice size: 72
slice variable: <<<1,11>,s>,5>
<<< slicer 7.0832e-05s
>>> searcher 
<<< searcher 0.00137275s
>>> transer 
fud: 36
fud slice size: 72
sized entropy label : 7.8462
sized conditional entropy: 0
sized entropy decrease: 7.8462
entropy variable: <scan,326>
fud slice cardinality: 8
<<< transer 0.00016399s
>>> slicer 
slice size: 44
slice variable: <<<1,12>,s>,4>
<<< slicer 7.1217e-05s
>>> searcher 
<<< searcher 0.0014609s
>>> transer 
fud: 37
fud slice size: 44
sized entropy label : 6.85224
sized conditional entropy: 0.693147
sized entropy decrease: 6.1591
entropy variable: <scan,140>
fud slice cardinality: 8
<<< transer 0.000175924s
>>> slicer 
slice size: 39
slice variable: <<<1,9>,s>,7>
<<< slicer 7.2372e-05s
>>> searcher 
<<< searcher 0.00134541s
>>> transer 
fud: 38
fud slice size: 39
sized entropy label : 6.608
sized conditional entropy: 1.79176
sized entropy decrease: 4.81624
entropy variable: <scan,138>
fud slice cardinality: 8
<<< transer 0.000165915s
>>> slicer 
slice size: 24
slice variable: <<<1,23>,s>,5>
<<< slicer 7.1216e-05s
>>> searcher 
<<< searcher 0.00133001s
>>> transer 
fud: 39
fud slice size: 24
sized entropy label : 5.6204
sized conditional entropy: 0
sized entropy decrease: 5.6204
entropy variable: <scan,4>
fud slice cardinality: 8
<<< transer 0.000173999s
>>> slicer 
slice size: 262
slice variable: <<<1,12>,s>,8>
<<< slicer 7.0447e-05s
>>> searcher 
<<< searcher 0.00168109s
>>> transer 
fud: 40
fud slice size: 262
sized entropy label : 5.56834
sized conditional entropy: 2.56495
sized entropy decrease: 3.0034
entropy variable: <scan,227>
fud slice cardinality: 8
<<< transer 0.000228663s
>>> slicer 
slice size: 236
slice variable: <<<1,14>,s>,4>
<<< slicer 9.8163e-05s
>>> searcher 
<<< searcher 0.00163413s
>>> transer 
fud: 41
fud slice size: 236
sized entropy label : 5.46383
sized conditional entropy: 1.09861
sized entropy decrease: 4.36522
entropy variable: <scan,50>
fud slice cardinality: 8
<<< transer 0.000240211s
>>> slicer 
slice size: 19
slice variable: <<<1,10>,s>,1>
<<< slicer 7.8531e-05s
>>> searcher 
<<< searcher 0.00126919s
>>> transer 
fud: 42
fud slice size: 19
sized entropy label : 5.14166
sized conditional entropy: 0
sized entropy decrease: 5.14166
entropy variable: <scan,255>
fud slice cardinality: 8
<<< transer 0.000178619s
>>> slicer 
slice size: 11
slice variable: <<<1,16>,s>,4>
<<< slicer 7.2756e-05s
>>> searcher 
<<< searcher 0.00127997s
>>> transer 
fud: 43
fud slice size: 11
sized entropy label : 5.10595
sized conditional entropy: 0
sized entropy decrease: 5.10595
entropy variable: <scan,41>
fud slice cardinality: 8
<<< transer 0.000162066s
>>> slicer 
slice size: 18
slice variable: <<<1,15>,s>,2>
<<< slicer 6.9677e-05s
>>> searcher 
<<< searcher 0.00130884s
>>> transer 
fud: 44
fud slice size: 18
sized entropy label : 5.03044
sized conditional entropy: 0.693147
sized entropy decrease: 4.33729
entropy variable: <scan,356>
fud slice cardinality: 8
<<< transer 0.000168225s
>>> slicer 
slice size: 148
slice variable: <<<1,10>,s>,2>
<<< slicer 7.0832e-05s
>>> searcher 
<<< searcher 0.00143049s
>>> transer 
fud: 45
fud slice size: 148
sized entropy label : 4.99721
sized conditional entropy: 1.38629
sized entropy decrease: 3.61092
entropy variable: <scan,256>
fud slice cardinality: 8
<<< transer 0.00016784s
>>> slicer 
slice size: 7
slice variable: <<<1,2>,s>,4>
<<< slicer 7.2756e-05s
>>> searcher 
<<< searcher 0.00175231s
>>> transer 
fud: 46
fud slice size: 7
sized entropy label : 4.94164
sized conditional entropy: 0
sized entropy decrease: 4.94164
entropy variable: <scan,40>
fud slice cardinality: 8
<<< transer 0.000213649s
>>> slicer 
slice size: 120
slice variable: <<<1,14>,s>,6>
<<< slicer 7.5836e-05s
>>> searcher 
<<< searcher 0.00156907s
>>> transer 
fud: 47
fud slice size: 120
sized entropy label : 4.78749
sized conditional entropy: 0.693147
sized entropy decrease: 4.09434
entropy variable: <scan,295>
fud slice cardinality: 8
<<< transer 0.000179773s
>>> slicer 
slice size: 92
slice variable: <<<1,11>,s>,3>
<<< slicer 0.000172845s
>>> searcher 
<<< searcher 0.00149401s
>>> transer 
fud: 48
fud slice size: 92
sized entropy label : 4.52179
sized conditional entropy: 0
sized entropy decrease: 4.52179
entropy variable: <scan,170>
fud slice cardinality: 8
<<< transer 0.000172459s
>>> slicer 
slice size: 85
slice variable: <<<1,10>,s>,4>
<<< slicer 7.1601e-05s
>>> searcher 
<<< searcher 0.00142741s
>>> transer 
fud: 49
fud slice size: 85
sized entropy label : 4.44265
sized conditional entropy: 1.09861
sized entropy decrease: 3.34404
entropy variable: <scan,146>
fud slice cardinality: 8
<<< transer 0.0001663s
>>> slicer 
slice size: 9
slice variable: <<<1,17>,s>,8>
<<< slicer 7.2756e-05s
>>> searcher 
<<< searcher 0.00128882s
>>> transer 
fud: 50
fud slice size: 9
sized entropy label : 4.43082
sized conditional entropy: 0
sized entropy decrease: 4.43082
entropy variable: <scan,28>
fud slice cardinality: 8
<<< transer 0.000168995s
>>> slicer 
slice size: 66
slice variable: <<<1,12>,s>,2>
<<< slicer 7.0447e-05s
>>> searcher 
<<< searcher 0.00139469s
>>> transer 
fud: 51
fud slice size: 66
sized entropy label : 4.18965
sized conditional entropy: 0
sized entropy decrease: 4.18965
entropy variable: <scan,89>
fud slice cardinality: 8
<<< transer 0.000163991s
>>> slicer 
slice size: 61
slice variable: <<<1,11>,s>,4>
<<< slicer 7.1601e-05s
>>> searcher 
<<< searcher 0.00139623s
>>> transer 
fud: 52
fud slice size: 61
sized entropy label : 4.11087
sized conditional entropy: 0
sized entropy decrease: 4.11087
entropy variable: <scan,16>
fud slice cardinality: 8
<<< transer 0.0001663s
>>> slicer 
slice size: 10
slice variable: <<<1,26>,s>,6>
<<< slicer 7.1987e-05s
>>> searcher 
<<< searcher 0.00129652s
>>> transer 
fud: 53
fud slice size: 10
sized entropy label : 3.80666
sized conditional entropy: 0
sized entropy decrease: 3.80666
entropy variable: <scan,40>
fud slice cardinality: 8
<<< transer 0.000163606s
>>> slicer 
slice size: 10
slice variable: <<<1,19>,s>,8>
<<< slicer 7.0832e-05s
>>> searcher 
<<< searcher 0.00128921s
>>> transer 
fud: 54
fud slice size: 10
sized entropy label : 3.80666
sized conditional entropy: 0
sized entropy decrease: 3.80666
entropy variable: <scan,152>
fud slice cardinality: 8
<<< transer 0.00016476s
>>> slicer 
slice size: 43
slice variable: <<<1,10>,s>,7>
<<< slicer 9.4698e-05s
>>> searcher 
<<< searcher 0.00209376s
>>> transer 
fud: 55
fud slice size: 43
sized entropy label : 3.7612
sized conditional entropy: 0
sized entropy decrease: 3.7612
entropy variable: <scan,266>
fud slice cardinality: 8
<<< transer 0.000172074s
>>> slicer 
slice size: 40
slice variable: <<<1,9>,s>,6>
<<< slicer 7.2372e-05s
>>> searcher 
<<< searcher 0.0013943s
>>> transer 
fud: 56
fud slice size: 40
sized entropy label : 3.68888
sized conditional entropy: 0
sized entropy decrease: 3.68888
entropy variable: <scan,12>
fud slice cardinality: 8
<<< transer 0.000225198s
>>> slicer 
slice size: 40
slice variable: <<<1,1>,s>,1>
<<< slicer 7.6606e-05s
>>> searcher 
<<< searcher 0.00131654s
>>> transer 
fud: 57
fud slice size: 40
sized entropy label : 3.68888
sized conditional entropy: 0
sized entropy decrease: 3.68888
entropy variable: <scan,192>
fud slice cardinality: 8
<<< transer 0.000277552s
>>> slicer 
slice size: 7
slice variable: <<<1,18>,s>,7>
<<< slicer 8.6999e-05s
>>> searcher 
<<< searcher 0.00132655s
>>> transer 
fud: 58
fud slice size: 7
sized entropy label : 3.55535
sized conditional entropy: 0
sized entropy decrease: 3.55535
entropy variable: <scan,12>
fud slice cardinality: 8
<<< transer 0.000213265s
>>> slicer 
slice size: 7
slice variable: <<<1,15>,s>,3>
<<< slicer 7.0832e-05s
>>> searcher 
<<< searcher 0.00120991s
>>> transer 
fud: 59
fud slice size: 7
sized entropy label : 3.55535
sized conditional entropy: 0.693147
sized entropy decrease: 2.8622
entropy variable: <scan,76>
fud slice cardinality: 8
<<< transer 0.000218269s
>>> slicer 
slice size: 29
slice variable: <<<1,9>,s>,4>
<<< slicer 0.000106632s
>>> searcher 
<<< searcher 0.00128267s
>>> transer 
fud: 60
fud slice size: 29
sized entropy label : 3.3673
sized conditional entropy: 0
sized entropy decrease: 3.3673
entropy variable: <scan,92>
fud slice cardinality: 8
<<< transer 0.000210185s
>>> slicer 
slice size: 8
slice variable: <<<1,18>,s>,6>
<<< slicer 0.000102398s
>>> searcher 
<<< searcher 0.00128074s
>>> transer 
fud: 61
fud slice size: 8
sized entropy label : 3.3322
sized conditional entropy: 0
sized entropy decrease: 3.3322
entropy variable: <scan,37>
fud slice cardinality: 8
<<< transer 0.000210955s
>>> slicer 
slice size: 7
slice variable: <<<1,20>,s>,5>
<<< slicer 9.3544e-05s
>>> searcher 
<<< searcher 0.0012638s
>>> transer 
fud: 62
fud slice size: 7
sized entropy label : 3.04452
sized conditional entropy: 0
sized entropy decrease: 3.04452
entropy variable: <scan,28>
fud slice cardinality: 8
<<< transer 0.000221734s
>>> slicer 
slice size: 7
slice variable: <<<1,19>,s>,3>
<<< slicer 8.5844e-05s
>>> searcher 
<<< searcher 0.00120837s
>>> transer 
fud: 63
fud slice size: 7
sized entropy label : 3.04452
sized conditional entropy: 0
sized entropy decrease: 3.04452
entropy variable: <scan,260>
fud slice cardinality: 8
<<< transer 0.000229047s
>>> slicer 
slice size: 6
slice variable: <<<1,30>,s>,4>
<<< slicer 0.000100858s
>>> searcher 
<<< searcher 0.00120645s
>>> transer 
fud: 64
fud slice size: 6
sized entropy label : 2.70805
sized conditional entropy: 0
sized entropy decrease: 2.70805
entropy variable: <scan,218>
fud slice cardinality: 8
<<< transer 0.000210185s
>>> slicer 
slice size: 13
slice variable: <<<1,40>,s>,7>
<<< slicer 0.000103167s
>>> searcher 
<<< searcher 0.001223s
>>> transer 
fud: 65
fud slice size: 13
sized entropy label : 2.56495
sized conditional entropy: 0
sized entropy decrease: 2.56495
entropy variable: <scan,40>
fud slice cardinality: 8
<<< transer 0.000220578s
>>> slicer 
slice size: 13
slice variable: <<<1,35>,s>,5>
<<< slicer 0.000102013s
>>> searcher 
<<< searcher 0.00122377s
>>> transer 
fud: 66
fud slice size: 13
sized entropy label : 2.56495
sized conditional entropy: 0
sized entropy decrease: 2.56495
entropy variable: <scan,260>
fud slice cardinality: 8
<<< transer 0.00020826s
>>> slicer 
slice size: 4
slice variable: <<<1,29>,s>,5>
<<< slicer 9.3928e-05s
>>> searcher 
<<< searcher 0.00122492s
>>> transer 
fud: 67
fud slice size: 4
sized entropy label : 2.48491
sized conditional entropy: 0
sized entropy decrease: 2.48491
entropy variable: <scan,16>
fud slice cardinality: 8
<<< transer 0.000227893s
>>> slicer 
slice size: 12
slice variable: <<<1,3>,s>,8>
<<< slicer 9.3929e-05s
>>> searcher 
<<< searcher 0.00129999s
>>> transer 
fud: 68
fud slice size: 12
sized entropy label : 2.48491
sized conditional entropy: 0
sized entropy decrease: 2.48491
entropy variable: <scan,32>
fud slice cardinality: 8
<<< transer 0.0002098s
>>> slicer 
slice size: 11
slice variable: <<<1,5>,s>,8>
<<< slicer 8.5845e-05s
>>> searcher 
<<< searcher 0.00124802s
>>> transer 
fud: 69
fud slice size: 11
sized entropy label : 2.3979
sized conditional entropy: 0
sized entropy decrease: 2.3979
entropy variable: <scan,28>
fud slice cardinality: 8
<<< transer 0.000222888s
>>> slicer 
slice size: 9
slice variable: <<<1,17>,s>,6>
<<< slicer 9.4314e-05s
>>> searcher 
<<< searcher 0.00122762s
>>> transer 
fud: 70
fud slice size: 9
sized entropy label : 2.19722
sized conditional entropy: 0
sized entropy decrease: 2.19722
entropy variable: <scan,40>
fud slice cardinality: 8
<<< transer 0.00020903s
>>> slicer 
slice size: 8
slice variable: <<<1,34>,s>,8>
<<< slicer 9.4313e-05s
>>> searcher 
<<< searcher 0.00121722s
>>> transer 
fud: 71
fud slice size: 8
sized entropy label : 2.07944
sized conditional entropy: 0
sized entropy decrease: 2.07944
entropy variable: <scan,16>
fud slice cardinality: 8
<<< transer 0.00021134s
>>> slicer 
slice size: 7
slice variable: <<<1,22>,s>,3>
<<< slicer 9.8163e-05s
>>> searcher 
<<< searcher 0.00128151s
>>> transer 
fud: 72
fud slice size: 7
sized entropy label : 1.94591
sized conditional entropy: 0
sized entropy decrease: 1.94591
entropy variable: <scan,32>
fud slice cardinality: 8
<<< transer 0.00020903s
>>> slicer 
slice size: 7
slice variable: <<<1,21>,s>,4>
<<< slicer 9.3928e-05s
>>> searcher 
<<< searcher 0.00127843s
>>> transer 
fud: 73
fud slice size: 7
sized entropy label : 1.94591
sized conditional entropy: 0
sized entropy decrease: 1.94591
entropy variable: <scan,16>
fud slice cardinality: 8
<<< transer 0.000181314s
>>> slicer 
slice size: 7
slice variable: <<<1,15>,s>,4>
<<< slicer 7.4681e-05s
>>> searcher 
<<< searcher 0.00128536s
>>> transer 
fud: 74
fud slice size: 7
sized entropy label : 1.94591
sized conditional entropy: 0
sized entropy decrease: 1.94591
entropy variable: <scan,4>
fud slice cardinality: 8
<<< transer 0.000159756s
>>> slicer 
slice size: 7
slice variable: <<<1,15>,s>,1>
<<< slicer 7.0447e-05s
>>> searcher 
<<< searcher 0.00125764s
>>> transer 
fud: 75
fud slice size: 7
sized entropy label : 1.94591
sized conditional entropy: 0
sized entropy decrease: 1.94591
entropy variable: <scan,256>
fud slice cardinality: 8
<<< transer 0.000159371s
>>> slicer 
slice size: 6
slice variable: <<<1,16>,s>,6>
<<< slicer 7.1216e-05s
>>> searcher 
<<< searcher 0.00125918s
>>> transer 
fud: 76
fud slice size: 6
sized entropy label : 1.79176
sized conditional entropy: 0
sized entropy decrease: 1.79176
entropy variable: <scan,12>
fud slice cardinality: 8
<<< transer 0.000160141s
>>> slicer 
slice size: 6
slice variable: <<<1,9>,s>,5>
<<< slicer 7.0062e-05s
>>> searcher 
<<< searcher 0.00126958s
>>> transer 
fud: 77
fud slice size: 6
sized entropy label : 1.79176
sized conditional entropy: 0
sized entropy decrease: 1.79176
entropy variable: <scan,16>
fud slice cardinality: 8
<<< transer 0.000159371s
>>> slicer 
slice size: 4
slice variable: <<<1,33>,s>,7>
<<< slicer 7.0447e-05s
>>> searcher 
<<< searcher 0.00126842s
>>> transer 
fud: 78
fud slice size: 4
sized entropy label : 1.79176
sized conditional entropy: 0
sized entropy decrease: 1.79176
entropy variable: <scan,8>
fud slice cardinality: 8
<<< transer 0.00016707s
>>> slicer 
slice size: 4
slice variable: <<<1,28>,s>,6>
<<< slicer 6.9677e-05s
>>> searcher 
<<< searcher 0.00126688s
>>> transer 
fud: 79
fud slice size: 4
sized entropy label : 1.79176
sized conditional entropy: 0
sized entropy decrease: 1.79176
entropy variable: <scan,280>
fud slice cardinality: 8
<<< transer 0.000171304s
>>> slicer 
slice size: 4
slice variable: <<<1,27>,s>,3>
<<< slicer 7.0446e-05s
>>> searcher 
<<< searcher 0.00127227s
>>> transer 
fud: 80
fud slice size: 4
sized entropy label : 1.79176
sized conditional entropy: 0
sized entropy decrease: 1.79176
entropy variable: <scan,8>
fud slice cardinality: 8
<<< transer 0.000158216s
>>> slicer 
slice size: 4
slice variable: <<<1,2>,s>,5>
<<< slicer 7.0832e-05s
>>> searcher 
<<< searcher 0.0012511s
>>> transer 
fud: 81
fud slice size: 4
sized entropy label : 1.79176
sized conditional entropy: 0
sized entropy decrease: 1.79176
entropy variable: <scan,12>
fud slice cardinality: 8
<<< transer 0.000158986s
>>> slicer 
slice size: 5
slice variable: <<<1,31>,s>,2>
<<< slicer 7.0832e-05s
>>> searcher 
<<< searcher 0.00125918s
>>> transer 
fud: 82
fud slice size: 5
sized entropy label : 1.60944
sized conditional entropy: 0
sized entropy decrease: 1.60944
entropy variable: <scan,140>
fud slice cardinality: 8
<<< transer 0.00016168s
>>> slicer 
slice size: 5
slice variable: <<<1,24>,s>,7>
<<< slicer 7.1216e-05s
>>> searcher 
<<< searcher 0.00128844s
>>> transer 
fud: 83
fud slice size: 5
sized entropy label : 1.60944
sized conditional entropy: 0
sized entropy decrease: 1.60944
entropy variable: <scan,20>
fud slice cardinality: 8
<<< transer 0.000168995s
>>> slicer 
slice size: 5
slice variable: <<<1,21>,s>,8>
<<< slicer 7.5066e-05s
>>> searcher 
<<< searcher 0.0012588s
>>> transer 
fud: 84
fud slice size: 5
sized entropy label : 1.60944
sized conditional entropy: 0
sized entropy decrease: 1.60944
entropy variable: <scan,4>
fud slice cardinality: 8
<<< transer 0.000158985s
>>> slicer 
slice size: 5
slice variable: <<<1,20>,s>,4>
<<< slicer 7.0831e-05s
>>> searcher 
<<< searcher 0.00126958s
>>> transer 
fud: 85
fud slice size: 5
sized entropy label : 1.60944
sized conditional entropy: 0
sized entropy decrease: 1.60944
entropy variable: <scan,16>
fud slice cardinality: 8
<<< transer 0.000158986s
>>> slicer 
slice size: 4
slice variable: <<<1,45>,s>,3>
<<< slicer 7.1217e-05s
>>> searcher 
<<< searcher 0.00126842s
>>> transer 
fud: 86
fud slice size: 4
sized entropy label : 1.38629
sized conditional entropy: 0
sized entropy decrease: 1.38629
entropy variable: <scan,8>
fud slice cardinality: 8
<<< transer 0.000160911s
>>> slicer 
slice size: 4
slice variable: <<<1,32>,s>,7>
<<< slicer 7.0832e-05s
>>> searcher 
<<< searcher 0.00127535s
>>> transer 
fud: 87
fud slice size: 4
sized entropy label : 1.38629
sized conditional entropy: 0
sized entropy decrease: 1.38629
entropy variable: <scan,4>
fud slice cardinality: 8
<<< transer 0.000159756s
>>> slicer 
slice size: 4
slice variable: <<<1,22>,s>,4>
<<< slicer 7.0832e-05s
>>> searcher 
<<< searcher 0.00134503s
>>> transer 
fud: 88
fud slice size: 4
sized entropy label : 1.38629
sized conditional entropy: 0
sized entropy decrease: 1.38629
entropy variable: <scan,52>
fud slice cardinality: 8
<<< transer 0.00016784s
>>> slicer 
slice size: 4
slice variable: <<<1,21>,s>,2>
<<< slicer 7.0831e-05s
>>> searcher 
<<< searcher 0.00126303s
>>> transer 
fud: 89
fud slice size: 4
sized entropy label : 1.38629
sized conditional entropy: 0
sized entropy decrease: 1.38629
entropy variable: <scan,20>
fud slice cardinality: 8
<<< transer 0.000160911s
>>> slicer 
slice size: 4
slice variable: <<<1,20>,s>,3>
<<< slicer 7.0831e-05s
>>> searcher 
<<< searcher 0.00127882s
>>> transer 
fud: 90
fud slice size: 4
sized entropy label : 1.38629
sized conditional entropy: 0
sized entropy decrease: 1.38629
entropy variable: <scan,28>
fud slice cardinality: 8
<<< transer 0.000162451s
>>> slicer 
slice size: 3
slice variable: <<<1,49>,s>,4>
<<< slicer 7.0447e-05s
>>> searcher 
<<< searcher 0.00126457s
>>> transer 
fud: 91
fud slice size: 3
sized entropy label : 1.09861
sized conditional entropy: 0
sized entropy decrease: 1.09861
entropy variable: <scan,20>
fud slice cardinality: 8
<<< transer 0.000160526s
>>> slicer 
slice size: 3
slice variable: <<<1,41>,s>,6>
<<< slicer 7.0447e-05s
>>> searcher 
<<< searcher 0.00156984s
>>> transer 
fud: 92
fud slice size: 3
sized entropy label : 1.09861
sized conditional entropy: 0
sized entropy decrease: 1.09861
entropy variable: <scan,4>
fud slice cardinality: 8
<<< transer 0.000174769s
>>> slicer 
slice size: 3
slice variable: <<<1,38>,s>,3>
<<< slicer 7.2756e-05s
>>> searcher 
<<< searcher 0.00192785s
>>> transer 
fud: 93
fud slice size: 3
sized entropy label : 1.09861
sized conditional entropy: 0
sized entropy decrease: 1.09861
entropy variable: <scan,12>
fud slice cardinality: 8
<<< transer 0.000168225s
>>> slicer 
slice size: 3
slice variable: <<<1,27>,s>,7>
<<< slicer 7.3142e-05s
>>> searcher 
<<< searcher 0.00136351s
>>> transer 
fud: 94
fud slice size: 3
sized entropy label : 1.09861
sized conditional entropy: 0
sized entropy decrease: 1.09861
entropy variable: <scan,24>
fud slice cardinality: 8
<<< transer 0.000189398s
>>> slicer 
slice size: 3
slice variable: <<<1,19>,s>,4>
<<< slicer 7.3911e-05s
>>> searcher 
<<< searcher 0.00129191s
>>> transer 
fud: 95
fud slice size: 3
sized entropy label : 1.09861
sized conditional entropy: 0
sized entropy decrease: 1.09861
entropy variable: <scan,60>
fud slice cardinality: 8
<<< transer 0.000162451s
>>> slicer 
slice size: 3
slice variable: <<<1,17>,s>,7>
<<< slicer 7.699e-05s
>>> searcher 
<<< searcher 0.00128113s
>>> transer 
fud: 96
fud slice size: 3
sized entropy label : 1.09861
sized conditional entropy: 0
sized entropy decrease: 1.09861
entropy variable: <scan,36>
fud slice cardinality: 8
<<< transer 0.000165915s
>>> slicer 
slice size: 3
slice variable: <<<1,17>,s>,5>
<<< slicer 7.0447e-05s
>>> searcher 
<<< searcher 0.00127574s
>>> transer 
fud: 97
fud slice size: 3
sized entropy label : 1.09861
sized conditional entropy: 0
sized entropy decrease: 1.09861
entropy variable: <scan,16>
fud slice cardinality: 8
<<< transer 0.000171304s
>>> slicer 
slice size: 3
slice variable: <<<1,17>,s>,3>
<<< slicer 7.0446e-05s
>>> searcher 
<<< searcher 0.00127497s
>>> transer 
fud: 98
fud slice size: 3
sized entropy label : 1.09861
sized conditional entropy: 0
sized entropy decrease: 1.09861
entropy variable: <scan,276>
fud slice cardinality: 8
<<< transer 0.000160141s
>>> slicer 
slice size: 2
slice variable: <<<1,59>,s>,4>
<<< slicer 7.0831e-05s
>>> searcher 
<<< searcher 0.00126727s
>>> transer 
fud: 99
fud slice size: 2
sized entropy label : 0.693147
sized conditional entropy: 0
sized entropy decrease: 0.693147
entropy variable: <scan,68>
fud slice cardinality: 8
<<< transer 0.000236362s
>>> slicer 
slice size: 2
slice variable: <<<1,47>,s>,7>
<<< slicer 7.3142e-05s
>>> searcher 
<<< searcher 0.00178195s
>>> transer 
fud: 100
fud slice size: 2
sized entropy label : 0.693147
sized conditional entropy: 0
sized entropy decrease: 0.693147
entropy variable: <scan,4>
fud slice cardinality: 8
<<< transer 0.000225583s
>>> slicer 
slice size: 2
slice variable: <<<1,44>,s>,8>
<<< slicer 7.1601e-05s
>>> searcher 
<<< searcher 0.0012357s
>>> transer 
fud: 101
fud slice size: 2
sized entropy label : 0.693147
sized conditional entropy: 0
sized entropy decrease: 0.693147
entropy variable: <scan,12>
fud slice cardinality: 8
<<< transer 0.000161296s
>>> slicer 
slice size: 2
slice variable: <<<1,38>,s>,2>
<<< slicer 7.1217e-05s
>>> searcher 
<<< searcher 0.00136928s
>>> transer 
fud: 102
fud slice size: 2
sized entropy label : 0.693147
sized conditional entropy: 0
sized entropy decrease: 0.693147
entropy variable: <scan,20>
fud slice cardinality: 8
<<< transer 0.00016553s
>>> slicer 
slice size: 2
slice variable: <<<1,37>,s>,1>
<<< slicer 8.0071e-05s
>>> searcher 
<<< searcher 0.00125033s
>>> transer 
fud: 103
fud slice size: 2
sized entropy label : 0.693147
sized conditional entropy: 0
sized entropy decrease: 0.693147
entropy variable: <scan,24>
fud slice cardinality: 8
<<< transer 0.00016168s
>>> slicer 
slice size: 2
slice variable: <<<1,32>,s>,4>
<<< slicer 7.0831e-05s
>>> searcher 
<<< searcher 0.00126265s
>>> transer 
fud: 104
fud slice size: 2
sized entropy label : 0.693147
sized conditional entropy: 0
sized entropy decrease: 0.693147
entropy variable: <scan,4>
fud slice cardinality: 8
<<< transer 0.000182853s
>>> slicer 
slice size: 2
slice variable: <<<1,31>,s>,3>
<<< slicer 7.1601e-05s
>>> searcher 
<<< searcher 0.00128036s
>>> transer 
fud: 105
fud slice size: 2
sized entropy label : 0.693147
sized conditional entropy: 0
sized entropy decrease: 0.693147
entropy variable: <scan,12>
fud slice cardinality: 8
<<< transer 0.000162065s
>>> slicer 
slice size: 2
slice variable: <<<1,20>,s>,6>
<<< slicer 7.1216e-05s
>>> searcher 
<<< searcher 0.00126804s
>>> transer 
fud: 106
fud slice size: 2
sized entropy label : 0.693147
sized conditional entropy: 0
sized entropy decrease: 0.693147
entropy variable: <scan,20>
fud slice cardinality: 8
<<< transer 0.000163606s
>>> slicer 
slice size: 2
slice variable: <<<1,19>,s>,6>
<<< slicer 7.0832e-05s
>>> searcher 
<<< searcher 0.00128652s
>>> transer 
fud: 107
fud slice size: 2
sized entropy label : 0.693147
sized conditional entropy: 0
sized entropy decrease: 0.693147
entropy variable: <scan,20>
fud slice cardinality: 8
<<< transer 0.000208645s
>>> slicer 
slice size: 2
slice variable: <<<1,18>,s>,1>
<<< slicer 7.1601e-05s
>>> searcher 
<<< searcher 0.00132501s
>>> transer 
fud: 108
fud slice size: 2
sized entropy label : 0.693147
sized conditional entropy: 0
sized entropy decrease: 0.693147
entropy variable: <scan,48>
fud slice cardinality: 8
<<< transer 0.000236747s
>>> slicer 
no slices
<<< applicationer 0.208578s


