hr->dimension: 363
hr->size: 6054
>>> applicationer
>>> searcher 
<<< searcher 0.178637s
>>> transer 
fud: 1
fud slice size: 6054
sized entropy label : 2653.77
sized conditional entropy: 2203.21
sized entropy decrease: 450.564
entropy variable: <<<<f,1>,1>,s>,5>
<<< transer 0.000263693s
>>> slicer 
slice size: 5162
slice variable: <<<1,1>,s>,1>
<<< slicer 9.3159e-05s
>>> searcher 
<<< searcher 0.206802s
>>> transer 
fud: 2
fud slice size: 5162
sized entropy label : 1498.66
sized conditional entropy: 1323.96
sized entropy decrease: 174.705
entropy variable: <<<<f,1>,2>,s>,1>
fud slice cardinality: 2
<<< transer 0.000324131s
>>> slicer 
slice size: 4457
slice variable: <<<1,2>,s>,1>
<<< slicer 5.4664e-05s
>>> searcher 
<<< searcher 0.168659s
>>> transer 
fud: 3
fud slice size: 4457
sized entropy label : 919.38
sized conditional entropy: 846.645
sized entropy decrease: 72.7345
entropy variable: <<<<f,2>,1>,s>,5>
fud slice cardinality: 2
<<< transer 0.000156291s
>>> slicer 
slice size: 892
slice variable: <<<1,1>,s>,2>
<<< slicer 6.9677e-05s
>>> searcher 
<<< searcher 0.0701047s
>>> transer 
fud: 4
fud slice size: 892
sized entropy label : 704.55
sized conditional entropy: 662.162
sized entropy decrease: 42.3872
entropy variable: <<<<f,3>,1>,s>,5>
fud slice cardinality: 2
<<< transer 0.00016476s
>>> slicer 
slice size: 3949
slice variable: <<<1,3>,s>,1>
<<< slicer 4.6964e-05s
>>> searcher 
<<< searcher 0.139404s
>>> transer 
fud: 5
fud slice size: 3949
sized entropy label : 659.147
sized conditional entropy: 605.256
sized entropy decrease: 53.891
entropy variable: <<<<f,11>,2>,s>,1>
fud slice cardinality: 2
<<< transer 0.0001228s
>>> slicer 
slice size: 3885
slice variable: <<<1,5>,s>,1>
<<< slicer 5.0429e-05s
>>> searcher 
<<< searcher 0.053763s
>>> transer 
fud: 6
fud slice size: 3885
sized entropy label : 566.331
sized conditional entropy: 544.276
sized entropy decrease: 22.0552
entropy variable: <<<<f,5>,1>,s>,5>
fud slice cardinality: 2
<<< transer 0.00012126s
>>> slicer 
slice size: 705
slice variable: <<<1,2>,s>,2>
<<< slicer 5.4279e-05s
>>> searcher 
<<< searcher 0.0355586s
>>> transer 
fud: 7
fud slice size: 705
sized entropy label : 404.575
sized conditional entropy: 356.164
sized entropy decrease: 48.4116
entropy variable: <<<<f,1>,13>,s>,7>
fud slice cardinality: 2
<<< transer 0.000162066s
>>> slicer 
slice size: 1989
slice variable: <<<1,6>,s>,1>
<<< slicer 4.8119e-05s
>>> searcher 
<<< searcher 0.0473089s
>>> transer 
fud: 8
fud slice size: 1989
sized entropy label : 400.668
sized conditional entropy: 381.095
sized entropy decrease: 19.5724
entropy variable: <<<<f,12>,15>,s>,1>
fud slice cardinality: 2
<<< transer 0.000122801s
>>> slicer 
slice size: 1947
slice variable: <<<1,8>,s>,1>
<<< slicer 4.8504e-05s
>>> searcher 
<<< searcher 0.0454292s
>>> transer 
fud: 9
fud slice size: 1947
sized entropy label : 359.986
sized conditional entropy: 342.533
sized entropy decrease: 17.4522
entropy variable: <<<<f,6>,2>,s>,7>
fud slice cardinality: 2
<<< transer 0.000121261s
>>> slicer 
slice size: 501
slice variable: <<<1,4>,s>,2>
<<< slicer 5.0429e-05s
>>> searcher 
<<< searcher 0.0280069s
>>> transer 
fud: 10
fud slice size: 501
sized entropy label : 340.217
sized conditional entropy: 322.246
sized entropy decrease: 17.9713
entropy variable: <<<<f,12>,4>,s>,5>
fud slice cardinality: 2
<<< transer 0.000143972s
>>> slicer 
slice size: 391
slice variable: <<<1,4>,s>,1>
<<< slicer 4.5809e-05s
>>> searcher 
<<< searcher 0.0296526s
>>> transer 
fud: 11
fud slice size: 391
sized entropy label : 321.946
sized conditional entropy: 294.586
sized entropy decrease: 27.3595
entropy variable: <<<<f,4>,2>,s>,4>
fud slice cardinality: 2
<<< transer 0.000121261s
>>> slicer 
slice size: 1047
slice variable: <<<1,9>,s>,1>
<<< slicer 4.4655e-05s
>>> searcher 
<<< searcher 0.037831s
>>> transer 
fud: 12
fud slice size: 1047
sized entropy label : 256.994
sized conditional entropy: 238.472
sized entropy decrease: 18.522
entropy variable: <<<<f,7>,3>,s>,7>
fud slice cardinality: 2
<<< transer 0.000227123s
>>> slicer 
slice size: 703
slice variable: <<<1,12>,s>,1>
<<< slicer 4.735e-05s
>>> searcher 
<<< searcher 0.033956s
>>> transer 
fud: 13
fud slice size: 703
sized entropy label : 226.794
sized conditional entropy: 212.446
sized entropy decrease: 14.348
entropy variable: <<<<f,2>,24>,s>,1>
fud slice cardinality: 2
<<< transer 0.000121646s
>>> slicer 
slice size: 318
slice variable: <<<1,10>,s>,1>
<<< slicer 4.6579e-05s
>>> searcher 
<<< searcher 0.0500036s
>>> transer 
fud: 14
fud slice size: 318
sized entropy label : 216.686
sized conditional entropy: 199.456
sized entropy decrease: 17.2302
entropy variable: <<<<f,4>,1>,s>,5>
fud slice cardinality: 2
<<< transer 0.00012588s
>>> slicer 
slice size: 306
slice variable: <<<1,7>,s>,1>
<<< slicer 4.9274e-05s
>>> searcher 
<<< searcher 0.0320443s
>>> transer 
fud: 15
fud slice size: 306
sized entropy label : 213.577
sized conditional entropy: 184.397
sized entropy decrease: 29.18
entropy variable: <<<<f,1>,13>,s>,1>
fud slice cardinality: 2
<<< transer 0.00016168s
>>> slicer 
slice size: 692
slice variable: <<<1,13>,s>,1>
<<< slicer 4.3884e-05s
>>> searcher 
<<< searcher 0.0331807s
>>> transer 
fud: 16
fud slice size: 692
sized entropy label : 204.701
sized conditional entropy: 191.858
sized entropy decrease: 12.8427
entropy variable: <<<<f,8>,16>,s>,1>
fud slice cardinality: 2
<<< transer 0.000125495s
>>> slicer 
slice size: 508
slice variable: <<<1,3>,s>,2>
<<< slicer 4.6965e-05s
>>> searcher 
<<< searcher 0.0531694s
>>> transer 
fud: 17
fud slice size: 508
sized entropy label : 187.498
sized conditional entropy: 169.383
sized entropy decrease: 18.1156
entropy variable: <<<<f,1>,63>,s>,5>
fud slice cardinality: 2
<<< transer 0.000196327s
>>> slicer 
slice size: 269
slice variable: <<<1,11>,s>,1>
<<< slicer 4.427e-05s
>>> searcher 
<<< searcher 0.0251055s
>>> transer 
fud: 18
fud slice size: 269
sized entropy label : 185.539
sized conditional entropy: 171.631
sized entropy decrease: 13.9086
entropy variable: <<<<f,6>,7>,s>,8>
fud slice cardinality: 2
<<< transer 0.000128189s
>>> slicer 
slice size: 276
slice variable: <<<1,15>,s>,1>
<<< slicer 4.35e-05s
>>> searcher 
<<< searcher 0.0597075s
>>> transer 
fud: 19
fud slice size: 276
sized entropy label : 184.397
sized conditional entropy: 168.842
sized entropy decrease: 15.5548
entropy variable: <<<<f,4>,2>,s>,4>
fud slice cardinality: 2
<<< transer 0.000123956s
>>> slicer 
slice size: 671
slice variable: <<<1,16>,s>,1>
<<< slicer 4.4655e-05s
>>> searcher 
<<< searcher 0.0628302s
>>> transer 
fud: 20
fud slice size: 671
sized entropy label : 178.249
sized conditional entropy: 166.799
sized entropy decrease: 11.4495
entropy variable: <<<<f,3>,42>,s>,1>
fud slice cardinality: 2
<<< transer 0.00012203s
>>> slicer 
slice size: 389
slice variable: <<<1,17>,s>,1>
<<< slicer 4.504e-05s
>>> searcher 
<<< searcher 0.0508447s
>>> transer 
fud: 21
fud slice size: 389
sized entropy label : 169.383
sized conditional entropy: 160.659
sized entropy decrease: 8.72368
entropy variable: <<<<f,3>,12>,s>,4>
fud slice cardinality: 2
<<< transer 0.00012203s
>>> slicer 
slice size: 250
slice variable: <<<1,19>,s>,1>
<<< slicer 5.3508e-05s
>>> searcher 
<<< searcher 0.0509051s
>>> transer 
fud: 22
fud slice size: 250
sized entropy label : 163.058
sized conditional entropy: 153.11
sized entropy decrease: 9.94761
entropy variable: <<<<f,1>,54>,s>,1>
fud slice cardinality: 2
<<< transer 0.000157062s
>>> slicer 
slice size: 662
slice variable: <<<1,20>,s>,1>
<<< slicer 5.7358e-05s
>>> searcher 
<<< searcher 0.0616019s
>>> transer 
fud: 23
fud slice size: 662
sized entropy label : 161.963
sized conditional entropy: 151.841
sized entropy decrease: 10.1221
entropy variable: <<<<f,6>,36>,s>,7>
fud slice cardinality: 2
<<< transer 0.000153597s
>>> slicer 
slice size: 220
slice variable: <<<1,18>,s>,1>
<<< slicer 0.000143973s
>>> searcher 
<<< searcher 0.0389196s
>>> transer 
fud: 24
fud slice size: 220
sized entropy label : 157.17
sized conditional entropy: 142.917
sized entropy decrease: 14.2522
entropy variable: <<<<f,2>,1>,s>,1>
fud slice cardinality: 2
<<< transer 0.000159756s
>>> slicer 
slice size: 379
slice variable: <<<1,21>,s>,1>
<<< slicer 4.3115e-05s
>>> searcher 
<<< searcher 0.0512154s
>>> transer 
fud: 25
fud slice size: 379
sized entropy label : 155.872
sized conditional entropy: 148.129
sized entropy decrease: 7.7423
entropy variable: <<<<f,9>,33>,s>,1>
fud slice cardinality: 2
<<< transer 0.00016014s
>>> slicer 
slice size: 655
slice variable: <<<1,23>,s>,1>
<<< slicer 4.3499e-05s
>>> searcher 
<<< searcher 0.0609671s
>>> transer 
fud: 26
fud slice size: 655
sized entropy label : 148.285
sized conditional entropy: 138.226
sized entropy decrease: 10.0595
entropy variable: <<<<f,11>,7>,s>,8>
fud slice cardinality: 2
<<< transer 0.000155521s
>>> slicer 
slice size: 375
slice variable: <<<1,25>,s>,1>
<<< slicer 6.0438e-05s
>>> searcher 
<<< searcher 0.0489669s
>>> transer 
fud: 27
fud slice size: 375
sized entropy label : 148.129
sized conditional entropy: 142.152
sized entropy decrease: 5.97767
entropy variable: <<<<f,8>,32>,s>,3>
fud slice cardinality: 2
<<< transer 0.00012511s
>>> slicer 
slice size: 1896
slice variable: <<<1,6>,s>,2>
<<< slicer 4.5809e-05s
>>> searcher 
<<< searcher 0.101926s
>>> transer 
fud: 28
fud slice size: 1896
sized entropy label : 143.608
sized conditional entropy: 129.463
sized entropy decrease: 14.1447
entropy variable: <<<<f,2>,13>,s>,1>
fud slice cardinality: 2
<<< transer 0.000157446s
>>> slicer 
slice size: 399
slice variable: <<<1,7>,s>,2>
<<< slicer 6.3133e-05s
>>> searcher 
<<< searcher 0.0512589s
>>> transer 
fud: 29
fud slice size: 399
sized entropy label : 142.587
sized conditional entropy: 133.207
sized entropy decrease: 9.37972
entropy variable: <<<<f,7>,3>,s>,7>
fud slice cardinality: 2
<<< transer 0.00012126s
>>> slicer 
slice size: 372
slice variable: <<<1,27>,s>,1>
<<< slicer 4.3884e-05s
>>> searcher 
<<< searcher 0.0489973s
>>> transer 
fud: 30
fud slice size: 372
sized entropy label : 142.152
sized conditional entropy: 136.544
sized entropy decrease: 5.60811
entropy variable: <<<<f,10>,26>,s>,4>
fud slice cardinality: 2
<<< transer 0.000159371s
>>> slicer 
slice size: 1893
slice variable: <<<1,28>,s>,1>
<<< slicer 5.9668e-05s
>>> searcher 
<<< searcher 0.0893913s
>>> transer 
fud: 31
fud slice size: 1893
sized entropy label : 129.463
sized conditional entropy: 117.071
sized entropy decrease: 12.3922
entropy variable: <<<<f,2>,98>,s>,1>
fud slice cardinality: 2
<<< transer 0.000123955s
>>> slicer 
slice size: 596
slice variable: <<<1,26>,s>,1>
<<< slicer 4.8504e-05s
>>> searcher 
<<< searcher 0.0504698s
>>> transer 
fud: 32
fud slice size: 596
sized entropy label : 116.706
sized conditional entropy: 106.568
sized entropy decrease: 10.1382
entropy variable: <<<<f,4>,2>,s>,7>
fud slice cardinality: 2
<<< transer 0.000123955s
>>> slicer 
slice size: 164
slice variable: <<<1,24>,s>,1>
<<< slicer 4.6194e-05s
>>> searcher 
<<< searcher 0.0323015s
>>> transer 
fud: 33
fud slice size: 164
sized entropy label : 114.793
sized conditional entropy: 107.859
sized entropy decrease: 6.93348
entropy variable: <<<<f,6>,10>,s>,8>
fud slice cardinality: 2
<<< transer 0.000127419s
>>> slicer 
slice size: 323
slice variable: <<<1,30>,s>,1>
<<< slicer 4.3499e-05s
>>> searcher 
<<< searcher 0.0402581s
>>> transer 
fud: 34
fud slice size: 323
sized entropy label : 110.25
sized conditional entropy: 104.62
sized entropy decrease: 5.62934
entropy variable: <<<<f,5>,2>,s>,7>
fud slice cardinality: 2
<<< transer 0.000236746s
>>> slicer 
slice size: 1877
slice variable: <<<1,31>,s>,1>
<<< slicer 4.4655e-05s
>>> searcher 
<<< searcher 0.0968602s
>>> transer 
fud: 35
fud slice size: 1877
sized entropy label : 109.565
sized conditional entropy: 100.281
sized entropy decrease: 9.2838
entropy variable: <<<<f,11>,58>,s>,7>
fud slice cardinality: 2
<<< transer 0.000188628s
>>> slicer 
slice size: 122
slice variable: <<<1,11>,s>,2>
<<< slicer 4.8119e-05s
>>> searcher 
<<< searcher 0.0270603s
>>> transer 
fud: 36
fud slice size: 122
sized entropy label : 109.047
sized conditional entropy: 90.1001
sized entropy decrease: 18.9469
entropy variable: <<<<f,2>,12>,s>,7>
fud slice cardinality: 2
<<< transer 0.000156291s
>>> slicer 
slice size: 157
slice variable: <<<1,33>,s>,1>
<<< slicer 5.6588e-05s
>>> searcher 
<<< searcher 0.0318888s
>>> transer 
fud: 37
fud slice size: 157
sized entropy label : 105.913
sized conditional entropy: 99.1347
sized entropy decrease: 6.77876
entropy variable: <<<<f,6>,6>,s>,3>
fud slice cardinality: 2
<<< transer 0.000123956s
>>> slicer 
slice size: 183
slice variable: <<<1,10>,s>,2>
<<< slicer 4.5809e-05s
>>> searcher 
<<< searcher 0.0324012s
>>> transer 
fud: 38
fud slice size: 183
sized entropy label : 105.56
sized conditional entropy: 96.6106
sized entropy decrease: 8.94912
entropy variable: <<<<f,7>,6>,s>,3>
fud slice cardinality: 2
<<< transer 0.000141663s
>>> slicer 
slice size: 162
slice variable: <<<1,14>,s>,2>
<<< slicer 4.5809e-05s
>>> searcher 
<<< searcher 0.0391229s
>>> transer 
fud: 39
fud slice size: 162
sized entropy label : 105.048
sized conditional entropy: 93.4213
sized entropy decrease: 11.627
entropy variable: <<<<f,11>,1>,s>,1>
fud slice cardinality: 2
<<< transer 0.000155522s
>>> slicer 
slice size: 1874
slice variable: <<<1,35>,s>,1>
<<< slicer 6.6212e-05s
>>> searcher 
<<< searcher 0.138792s
>>> transer 
fud: 40
fud slice size: 1874
sized entropy label : 99.1821
sized conditional entropy: 90.3215
sized entropy decrease: 8.86056
entropy variable: <<<<f,8>,66>,s>,7>
fud slice cardinality: 2
<<< transer 0.000158601s
>>> slicer 
slice size: 156
slice variable: <<<1,14>,s>,1>
<<< slicer 5.0813e-05s
>>> searcher 
<<< searcher 0.0393858s
>>> transer 
fud: 41
fud slice size: 156
sized entropy label : 94.4074
sized conditional entropy: 80.6213
sized entropy decrease: 13.7861
entropy variable: <<<<f,12>,13>,s>,7>
fud slice cardinality: 2
<<< transer 0.000122801s
>>> slicer 
slice size: 302
slice variable: <<<1,34>,s>,1>
<<< slicer 4.5424e-05s
>>> searcher 
<<< searcher 0.0429039s
>>> transer 
fud: 42
fud slice size: 302
sized entropy label : 92.9566
sized conditional entropy: 87.1259
sized entropy decrease: 5.83066
entropy variable: <<<<f,9>,16>,s>,1>
fud slice cardinality: 2
<<< transer 0.000121645s
>>> slicer 
slice size: 137
slice variable: <<<1,37>,s>,1>
<<< slicer 4.5424e-05s
>>> searcher 
<<< searcher 0.0350866s
>>> transer 
fud: 43
fud slice size: 137
sized entropy label : 92.0959
sized conditional entropy: 81.6738
sized entropy decrease: 10.4222
entropy variable: <<<<f,2>,6>,s>,3>
fud slice cardinality: 2
<<< transer 0.0001228s
>>> slicer 
slice size: 157
slice variable: <<<1,22>,s>,1>
<<< slicer 4.4655e-05s
>>> searcher 
<<< searcher 0.04555s
>>> transer 
fud: 44
fud slice size: 157
sized entropy label : 91.4034
sized conditional entropy: 79.6174
sized entropy decrease: 11.786
entropy variable: <<<<f,6>,1>,s>,9>
fud slice cardinality: 2
<<< transer 0.000156291s
>>> slicer 
slice size: 199
slice variable: <<<1,29>,s>,1>
<<< slicer 6.4672e-05s
>>> searcher 
<<< searcher 0.0423565s
>>> transer 
fud: 45
fud slice size: 199
sized entropy label : 90.3103
sized conditional entropy: 79.1096
sized entropy decrease: 11.2007
entropy variable: <<<<f,4>,1>,s>,5>
fud slice cardinality: 2
<<< transer 0.000122415s
>>> slicer 
slice size: 166
slice variable: <<<1,38>,s>,1>
<<< slicer 4.427e-05s
>>> searcher 
<<< searcher 0.0363712s
>>> transer 
fud: 46
fud slice size: 166
sized entropy label : 87.8802
sized conditional entropy: 79.301
sized entropy decrease: 8.57916
entropy variable: <<<<f,10>,44>,s>,8>
fud slice cardinality: 2
<<< transer 0.000250605s
>>> slicer 
slice size: 86
slice variable: <<<1,36>,s>,1>
<<< slicer 4.6965e-05s
>>> searcher 
<<< searcher 0.0238737s
>>> transer 
fud: 47
fud slice size: 86
sized entropy label : 86.5166
sized conditional entropy: 75.212
sized entropy decrease: 11.3046
entropy variable: <<<<f,2>,59>,s>,1>
fud slice cardinality: 2
<<< transer 0.0001228s
>>> slicer 
slice size: 298
slice variable: <<<1,42>,s>,1>
<<< slicer 4.504e-05s
>>> searcher 
<<< searcher 0.0425247s
>>> transer 
fud: 48
fud slice size: 298
sized entropy label : 85.7396
sized conditional entropy: 79.7765
sized entropy decrease: 5.9631
entropy variable: <<<<f,1>,40>,s>,6>
fud slice cardinality: 2
<<< transer 0.000162835s
>>> slicer 
slice size: 900
slice variable: <<<1,9>,s>,2>
<<< slicer 4.8505e-05s
>>> searcher 
<<< searcher 0.0636552s
>>> transer 
fud: 49
fud slice size: 900
sized entropy label : 85.5389
sized conditional entropy: 76.4996
sized entropy decrease: 9.03933
entropy variable: <<<<f,3>,75>,s>,1>
fud slice cardinality: 2
<<< transer 0.000154366s
>>> slicer 
slice size: 140
slice variable: <<<1,39>,s>,1>
<<< slicer 4.812e-05s
>>> searcher 
<<< searcher 0.0428592s
>>> transer 
fud: 50
fud slice size: 140
sized entropy label : 84.5236
sized conditional entropy: 77.0762
sized entropy decrease: 7.44739
entropy variable: <<<<f,10>,1>,s>,1>
fud slice cardinality: 2
<<< transer 0.000123185s
>>> slicer 
slice size: 1857
slice variable: <<<1,40>,s>,1>
<<< slicer 4.6964e-05s
>>> searcher 
<<< searcher 0.102023s
>>> transer 
fud: 51
fud slice size: 1857
sized entropy label : 82.7008
sized conditional entropy: 73.5397
sized entropy decrease: 9.16112
entropy variable: <<<<f,5>,32>,s>,3>
fud slice cardinality: 2
<<< transer 0.000123956s
>>> slicer 
slice size: 122
slice variable: <<<1,43>,s>,1>
<<< slicer 5.0044e-05s
>>> searcher 
<<< searcher 0.033556s
>>> transer 
fud: 52
fud slice size: 122
sized entropy label : 81.6738
sized conditional entropy: 75.7205
sized entropy decrease: 5.95329
entropy variable: <<<<f,7>,2>,s>,4>
fud slice cardinality: 2
<<< transer 0.000127034s
>>> slicer 
slice size: 898
slice variable: <<<1,49>,s>,1>
<<< slicer 5.1584e-05s
>>> searcher 
<<< searcher 0.0626659s
>>> transer 
fud: 53
fud slice size: 898
sized entropy label : 75.8065
sized conditional entropy: 66.9077
sized entropy decrease: 8.89875
entropy variable: <<<<f,8>,113>,s>,3>
fud slice cardinality: 2
<<< transer 0.000160911s
>>> slicer 
slice size: 220
slice variable: <<<1,48>,s>,1>
<<< slicer 4.6964e-05s
>>> searcher 
<<< searcher 0.0335572s
>>> transer 
fud: 54
fud slice size: 220
sized entropy label : 75.4198
sized conditional entropy: 70.0644
sized entropy decrease: 5.35537
entropy variable: <<<<f,5>,54>,s>,2>
fud slice cardinality: 2
<<< transer 0.00016014s
>>> slicer 
slice size: 111
slice variable: <<<1,50>,s>,1>
<<< slicer 4.5424e-05s
>>> searcher 
<<< searcher 0.0342582s
>>> transer 
fud: 55
fud slice size: 111
sized entropy label : 71.0699
sized conditional entropy: 65.8434
sized entropy decrease: 5.22648
entropy variable: <<<<f,5>,30>,s>,1>
fud slice cardinality: 2
<<< transer 0.000160141s
>>> slicer 
slice size: 514
slice variable: <<<1,32>,s>,1>
<<< slicer 5.8898e-05s
>>> searcher 
<<< searcher 0.0502557s
>>> transer 
fud: 56
fud slice size: 514
sized entropy label : 70.1622
sized conditional entropy: 61.7681
sized entropy decrease: 8.39407
entropy variable: <<<<f,12>,16>,s>,1>
fud slice cardinality: 2
<<< transer 0.000162066s
>>> slicer 
slice size: 106
slice variable: <<<1,52>,s>,1>
<<< slicer 7.0447e-05s
>>> searcher 
<<< searcher 0.0290721s
>>> transer 
fud: 57
fud slice size: 106
sized entropy label : 69.3925
sized conditional entropy: 63.6533
sized entropy decrease: 5.73928
entropy variable: <<<<f,7>,1>,s>,9>
fud slice cardinality: 2
<<< transer 0.000162451s
>>> slicer 
slice size: 216
slice variable: <<<1,54>,s>,1>
<<< slicer 4.4655e-05s
>>> searcher 
<<< searcher 0.0353184s
>>> transer 
fud: 58
fud slice size: 216
sized entropy label : 68.6781
sized conditional entropy: 64.0678
sized entropy decrease: 4.61035
entropy variable: <<<<f,8>,2>,s>,1>
fud slice cardinality: 2
<<< transer 0.000160141s
>>> slicer 
slice size: 103
slice variable: <<<1,41>,s>,1>
<<< slicer 4.6194e-05s
>>> searcher 
<<< searcher 0.0312956s
>>> transer 
fud: 59
fud slice size: 103
sized entropy label : 68.034
sized conditional entropy: 59.5592
sized entropy decrease: 8.47476
entropy variable: <<<<f,7>,10>,s>,8>
fud slice cardinality: 2
<<< transer 0.00016476s
>>> slicer 
slice size: 72
slice variable: <<<1,47>,s>,1>
<<< slicer 4.504e-05s
>>> searcher 
<<< searcher 0.0218842s
>>> transer 
fud: 60
fud slice size: 72
sized entropy label : 67.0711
sized conditional entropy: 59.7883
sized entropy decrease: 7.2828
entropy variable: <<<<f,2>,1>,s>,1>
fud slice cardinality: 2
<<< transer 0.00017169s
>>> slicer 
slice size: 896
slice variable: <<<1,53>,s>,1>
<<< slicer 4.3885e-05s
>>> searcher 
<<< searcher 0.0528122s
>>> transer 
fud: 61
fud slice size: 896
sized entropy label : 66.9077
sized conditional entropy: 59.8584
sized entropy decrease: 7.0493
entropy variable: <<<<f,2>,85>,s>,8>
fud slice cardinality: 2
<<< transer 0.000125495s
>>> slicer 
slice size: 1838
slice variable: <<<1,51>,s>,1>
<<< slicer 4.8119e-05s
>>> searcher 
<<< searcher 0.0842656s
>>> transer 
fud: 62
fud slice size: 1838
sized entropy label : 65.5648
sized conditional entropy: 56.1669
sized entropy decrease: 9.39788
entropy variable: <<<<f,9>,108>,s>,6>
fud slice cardinality: 2
<<< transer 0.00016476s
>>> slicer 
slice size: 143
slice variable: <<<1,46>,s>,1>
<<< slicer 5.0429e-05s
>>> searcher 
<<< searcher 0.0329047s
>>> transer 
fud: 63
fud slice size: 143
sized entropy label : 65.3509
sized conditional entropy: 59.7695
sized entropy decrease: 5.58142
entropy variable: <<<<f,6>,10>,s>,8>
fud slice cardinality: 2
<<< transer 0.00012665s
>>> slicer 
slice size: 99
slice variable: <<<1,44>,s>,1>
<<< slicer 4.6965e-05s
>>> searcher 
<<< searcher 0.0398889s
>>> transer 
fud: 64
fud slice size: 99
sized entropy label : 64.2797
sized conditional entropy: 58.0747
sized entropy decrease: 6.20503
entropy variable: <<<<f,10>,7>,s>,8>
fud slice cardinality: 2
<<< transer 0.00016938s
>>> slicer 
slice size: 214
slice variable: <<<1,58>,s>,1>
<<< slicer 4.658e-05s
>>> searcher 
<<< searcher 0.0337339s
>>> transer 
fud: 65
fud slice size: 214
sized entropy label : 64.0678
sized conditional entropy: 59.2807
sized entropy decrease: 4.7871
entropy variable: <<<<f,9>,21>,s>,1>
fud slice cardinality: 2
<<< transer 0.00016014s
>>> slicer 
slice size: 101
slice variable: <<<1,55>,s>,1>
<<< slicer 6.9677e-05s
>>> searcher 
<<< searcher 0.033188s
>>> transer 
fud: 66
fud slice size: 101
sized entropy label : 62.0367
sized conditional entropy: 57.0958
sized entropy decrease: 4.94097
entropy variable: <<<<f,10>,26>,s>,4>
fud slice cardinality: 2
<<< transer 0.000158601s
>>> slicer 
slice size: 93
slice variable: <<<1,22>,s>,2>
<<< slicer 5.8898e-05s
>>> searcher 
<<< searcher 0.0294832s
>>> transer 
fud: 67
fud slice size: 93
sized entropy label : 61.707
sized conditional entropy: 56.0534
sized entropy decrease: 5.65363
entropy variable: <<<<f,8>,1>,s>,9>
fud slice cardinality: 2
<<< transer 0.000164375s
>>> slicer 
slice size: 110
slice variable: <<<1,45>,s>,1>
<<< slicer 4.5039e-05s
>>> searcher 
<<< searcher 0.0294547s
>>> transer 
fud: 68
fud slice size: 110
sized entropy label : 59.9587
sized conditional entropy: 53.4864
sized entropy decrease: 6.47236
entropy variable: <<<<f,9>,11>,s>,8>
fud slice cardinality: 2
<<< transer 0.000162451s
>>> slicer 
slice size: 212
slice variable: <<<1,65>,s>,1>
<<< slicer 5.8898e-05s
>>> searcher 
<<< searcher 0.0405349s
>>> transer 
fud: 69
fud slice size: 212
sized entropy label : 59.2807
sized conditional entropy: 54.2958
sized entropy decrease: 4.98486
entropy variable: <<<<f,10>,72>,s>,1>
fud slice cardinality: 2
<<< transer 0.000141663s
>>> slicer 
slice size: 138
slice variable: <<<1,63>,s>,1>
<<< slicer 5.3894e-05s
>>> searcher 
<<< searcher 0.0363905s
>>> transer 
fud: 70
fud slice size: 138
sized entropy label : 58.1601
sized conditional entropy: 52.989
sized entropy decrease: 5.17104
entropy variable: <<<<f,8>,44>,s>,5>
fud slice cardinality: 2
<<< transer 0.00012511s
>>> slicer 
slice size: 891
slice variable: <<<1,61>,s>,1>
<<< slicer 4.6195e-05s
>>> searcher 
<<< searcher 0.0646407s
>>> transer 
fud: 71
fud slice size: 891
sized entropy label : 57.5558
sized conditional entropy: 51.0237
sized entropy decrease: 6.53215
entropy variable: <<<<f,1>,33>,s>,1>
fud slice cardinality: 2
<<< transer 0.000126649s
>>> slicer 
slice size: 210
slice variable: <<<1,69>,s>,1>
<<< slicer 4.8504e-05s
>>> searcher 
<<< searcher 0.0384053s
>>> transer 
fud: 72
fud slice size: 210
sized entropy label : 54.2958
sized conditional entropy: 49.087
sized entropy decrease: 5.2088
entropy variable: <<<<f,12>,105>,s>,1>
fud slice cardinality: 2
<<< transer 0.000125495s
>>> slicer 
slice size: 80
slice variable: <<<1,64>,s>,1>
<<< slicer 4.5809e-05s
>>> searcher 
<<< searcher 0.0362492s
>>> transer 
fud: 73
fud slice size: 80
sized entropy label : 52.933
sized conditional entropy: 47.0198
sized entropy decrease: 5.91323
entropy variable: <<<<f,12>,2>,s>,4>
fud slice cardinality: 2
<<< transer 0.000160911s
>>> slicer 
slice size: 132
slice variable: <<<1,70>,s>,1>
<<< slicer 6.5057e-05s
>>> searcher 
<<< searcher 0.0355705s
>>> transer 
fud: 74
fud slice size: 132
sized entropy label : 50.281
sized conditional entropy: 46.2466
sized entropy decrease: 4.03441
entropy variable: <<<<f,8>,120>,s>,3>
fud slice cardinality: 2
<<< transer 0.000124725s
>>> slicer 
slice size: 208
slice variable: <<<1,72>,s>,1>
<<< slicer 4.5424e-05s
>>> searcher 
<<< searcher 0.0386421s
>>> transer 
fud: 75
fud slice size: 208
sized entropy label : 49.087
sized conditional entropy: 44.1109
sized entropy decrease: 4.97616
entropy variable: <<<<f,5>,108>,s>,1>
fud slice cardinality: 2
<<< transer 0.000131654s
>>> slicer 
slice size: 484
slice variable: <<<1,56>,s>,1>
<<< slicer 4.6194e-05s
>>> searcher 
<<< searcher 0.0549221s
>>> transer 
fud: 76
fud slice size: 484
sized entropy label : 47.5984
sized conditional entropy: 39.8061
sized entropy decrease: 7.79232
entropy variable: <<<<f,6>,1>,s>,1>
fud slice cardinality: 2
<<< transer 0.000157831s
>>> slicer 
slice size: 98
slice variable: <<<1,68>,s>,1>
<<< slicer 4.889e-05s
>>> searcher 
<<< searcher 0.0311609s
>>> transer 
fud: 77
fud slice size: 98
sized entropy label : 47.2818
sized conditional entropy: 41.7472
sized entropy decrease: 5.53465
entropy variable: <<<<f,6>,1>,s>,9>
fud slice cardinality: 2
<<< transer 0.000128575s
>>> slicer 
slice size: 1798
slice variable: <<<1,62>,s>,1>
<<< slicer 4.6194e-05s
>>> searcher 
<<< searcher 0.0972405s
>>> transer 
fud: 78
fud slice size: 1798
sized entropy label : 46.9687
sized conditional entropy: 38.2916
sized entropy decrease: 8.67712
entropy variable: <<<<f,10>,66>,s>,7>
fud slice cardinality: 2
<<< transer 0.000168995s
>>> slicer 
slice size: 130
slice variable: <<<1,74>,s>,1>
<<< slicer 5.0814e-05s
>>> searcher 
<<< searcher 0.0313152s
>>> transer 
fud: 79
fud slice size: 130
sized entropy label : 46.2466
sized conditional entropy: 41.9999
sized entropy decrease: 4.24671
entropy variable: <<<<f,8>,14>,s>,1>
fud slice cardinality: 2
<<< transer 0.00016168s
>>> slicer 
slice size: 869
slice variable: <<<1,71>,s>,1>
<<< slicer 5.8513e-05s
>>> searcher 
<<< searcher 0.0533053s
>>> transer 
fud: 80
fud slice size: 869
sized entropy label : 45.5813
sized conditional entropy: 38.8066
sized entropy decrease: 6.77463
entropy variable: <<<<f,5>,34>,s>,7>
fud slice cardinality: 2
<<< transer 0.000166685s
>>> slicer 
slice size: 78
slice variable: <<<1,66>,s>,1>
<<< slicer 6.1592e-05s
>>> searcher 
<<< searcher 0.0328747s
>>> transer 
fud: 81
fud slice size: 78
sized entropy label : 43.1457
sized conditional entropy: 38.402
sized entropy decrease: 4.74368
entropy variable: <<<<f,10>,33>,s>,4>
fud slice cardinality: 2
<<< transer 0.000162836s
>>> slicer 
slice size: 200
slice variable: <<<1,29>,s>,2>
<<< slicer 4.6964e-05s
>>> searcher 
<<< searcher 0.0276281s
>>> transer 
fud: 82
fud slice size: 200
sized entropy label : 42.8971
sized conditional entropy: 33.5965
sized entropy decrease: 9.30064
entropy variable: <<<<f,5>,121>,s>,3>
fud slice cardinality: 2
<<< transer 0.000160141s
>>> slicer 
slice size: 65
slice variable: <<<1,73>,s>,1>
<<< slicer 5.8898e-05s
>>> searcher 
<<< searcher 0.0287129s
>>> transer 
fud: 83
fud slice size: 65
sized entropy label : 42.3659
sized conditional entropy: 36.3723
sized entropy decrease: 5.99352
entropy variable: <<<<f,12>,21>,s>,7>
fud slice cardinality: 2
<<< transer 0.000162836s
>>> slicer 
slice size: 128
slice variable: <<<1,79>,s>,1>
<<< slicer 4.4655e-05s
>>> searcher 
<<< searcher 0.0322768s
>>> transer 
fud: 84
fud slice size: 128
sized entropy label : 41.9999
sized conditional entropy: 37.5077
sized entropy decrease: 4.49221
entropy variable: <<<<f,6>,18>,s>,9>
fud slice cardinality: 2
<<< transer 0.000158986s
>>> slicer 
slice size: 201
slice variable: <<<1,75>,s>,1>
<<< slicer 4.6195e-05s
>>> searcher 
<<< searcher 0.0334248s
>>> transer 
fud: 85
fud slice size: 201
sized entropy label : 40.5555
sized conditional entropy: 36.3533
sized entropy decrease: 4.20218
entropy variable: <<<<f,3>,37>,s>,7>
fud slice cardinality: 2
<<< transer 0.000170535s
>>> slicer 
slice size: 62
slice variable: <<<1,67>,s>,1>
<<< slicer 4.7349e-05s
>>> searcher 
<<< searcher 0.0240111s
>>> transer 
fud: 86
fud slice size: 62
sized entropy label : 40.1725
sized conditional entropy: 35.1587
sized entropy decrease: 5.01376
entropy variable: <<<<f,4>,13>,s>,1>
fud slice cardinality: 2
<<< transer 0.000163605s
>>> slicer 
slice size: 62
slice variable: <<<1,59>,s>,1>
<<< slicer 4.5039e-05s
>>> searcher 
<<< searcher 0.026998s
>>> transer 
fud: 87
fud slice size: 62
sized entropy label : 39.8848
sized conditional entropy: 33.8374
sized entropy decrease: 6.04735
entropy variable: <<<<f,3>,12>,s>,1>
fud slice cardinality: 2
<<< transer 0.000140123s
>>> slicer 
slice size: 64
slice variable: <<<1,5>,s>,2>
<<< slicer 5.1198e-05s
>>> searcher 
<<< searcher 0.022519s
>>> transer 
fud: 88
fud slice size: 64
sized entropy label : 38.9251
sized conditional entropy: 31.2992
sized entropy decrease: 7.6259
entropy variable: <<<<f,7>,6>,s>,3>
fud slice cardinality: 2
<<< transer 0.000125495s
>>> slicer 
slice size: 126
slice variable: <<<1,84>,s>,1>
<<< slicer 4.5039e-05s
>>> searcher 
<<< searcher 0.032298s
>>> transer 
fud: 89
fud slice size: 126
sized entropy label : 37.5077
sized conditional entropy: 32.8308
sized entropy decrease: 4.67681
entropy variable: <<<<f,5>,8>,s>,8>
fud slice cardinality: 2
<<< transer 0.00012665s
>>> slicer 
slice size: 82
slice variable: <<<1,32>,s>,2>
<<< slicer 4.6965e-05s
>>> searcher 
<<< searcher 0.0243229s
>>> transer 
fud: 90
fud slice size: 82
sized entropy label : 36.4058
sized conditional entropy: 27.258
sized entropy decrease: 9.14783
entropy variable: <<<<f,10>,42>,s>,6>
fud slice cardinality: 2
<<< transer 0.000120875s
>>> slicer 
slice size: 88
slice variable: <<<1,77>,s>,1>
<<< slicer 4.504e-05s
>>> searcher 
<<< searcher 0.0264186s
>>> transer 
fud: 91
fud slice size: 88
sized entropy label : 36.4001
sized conditional entropy: 31.4434
sized entropy decrease: 4.95662
entropy variable: <<<<f,7>,4>,s>,1>
fud slice cardinality: 2
<<< transer 0.000167455s
>>> slicer 
slice size: 1790
slice variable: <<<1,78>,s>,1>
<<< slicer 4.6964e-05s
>>> searcher 
<<< searcher 0.082322s
>>> transer 
fud: 92
fud slice size: 1790
sized entropy label : 34.9594
sized conditional entropy: 26.7661
sized entropy decrease: 8.19328
entropy variable: <<<<f,5>,18>,s>,1>
fud slice cardinality: 2
<<< transer 0.000240211s
>>> slicer 
slice size: 197
slice variable: <<<1,85>,s>,1>
<<< slicer 5.1584e-05s
>>> searcher 
<<< searcher 0.0326356s
>>> transer 
fud: 93
fud slice size: 197
sized entropy label : 34.5616
sized conditional entropy: 28.9079
sized entropy decrease: 5.65367
entropy variable: <<<<f,9>,9>,s>,4>
fud slice cardinality: 2
<<< transer 0.000162451s
>>> slicer 
slice size: 69
slice variable: <<<1,81>,s>,1>
<<< slicer 6.1592e-05s
>>> searcher 
<<< searcher 0.0361472s
>>> transer 
fud: 94
fud slice size: 69
sized entropy label : 33.9712
sized conditional entropy: 30.6342
sized entropy decrease: 3.33695
entropy variable: <<<<f,12>,13>,s>,4>
fud slice cardinality: 2
<<< transer 0.000163221s
>>> slicer 
slice size: 857
slice variable: <<<1,80>,s>,1>
<<< slicer 4.6579e-05s
>>> searcher 
<<< searcher 0.0545614s
>>> transer 
fud: 95
fud slice size: 857
sized entropy label : 33.9238
sized conditional entropy: 27.9618
sized entropy decrease: 5.962
entropy variable: <<<<f,5>,83>,s>,6>
fud slice cardinality: 2
<<< transer 0.00012665s
>>> slicer 
slice size: 52
slice variable: <<<1,87>,s>,1>
<<< slicer 4.9274e-05s
>>> searcher 
<<< searcher 0.025678s
>>> transer 
fud: 96
fud slice size: 52
sized entropy label : 33.8374
sized conditional entropy: 29.2224
sized entropy decrease: 4.61504
entropy variable: <<<<f,6>,1>,s>,1>
fud slice cardinality: 2
<<< transer 0.000162066s
>>> slicer 
slice size: 197
slice variable: <<<1,82>,s>,1>
<<< slicer 4.7349e-05s
>>> searcher 
<<< searcher 0.028127s
>>> transer 
fud: 97
fud slice size: 197
sized entropy label : 33.5965
sized conditional entropy: 26.7728
sized entropy decrease: 6.82365
entropy variable: <<<<f,11>,3>,s>,7>
fud slice cardinality: 2
<<< transer 0.00012665s
>>> slicer 
slice size: 58
slice variable: <<<1,57>,s>,1>
<<< slicer 4.581e-05s
>>> searcher 
<<< searcher 0.0253126s
>>> transer 
fud: 98
fud slice size: 58
sized entropy label : 32.917
sized conditional entropy: 22.8747
sized entropy decrease: 10.0423
entropy variable: <<<<f,4>,1>,s>,1>
fud slice cardinality: 2
<<< transer 0.000166685s
>>> slicer 
slice size: 40
slice variable: <<<1,60>,s>,1>
<<< slicer 4.6964e-05s
>>> searcher 
<<< searcher 0.0204122s
>>> transer 
fud: 99
fud slice size: 40
sized entropy label : 31.192
sized conditional entropy: 24.2168
sized entropy decrease: 6.97521
entropy variable: <<<<f,9>,4>,s>,1>
fud slice cardinality: 2
<<< transer 0.000154751s
>>> slicer 
slice size: 48
slice variable: <<<1,57>,s>,2>
<<< slicer 5.8128e-05s
>>> searcher 
<<< searcher 0.0255998s
>>> transer 
fud: 100
fud slice size: 48
sized entropy label : 30.7362
sized conditional entropy: 26.2992
sized entropy decrease: 4.43702
entropy variable: <<<<f,4>,2>,s>,7>
fud slice cardinality: 2
<<< transer 0.000125495s
>>> slicer 
slice size: 49
slice variable: <<<1,86>,s>,1>
<<< slicer 5.2739e-05s
>>> searcher 
<<< searcher 0.0255417s
>>> transer 
fud: 101
fud slice size: 49
sized entropy label : 29.5027
sized conditional entropy: 26.171
sized entropy decrease: 3.33176
entropy variable: <<<<f,9>,115>,s>,8>
fud slice cardinality: 2
<<< transer 0.00016399s
>>> slicer 
slice size: 55
slice variable: <<<1,88>,s>,1>
<<< slicer 4.6195e-05s
>>> searcher 
<<< searcher 0.023205s
>>> transer 
fud: 102
fud slice size: 55
sized entropy label : 29.102
sized conditional entropy: 23.8106
sized entropy decrease: 5.29142
entropy variable: <<<<f,2>,2>,s>,4>
fud slice cardinality: 2
<<< transer 0.000152827s
>>> slicer 
slice size: 107
slice variable: <<<1,93>,s>,2>
<<< slicer 4.5039e-05s
>>> searcher 
<<< searcher 0.0265865s
>>> transer 
fud: 103
fud slice size: 107
sized entropy label : 28.9079
sized conditional entropy: 23.9559
sized entropy decrease: 4.95199
entropy variable: <<<<f,12>,37>,s>,7>
fud slice cardinality: 2
<<< transer 0.000125495s
>>> slicer 
slice size: 137
slice variable: <<<1,76>,s>,2>
<<< slicer 5.3509e-05s
>>> searcher 
<<< searcher 0.0307289s
>>> transer 
fud: 104
fud slice size: 137
sized entropy label : 28.8035
sized conditional entropy: 23.0274
sized entropy decrease: 5.77603
entropy variable: <<<<f,12>,4>,s>,1>
fud slice cardinality: 2
<<< transer 0.000127805s
>>> slicer 
slice size: 32
slice variable: <<<1,60>,s>,2>
<<< slicer 4.6965e-05s
>>> searcher 
<<< searcher 0.0193077s
>>> transer 
fud: 105
fud slice size: 32
sized entropy label : 28.5963
sized conditional entropy: 21.9737
sized entropy decrease: 6.62259
entropy variable: <<<<f,10>,1>,s>,5>
fud slice cardinality: 2
<<< transer 0.00016322s
>>> slicer 
slice size: 56
slice variable: <<<1,24>,s>,2>
<<< slicer 4.4654e-05s
>>> searcher 
<<< searcher 0.0259728s
>>> transer 
fud: 106
fud slice size: 56
sized entropy label : 28.1245
sized conditional entropy: 21.7012
sized entropy decrease: 6.42325
entropy variable: <<<<f,3>,6>,s>,3>
fud slice cardinality: 2
<<< transer 0.000158986s
>>> slicer 
slice size: 195
slice variable: <<<1,97>,s>,1>
<<< slicer 4.6579e-05s
>>> searcher 
<<< searcher 0.0304741s
>>> transer 
fud: 107
fud slice size: 195
sized entropy label : 26.7728
sized conditional entropy: 19.0094
sized entropy decrease: 7.76343
entropy variable: <<<<f,11>,39>,s>,1>
fud slice cardinality: 2
<<< transer 0.000127035s
>>> slicer 
slice size: 49
slice variable: <<<1,30>,s>,2>
<<< slicer 4.6965e-05s
>>> searcher 
<<< searcher 0.023958s
>>> transer 
fud: 108
fud slice size: 49
sized entropy label : 26.2939
sized conditional entropy: 21.631
sized entropy decrease: 4.66291
entropy variable: <<<<f,1>,21>,s>,1>
fud slice cardinality: 2
<<< transer 0.00012511s
>>> slicer 
slice size: 45
slice variable: <<<1,94>,s>,1>
<<< slicer 4.5809e-05s
>>> searcher 
<<< searcher 0.0314407s
>>> transer 
fud: 109
fud slice size: 45
sized entropy label : 25.0138
sized conditional entropy: 21.5609
sized entropy decrease: 3.45296
entropy variable: <<<<f,7>,5>,s>,8>
fud slice cardinality: 2
<<< transer 0.000128189s
>>> slicer 
slice size: 76
slice variable: <<<1,90>,s>,1>
<<< slicer 4.6194e-05s
>>> searcher 
<<< searcher 0.023901s
>>> transer 
fud: 110
fud slice size: 76
sized entropy label : 24.5499
sized conditional entropy: 18.2007
sized entropy decrease: 6.34926
entropy variable: <<<<f,8>,1>,s>,1>
fud slice cardinality: 2
<<< transer 0.000152826s
>>> slicer 
slice size: 42
slice variable: <<<1,83>,s>,1>
<<< slicer 4.6194e-05s
>>> searcher 
<<< searcher 0.0299633s
>>> transer 
fud: 111
fud slice size: 42
sized entropy label : 23.9627
sized conditional entropy: 18.0717
sized entropy decrease: 5.89098
entropy variable: <<<<f,10>,2>,s>,7>
fud slice cardinality: 2
<<< transer 0.000147822s
>>> slicer 
slice size: 845
slice variable: <<<1,95>,s>,1>
<<< slicer 4.6965e-05s
>>> searcher 
<<< searcher 0.0548528s
>>> transer 
fud: 112
fud slice size: 845
sized entropy label : 23.7722
sized conditional entropy: 18.4191
sized entropy decrease: 5.35304
entropy variable: <<<<f,1>,43>,s>,8>
fud slice cardinality: 2
<<< transer 0.000161296s
>>> slicer 
slice size: 74
slice variable: <<<1,91>,s>,1>
<<< slicer 6.1978e-05s
>>> searcher 
<<< searcher 0.0232878s
>>> transer 
fud: 113
fud slice size: 74
sized entropy label : 23.4361
sized conditional entropy: 18.8669
sized entropy decrease: 4.56917
entropy variable: <<<<f,7>,72>,s>,1>
fud slice cardinality: 2
<<< transer 0.000172075s
>>> slicer 
slice size: 42
slice variable: <<<1,101>,s>,1>
<<< slicer 4.5424e-05s
>>> searcher 
<<< searcher 0.0252576s
>>> transer 
fud: 114
fud slice size: 42
sized entropy label : 23.1264
sized conditional entropy: 19.371
sized entropy decrease: 3.75541
entropy variable: <<<<f,8>,2>,s>,4>
fud slice cardinality: 2
<<< transer 0.000164375s
>>> slicer 
slice size: 36
slice variable: <<<1,98>,s>,1>
<<< slicer 4.6579e-05s
>>> searcher 
<<< searcher 0.0221799s
>>> transer 
fud: 115
fud slice size: 36
sized entropy label : 22.8747
sized conditional entropy: 17.816
sized entropy decrease: 5.05869
entropy variable: <<<<f,8>,15>,s>,4>
fud slice cardinality: 2
<<< transer 0.000178619s
>>> slicer 
slice size: 134
slice variable: <<<1,104>,s>,1>
<<< slicer 4.504e-05s
>>> searcher 
<<< searcher 0.0269995s
>>> transer 
fud: 116
fud slice size: 134
sized entropy label : 21.9288
sized conditional entropy: 16.5474
sized entropy decrease: 5.38141
entropy variable: <<<<f,1>,21>,s>,7>
fud slice cardinality: 2
<<< transer 0.00012588s
>>> slicer 
slice size: 36
slice variable: <<<1,109>,s>,1>
<<< slicer 4.8119e-05s
>>> searcher 
<<< searcher 0.0254786s
>>> transer 
fud: 117
fud slice size: 36
sized entropy label : 21.5609
sized conditional entropy: 18.3168
sized entropy decrease: 3.24404
entropy variable: <<<<f,10>,17>,s>,5>
fud slice cardinality: 2
<<< transer 0.000161296s
>>> slicer 
slice size: 59
slice variable: <<<1,26>,s>,2>
<<< slicer 4.6579e-05s
>>> searcher 
<<< searcher 0.0216128s
>>> transer 
fud: 118
fud slice size: 59
sized entropy label : 21.5196
sized conditional entropy: 14.2737
sized entropy decrease: 7.2459
entropy variable: <<<<f,2>,2>,s>,7>
fud slice cardinality: 2
<<< transer 0.000158601s
>>> slicer 
slice size: 42
slice variable: <<<1,8>,s>,2>
<<< slicer 5.8898e-05s
>>> searcher 
<<< searcher 0.0225086s
>>> transer 
fud: 119
fud slice size: 42
sized entropy label : 21.1095
sized conditional entropy: 12.9852
sized entropy decrease: 8.12435
entropy variable: <<<<f,6>,3>,s>,7>
fud slice cardinality: 2
<<< transer 0.000160141s
>>> slicer 
slice size: 102
slice variable: <<<1,89>,s>,1>
<<< slicer 5.7743e-05s
>>> searcher 
<<< searcher 0.0298755s
>>> transer 
fud: 120
fud slice size: 102
sized entropy label : 21.0208
sized conditional entropy: 16.6113
sized entropy decrease: 4.40947
entropy variable: <<<<f,10>,6>,s>,1>
fud slice cardinality: 2
<<< transer 0.000129345s
>>> slicer 
slice size: 101
slice variable: <<<1,103>,s>,1>
<<< slicer 4.8119e-05s
>>> searcher 
<<< searcher 0.0245354s
>>> transer 
fud: 121
fud slice size: 101
sized entropy label : 20.9602
sized conditional entropy: 17.4005
sized entropy decrease: 3.5597
entropy variable: <<<<f,12>,17>,s>,7>
fud slice cardinality: 2
<<< transer 0.000151287s
>>> slicer 
slice size: 1759
slice variable: <<<1,92>,s>,1>
<<< slicer 4.7349e-05s
>>> searcher 
<<< searcher 0.0846109s
>>> transer 
fud: 122
fud slice size: 1759
sized entropy label : 20.624
sized conditional entropy: 14.2501
sized entropy decrease: 6.37389
entropy variable: <<<<f,1>,7>,s>,5>
fud slice cardinality: 2
<<< transer 0.00012896s
>>> slicer 
slice size: 53
slice variable: <<<1,106>,s>,1>
<<< slicer 5.1199e-05s
>>> searcher 
<<< searcher 0.0224709s
>>> transer 
fud: 123
fud slice size: 53
sized entropy label : 20.6026
sized conditional entropy: 14.5663
sized entropy decrease: 6.03625
entropy variable: <<<<f,8>,19>,s>,8>
fud slice cardinality: 2
<<< transer 0.000157831s
>>> slicer 
slice size: 34
slice variable: <<<1,99>,s>,1>
<<< slicer 5.8128e-05s
>>> searcher 
<<< searcher 0.019302s
>>> transer 
fud: 124
fud slice size: 34
sized entropy label : 20.1224
sized conditional entropy: 15.4642
sized entropy decrease: 4.6582
entropy variable: <<<<f,12>,4>,s>,5>
fud slice cardinality: 2
<<< transer 0.000156291s
>>> slicer 
slice size: 32
slice variable: <<<1,100>,s>,1>
<<< slicer 4.5425e-05s
>>> searcher 
<<< searcher 0.0225544s
>>> transer 
fud: 125
fud slice size: 32
sized entropy label : 19.9713
sized conditional entropy: 15.0267
sized entropy decrease: 4.94456
entropy variable: <<<<f,6>,102>,s>,3>
fud slice cardinality: 2
<<< transer 0.000165146s
>>> slicer 
slice size: 41
slice variable: <<<1,59>,s>,2>
<<< slicer 4.5039e-05s
>>> searcher 
<<< searcher 0.0195953s
>>> transer 
fud: 126
fud slice size: 41
sized entropy label : 19.6744
sized conditional entropy: 14.5299
sized entropy decrease: 5.14451
entropy variable: <<<<f,2>,12>,s>,4>
fud slice cardinality: 2
<<< transer 0.000175923s
>>> slicer 
slice size: 46
slice variable: <<<1,102>,s>,1>
<<< slicer 5.8513e-05s
>>> searcher 
<<< searcher 0.0206278s
>>> transer 
fud: 127
fud slice size: 46
sized entropy label : 19.3798
sized conditional entropy: 13.8939
sized entropy decrease: 5.48584
entropy variable: <<<<f,2>,1>,s>,1>
fud slice cardinality: 2
<<< transer 0.000159371s
<<< applicationer 5.83078s


